<?xml version="1.0" encoding="UTF-8" ?>
<testsuite errors="0" failures="0" hostname="MacBook-Pro-di-Marco.local" name="Test.AllTestsOK" skipped="0" tests="63" time="10.546" timestamp="2014-06-19T13:21:47">
  <properties>
    <property name="libs.swing-layout.javadoc" value="/Applications/NetBeans/NetBeans 8.0.app/Contents/Resources/NetBeans/platform/docs/swing-layout-1.0.4-doc.zip" />
    <property name="file.reference.imq.jar" value="lib/imq.jar" />
    <property name="os.name" value="Mac OS X" />
    <property name="j2ee.appclient.tool.jvmoptions" value="-Djava.endorsed.dirs=&quot;/Applications/NetBeans/glassfish-4.0/glassfish/lib/endorsed&quot;:&quot;/Applications/NetBeans/glassfish-4.0/glassfish/modules/endorsed&quot; -javaagent:&quot;/Applications/NetBeans/glassfish-4.0/glassfish/lib/gf-client.jar&quot;=mode=acscript,arg=-configxml,arg=&quot;/Applications/NetBeans/glassfish-4.0/glassfish/domains/domain1/config/glassfish-acc.xml&quot;,client=jar=" />
    <property name="file.reference.cluster-common.jar" value="lib/lib_10/cluster-common.jar" />
    <property name="file.reference.deployment-javaee-full.jar" value="lib/lib_10/deployment-javaee-full.jar" />
    <property name="file.reference.admin-util.jar" value="lib/lib_10/admin-util.jar" />
    <property name="socksNonProxyHosts" value="local|*.local|169.254/16|*.169.254/16" />
    <property name="file.reference.ejb-container.jar" value="lib/lib_10/ejb-container.jar" />
    <property name="sun.os.patch.level" value="unknown" />
    <property name="libs.absolutelayout.maven-pom" value="" />
    <property name="file.reference.commons-lang-2.6.jar" value="lib/commons-lang-2.6.jar" />
    <property name="javac.processorpath" value="../ServerMDBRemoteInterface/dist/ServerMDBRemoteInterface.jar:/Applications/NetBeans/NetBeans 8.0.app/Contents/Resources/NetBeans/java/modules/ext/eclipselink/javax.persistence_2.1.0.v201304241213.jar:/Applications/NetBeans/NetBeans 8.0.app/Contents/Resources/NetBeans/java/modules/ext/eclipselink/eclipselink.jar:/Applications/NetBeans/NetBeans 8.0.app/Contents/Resources/NetBeans/java/modules/ext/eclipselink/javax.persistence_2.1.0.v201304241213.jar:/Applications/NetBeans/NetBeans 8.0.app/Contents/Resources/NetBeans/java/modules/ext/eclipselink/org.eclipse.persistence.jpa.jpql_2.5.1.v20130918-f2b9fc5.jar:/Applications/NetBeans/glassfish-4.0/javadb/lib/derby.jar:/Applications/NetBeans/glassfish-4.0/javadb/lib/derbyclient.jar:/Applications/NetBeans/glassfish-4.0/javadb/lib/derbynet.jar:lib/commons-beanutils-1.8.3.jar:lib/commons-collections-3.2.1.jar:lib/commons-lang-2.6.jar:lib/commons-logging-1.1.3.jar:lib/core-3.0.1.jar:lib/ezmorph-1.0.6.jar:lib/javase-3.0.1.jar:lib/json-lib-2.4-jdk15.jar:lib/log4j-1.2.17.jar:lib/log4j-over-slf4j-1.7.7.jar:lib/slf4j-api-1.7.7.jar:lib/slf4j-jdk14-1.7.7.jar:lib/slf4j-log4j12-1.7.7.jar:lib/slf4j-simple-1.7.7.jar:lib/webcam-capture-0.3.10-RC6.jar:/Applications/NetBeans/NetBeans 8.0.app/Contents/Resources/NetBeans/platform/modules/ext/junit-4.10.jar:lib/appserv-admin.jar:lib/appserv-rt.jar:lib/imq.jar:lib/javaee.jar:lib/gf-client.jar:lib/glassfish-embedded-static-shell.jar:/Applications/NetBeans/NetBeans 8.0.app/Contents/Resources/NetBeans/enterprise/modules/ext/javaee-api-7.0.jar:lib/bridj-0.7-20131007.003529-54.jar:lib/junit-4.11.jar:lib/commons-io-2.4.jar:/Applications/NetBeans/NetBeans 8.0.app/Contents/Resources/NetBeans/java/modules/ext/eclipselink/org.eclipse.persistence.jpa.modelgen_2.5.1.v20130918-f2b9fc5.jar" />
    <property name="file.reference.flashlight-extra-jdk-packages.jar" value="lib/lib_10/flashlight-extra-jdk-packages.jar" />
    <property name="libs.jsp-compilation.src" value="" />
    <property name="libs.jsf12.javadoc" value="/Applications/NetBeans/NetBeans 8.0.app/Contents/Resources/NetBeans/enterprise/docs/javaee-doc-api.jar" />
    <property name="libs.javaee-endorsed-api-6.0.classpath" value="/Applications/NetBeans/NetBeans 8.0.app/Contents/Resources/NetBeans/enterprise/modules/ext/javaee6-endorsed/javax.annotation.jar:/Applications/NetBeans/NetBeans 8.0.app/Contents/Resources/NetBeans/enterprise/modules/ext/javaee6-endorsed/jaxb-api-osgi.jar:/Applications/NetBeans/NetBeans 8.0.app/Contents/Resources/NetBeans/enterprise/modules/ext/javaee6-endorsed/webservices-api-osgi.jar" />
    <property name="file.reference.simple-glassfish-api.jar" value="lib/lib_10/simple-glassfish-api.jar" />
    <property name="file.reference.jpa-container.jar" value="lib/lib_10/jpa-container.jar" />
    <property name="file.reference.deployment-javaee-core.jar" value="lib/lib_10/deployment-javaee-core.jar" />
    <property name="build.dir" value="build" />
    <property name="file.reference.tyrus-websocket-core.jar" value="lib/lib_10/tyrus-websocket-core.jar" />
    <property name="default.javac.target" value="1.7" />
    <property name="nb.show.statistics.ui" value="usageStatisticsEnabled" />
    <property name="netbeans.autoupdate.version" value="1.23" />
    <property name="libs.absolutelayout.src" value="" />
    <property name="file.reference.shoal-gms-impl.jar" value="lib/lib_10/shoal-gms-impl.jar" />
    <property name="javadoc.windowtitle" value="" />
    <property name="file.reference.jts.jar" value="lib/lib_10/jts.jar" />
    <property name="file.reference.jersey-container-servlet.jar" value="lib/lib_10/jersey-container-servlet.jar" />
    <property name="libs.spring-webmvc3.0.maven-pom" value="" />
    <property name="j2ee.appclient.tool.jvmoptions.class" value="-Djava.endorsed.dirs=&quot;/Applications/NetBeans/glassfish-4.0/glassfish/lib/endorsed&quot;:&quot;/Applications/NetBeans/glassfish-4.0/glassfish/modules/endorsed&quot; -javaagent:&quot;/Applications/NetBeans/glassfish-4.0/glassfish/lib/gf-client.jar&quot;=mode=acscript,arg=-configxml,arg=&quot;/Applications/NetBeans/glassfish-4.0/glassfish/domains/domain1/config/glassfish-acc.xml&quot;,client=class=" />
    <property name="file.reference.glassfish-registration.jar" value="lib/lib_10/glassfish-registration.jar" />
    <property name="sun.awt.enableExtraMouseButtons" value="true" />
    <property name="libs.javaee-endorsed-api-7.0.classpath" value="/Applications/NetBeans/NetBeans 8.0.app/Contents/Resources/NetBeans/enterprise/modules/ext/javaee7-endorsed/javax.annotation-api.jar:/Applications/NetBeans/NetBeans 8.0.app/Contents/Resources/NetBeans/enterprise/modules/ext/javaee7-endorsed/javax.xml.soap-api.jar:/Applications/NetBeans/NetBeans 8.0.app/Contents/Resources/NetBeans/enterprise/modules/ext/javaee7-endorsed/jaxb-api-osgi.jar:/Applications/NetBeans/NetBeans 8.0.app/Contents/Resources/NetBeans/enterprise/modules/ext/javaee7-endorsed/jaxws-api.jar:/Applications/NetBeans/NetBeans 8.0.app/Contents/Resources/NetBeans/enterprise/modules/ext/javaee7-endorsed/jsr181-api.jar" />
    <property name="libs.JAVADB_DRIVER_LABEL.src" value="" />
    <property name="file.reference.jdbc-runtime.jar" value="lib/lib_10/jdbc-runtime.jar" />
    <property name="libs.testng.javadoc" value="/Applications/NetBeans/NetBeans 8.0.app/Contents/Resources/NetBeans/platform/docs/testng-6.8.1-javadoc.zip" />
    <property name="jar.compress" value="false" />
    <property name="ant.home" value="/Applications/NetBeans/NetBeans 8.0.app/Contents/Resources/NetBeans/extide/ant" />
    <property name="file.reference.glassfish-ee-api.jar" value="lib/lib_10/glassfish-ee-api.jar" />
    <property name="libs.javaee-web-api-7.0.src" value="" />
    <property name="file.reference.org.apache.felix.gogo.runtime.jar" value="lib/lib_10/org.apache.felix.gogo.runtime.jar" />
    <property name="file.reference.annotation-framework.jar" value="lib/lib_10/annotation-framework.jar" />
    <property name="libs.spring-webmvc4.0.maven-pom" value="" />
    <property name="libs.PostgreSQLDriver.maven-pom" value="" />
    <property name="ap.supported.internal" value="true" />
    <property name="file.reference.javax.xml.registry-api.jar" value="lib/lib_10/javax.xml.registry-api.jar" />
    <property name="ant.file.type.AppClientMDB" value="file" />
    <property name="libs.jsp-compilation-syscp.javadoc" value="" />
    <property name="file.reference.gmbal.jar" value="lib/lib_10/gmbal.jar" />
    <property name="libs.metro.classpath" value="/Applications/NetBeans/NetBeans 8.0.app/Contents/Resources/NetBeans/ide/modules/ext/jaxb/activation.jar:/Applications/NetBeans/NetBeans 8.0.app/Contents/Resources/NetBeans/enterprise/modules/ext/metro/webservices-api.jar:/Applications/NetBeans/NetBeans 8.0.app/Contents/Resources/NetBeans/enterprise/modules/ext/metro/webservices-extra-api.jar:/Applications/NetBeans/NetBeans 8.0.app/Contents/Resources/NetBeans/enterprise/modules/ext/metro/webservices-extra.jar:/Applications/NetBeans/NetBeans 8.0.app/Contents/Resources/NetBeans/enterprise/modules/ext/metro/webservices-rt.jar:/Applications/NetBeans/NetBeans 8.0.app/Contents/Resources/NetBeans/enterprise/modules/ext/metro/webservices-tools.jar" />
    <property name="sun.cpu.isalist" value="" />
    <property name="file.reference.javax.websocket-api.jar" value="lib/lib_10/javax.websocket-api.jar" />
    <property name="file.reference.registration-impl.jar" value="lib/lib_10/registration-impl.jar" />
    <property name="javadoc.use" value="true" />
    <property name="file.reference.javax.xml.rpc-api.jar" value="lib/lib_10/javax.xml.rpc-api.jar" />
    <property name="libs.restlib.classpath" value="/Applications/NetBeans/NetBeans 8.0.app/Contents/Resources/NetBeans/enterprise/modules/ext/jersey2/ext/asm-all-repackaged-2.1.88.jar:/Applications/NetBeans/NetBeans 8.0.app/Contents/Resources/NetBeans/enterprise/modules/ext/jersey2/ext/cglib-2.1.88.jar:/Applications/NetBeans/NetBeans 8.0.app/Contents/Resources/NetBeans/enterprise/modules/ext/jersey2/ext/guava-14.0.1.jar:/Applications/NetBeans/NetBeans 8.0.app/Contents/Resources/NetBeans/enterprise/modules/ext/jersey2/ext/hk2-api-2.1.88.jar:/Applications/NetBeans/NetBeans 8.0.app/Contents/Resources/NetBeans/enterprise/modules/ext/jersey2/ext/hk2-locator-2.1.88.jar:/Applications/NetBeans/NetBeans 8.0.app/Contents/Resources/NetBeans/enterprise/modules/ext/jersey2/ext/hk2-utils-2.1.88.jar:/Applications/NetBeans/NetBeans 8.0.app/Contents/Resources/NetBeans/enterprise/modules/ext/jersey2/ext/javax.annotation-api-1.2.jar:/Applications/NetBeans/NetBeans 8.0.app/Contents/Resources/NetBeans/enterprise/modules/ext/jersey2/ext/javax.inject-2.1.88.jar:/Applications/NetBeans/NetBeans 8.0.app/Contents/Resources/NetBeans/enterprise/modules/ext/jersey2/ext/javax.servlet-api-3.1.0.jar:/Applications/NetBeans/NetBeans 8.0.app/Contents/Resources/NetBeans/enterprise/modules/ext/jersey2/ext/jaxb-api-2.2.7.jar:/Applications/NetBeans/NetBeans 8.0.app/Contents/Resources/NetBeans/enterprise/modules/ext/jersey2/ext/org.osgi.core-4.2.0.jar:/Applications/NetBeans/NetBeans 8.0.app/Contents/Resources/NetBeans/enterprise/modules/ext/jersey2/ext/osgi-resource-locator-1.0.1.jar:/Applications/NetBeans/NetBeans 8.0.app/Contents/Resources/NetBeans/enterprise/modules/ext/jersey2/ext/persistence-api-1.0.jar:/Applications/NetBeans/NetBeans 8.0.app/Contents/Resources/NetBeans/enterprise/modules/ext/jersey2/ext/validation-api-1.1.0.jar:/Applications/NetBeans/NetBeans 8.0.app/Contents/Resources/NetBeans/enterprise/modules/ext/jersey2/jersey-client.jar:/Applications/NetBeans/NetBeans 8.0.app/Contents/Resources/NetBeans/enterprise/modules/ext/jersey2/jersey-common.jar:/Applications/NetBeans/NetBeans 8.0.app/Contents/Resources/NetBeans/enterprise/modules/ext/jersey2/jersey-container-servlet.jar:/Applications/NetBeans/NetBeans 8.0.app/Contents/Resources/NetBeans/enterprise/modules/ext/jersey2/jersey-container-servlet-core.jar:/Applications/NetBeans/NetBeans 8.0.app/Contents/Resources/NetBeans/enterprise/modules/ext/jersey2/jersey-server.jar:/Applications/NetBeans/NetBeans 8.0.app/Contents/Resources/NetBeans/enterprise/modules/ext/jersey2/extensions/jackson-core-asl-1.9.11.jar:/Applications/NetBeans/NetBeans 8.0.app/Contents/Resources/NetBeans/enterprise/modules/ext/jersey2/extensions/jackson-jaxrs-1.9.11.jar:/Applications/NetBeans/NetBeans 8.0.app/Contents/Resources/NetBeans/enterprise/modules/ext/jersey2/extensions/jackson-mapper-asl-1.9.11.jar:/Applications/NetBeans/NetBeans 8.0.app/Contents/Resources/NetBeans/enterprise/modules/ext/jersey2/extensions/jackson-xc-1.9.11.jar:/Applications/NetBeans/NetBeans 8.0.app/Contents/Resources/NetBeans/enterprise/modules/ext/jersey2/extensions/jersey-media-json-jackson-2.0.jar:/Applications/NetBeans/NetBeans 8.0.app/Contents/Resources/NetBeans/enterprise/modules/ext/jersey2/extensions/jersey-media-json-jettison-2.0.jar:/Applications/NetBeans/NetBeans 8.0.app/Contents/Resources/NetBeans/enterprise/modules/ext/jersey2/extensions/jettison-1.3.3.jar" />
    <property name="file.reference.console-concurrent-plugin.jar" value="lib/lib_10/console-concurrent-plugin.jar" />
    <property name="libs.junit_4.src" value="/Applications/NetBeans/NetBeans 8.0.app/Contents/Resources/NetBeans/java/docs/junit-4.10-sources.jar" />
    <property name="j2ee.server.instance" value="[/Applications/NetBeans/glassfish-4.0/glassfish:/Applications/NetBeans/glassfish-4.0/glassfish/domains/domain1]deployer:gfv3ee6wc:localhost:4848" />
    <property name="file.reference.javax.servlet.jsp.jstl.jar" value="lib/lib_10/javax.servlet.jsp.jstl.jar" />
    <property name="file.reference.javax.transaction-api.jar" value="lib/lib_10/javax.transaction-api.jar" />
    <property name="dist.ear.jar" value="dist/AppClientMDB.jar" />
    <property name="file.reference.org.apache.felix.gogo.shell.jar" value="lib/lib_10/org.apache.felix.gogo.shell.jar" />
    <property name="file.reference.slf4j-jdk14-1.7.7.jar" value="lib/slf4j-jdk14-1.7.7.jar" />
    <property name="file.reference.weld-integration-fragment.jar" value="lib/lib_10/weld-integration-fragment.jar" />
    <property name="file.reference.javax.inject.jar" value="lib/lib_10/javax.inject.jar" />
    <property name="file.reference.org.apache.felix.scr.jar" value="lib/lib_10/org.apache.felix.scr.jar" />
    <property name="file.reference.amx-javaee.jar" value="lib/lib_10/amx-javaee.jar" />
    <property name="libs.javac-api.maven-pom" value="" />
    <property name="file.reference.web-cli.jar" value="lib/lib_10/web-cli.jar" />
    <property name="jna.boot.library.name" value="jnidispatch-340" />
    <property name="file.reference.soap-tcp.jar" value="lib/lib_10/soap-tcp.jar" />
    <property name="libs.jsp-compilation.classpath" value="/Applications/NetBeans/NetBeans 8.0.app/Contents/Resources/NetBeans/extide/ant/lib/ant.jar:/Applications/NetBeans/NetBeans 8.0.app/Contents/Resources/NetBeans/enterprise/modules/ext/servlet3.1-jsp2.3-api.jar:/Applications/NetBeans/NetBeans 8.0.app/Contents/Resources/NetBeans/enterprise/modules/ext/glassfish-jspparser-4.0.jar:/Applications/NetBeans/NetBeans 8.0.app/Contents/Resources/NetBeans/enterprise/modules/ext/jsf-2_2/javax.faces.jar:/Applications/NetBeans/NetBeans 8.0.app/Contents/Resources/NetBeans/enterprise/modules/ext/jstl-api.jar:/Applications/NetBeans/NetBeans 8.0.app/Contents/Resources/NetBeans/extide/ant/lib/ant-launcher.jar" />
    <property name="file.reference.jsr109-impl.jar" value="lib/lib_10/jsr109-impl.jar" />
    <property name="file.reference.org.apache.felix.bundlerepository.jar" value="lib/lib_10/org.apache.felix.bundlerepository.jar" />
    <property name="file.reference.console-cluster-plugin.jar" value="lib/lib_10/console-cluster-plugin.jar" />
    <property name="org.openide.awt.ActionReference.completion" value="org.netbeans.modules.apisupport.project.layers.PathCompletions" />
    <property name="debug-args-line" value="-Xdebug" />
    <property name="sun.java2d.noddraw" value="true" />
    <property name="testng.mode" value="testng" />
    <property name="file.reference.glassfish-corba-orb.jar" value="lib/lib_10/glassfish-corba-orb.jar" />
    <property name="file.reference.libpam4j-repackaged.jar" value="lib/lib_10/libpam4j-repackaged.jar" />
    <property name="libs.struts.maven-pom" value="" />
    <property name="file.reference.javax.json.jar" value="lib/lib_10/javax.json.jar" />
    <property name="j2ee.appclient.mainclass.args" value="${j2ee.appclient.tool.args}" />
    <property name="file.reference.glassfish-mbeanserver.jar" value="lib/lib_10/glassfish-mbeanserver.jar" />
    <property name="file.reference.tyrus-container-grizzly.jar" value="lib/lib_10/tyrus-container-grizzly.jar" />
    <property name="endorsed.classpath.cmd.line.arg" value="-Xbootclasspath/p:&apos;/Applications/NetBeans/NetBeans 8.0.app/Contents/Resources/NetBeans/enterprise/modules/ext/javaee6-endorsed/javax.annotation.jar:/Applications/NetBeans/NetBeans 8.0.app/Contents/Resources/NetBeans/enterprise/modules/ext/javaee6-endorsed/jaxb-api-osgi.jar:/Applications/NetBeans/NetBeans 8.0.app/Contents/Resources/NetBeans/enterprise/modules/ext/javaee6-endorsed/webservices-api-osgi.jar&apos;" />
    <property name="file.reference.load-balancer-admin.jar" value="lib/lib_10/load-balancer-admin.jar" />
    <property name="ap.processors.internal" value="" />
    <property name="libs.spring-framework300.maven-pom" value="" />
    <property name="libs.spring-framework300.src" value="" />
    <property name="libs.hibernate4-persistencemodelgen.src" value="" />
    <property name="file.reference.deployment-admin.jar" value="lib/lib_10/deployment-admin.jar" />
    <property name="libs.spring-webmvc3.0.javadoc" value="" />
    <property name="file.reference.console-web-plugin.jar" value="lib/lib_10/console-web-plugin.jar" />
    <property name="debug.classpath" value="../ServerMDBRemoteInterface/dist/ServerMDBRemoteInterface.jar:/Applications/NetBeans/NetBeans 8.0.app/Contents/Resources/NetBeans/java/modules/ext/eclipselink/javax.persistence_2.1.0.v201304241213.jar:/Applications/NetBeans/NetBeans 8.0.app/Contents/Resources/NetBeans/java/modules/ext/eclipselink/eclipselink.jar:/Applications/NetBeans/NetBeans 8.0.app/Contents/Resources/NetBeans/java/modules/ext/eclipselink/javax.persistence_2.1.0.v201304241213.jar:/Applications/NetBeans/NetBeans 8.0.app/Contents/Resources/NetBeans/java/modules/ext/eclipselink/org.eclipse.persistence.jpa.jpql_2.5.1.v20130918-f2b9fc5.jar:/Applications/NetBeans/glassfish-4.0/javadb/lib/derby.jar:/Applications/NetBeans/glassfish-4.0/javadb/lib/derbyclient.jar:/Applications/NetBeans/glassfish-4.0/javadb/lib/derbynet.jar:lib/commons-beanutils-1.8.3.jar:lib/commons-collections-3.2.1.jar:lib/commons-lang-2.6.jar:lib/commons-logging-1.1.3.jar:lib/core-3.0.1.jar:lib/ezmorph-1.0.6.jar:lib/javase-3.0.1.jar:lib/json-lib-2.4-jdk15.jar:lib/log4j-1.2.17.jar:lib/log4j-over-slf4j-1.7.7.jar:lib/slf4j-api-1.7.7.jar:lib/slf4j-jdk14-1.7.7.jar:lib/slf4j-log4j12-1.7.7.jar:lib/slf4j-simple-1.7.7.jar:lib/webcam-capture-0.3.10-RC6.jar:/Applications/NetBeans/NetBeans 8.0.app/Contents/Resources/NetBeans/platform/modules/ext/junit-4.10.jar:lib/appserv-admin.jar:lib/appserv-rt.jar:lib/imq.jar:lib/javaee.jar:lib/gf-client.jar:lib/glassfish-embedded-static-shell.jar:/Applications/NetBeans/NetBeans 8.0.app/Contents/Resources/NetBeans/enterprise/modules/ext/javaee-api-7.0.jar:lib/bridj-0.7-20131007.003529-54.jar:lib/junit-4.11.jar:lib/commons-io-2.4.jar:build/jar" />
    <property name="file.reference.jmxremote_optional-repackaged.jar" value="lib/lib_10/jmxremote_optional-repackaged.jar" />
    <property name="libs.EclipseLink-GlassFish-v3.classpath" value="/Applications/NetBeans/glassfish-4.0/glassfish/modules/org.eclipse.persistence.antlr.jar:/Applications/NetBeans/glassfish-4.0/glassfish/modules/org.eclipse.persistence.asm.jar:/Applications/NetBeans/glassfish-4.0/glassfish/modules/org.eclipse.persistence.core.jar:/Applications/NetBeans/glassfish-4.0/glassfish/modules/org.eclipse.persistence.dbws.jar:/Applications/NetBeans/glassfish-4.0/glassfish/modules/org.eclipse.persistence.jpa.jar:/Applications/NetBeans/glassfish-4.0/glassfish/modules/org.eclipse.persistence.jpa.jpql.jar:/Applications/NetBeans/glassfish-4.0/glassfish/modules/org.eclipse.persistence.jpa.modelgen.processor.jar:/Applications/NetBeans/glassfish-4.0/glassfish/modules/org.eclipse.persistence.moxy.jar:/Applications/NetBeans/glassfish-4.0/glassfish/modules/org.eclipse.persistence.oracle.jar:/Applications/NetBeans/glassfish-4.0/glassfish/modules/javax.persistence.jar" />
    <property name="user.home" value="/Users/marchins" />
    <property name="test.src.dir" value="test" />
    <property name="libs.junit_4.javadoc" value="/Applications/NetBeans/NetBeans 8.0.app/Contents/Resources/NetBeans/java/docs/junit-4.10-javadoc.jar" />
    <property name="apple.awt.graphics.UseQuartz" value="true" />
    <property name="libs.jsf20.maven-pom" value="" />
    <property name="application.args.param" value="" />
    <property name="file.reference.jersey-mvc-jsp.jar" value="lib/lib_10/jersey-mvc-jsp.jar" />
    <property name="file.reference.logging.jar" value="lib/lib_10/logging.jar" />
    <property name="j2ee.server.domain" value="/Applications/NetBeans/glassfish-4.0/glassfish/domains/domain1" />
    <property name="libs.MySQLDriver.maven-pom" value="" />
    <property name="libs.junit_4.classpath" value="/Applications/NetBeans/NetBeans 8.0.app/Contents/Resources/NetBeans/platform/modules/ext/junit-4.10.jar" />
    <property name="libs.spring-framework400.maven-pom" value="" />
    <property name="file.reference.connectors-runtime.jar" value="lib/lib_10/connectors-runtime.jar" />
    <property name="libs.primefaces.classpath" value="/Applications/NetBeans/NetBeans 8.0.app/Contents/Resources/NetBeans/enterprise/modules/ext/primefaces/primefaces-4.0.jar" />
    <property name="file.reference.src-conf" value="src/conf" />
    <property name="libs.javaee-api-6.0.classpath" value="/Applications/NetBeans/NetBeans 8.0.app/Contents/Resources/NetBeans/enterprise/modules/ext/javaee-api-6.0.jar" />
    <property name="file.reference.glassfish-batch-connector.jar" value="lib/lib_10/glassfish-batch-connector.jar" />
    <property name="file.reference.cglib-nodep-2.2.2.jar" value="lib/cglib-nodep-2.2.2.jar" />
    <property name="file.reference.osgi-resource-locator.jar" value="lib/lib_10/osgi-resource-locator.jar" />
    <property name="file.reference.org.apache.felix.gogo.command.jar" value="lib/lib_10/org.apache.felix.gogo.command.jar" />
    <property name="javac.source" value="1.7" />
    <property name="libs.jstl.classpath" value="/Applications/NetBeans/NetBeans 8.0.app/Contents/Resources/NetBeans/enterprise/modules/ext/jstl-impl.jar:/Applications/NetBeans/NetBeans 8.0.app/Contents/Resources/NetBeans/enterprise/modules/ext/jstl-api.jar" />
    <property name="libs.javaee-api-6.0.javadoc" value="/Applications/NetBeans/NetBeans 8.0.app/Contents/Resources/NetBeans/enterprise/docs/javaee-doc-api.jar" />
    <property name="file.reference.com.ibm.jbatch-runtime-all.jar" value="lib/lib_10/com.ibm.jbatch-runtime-all.jar" />
    <property name="file.reference.javax.servlet.jsp.jar" value="lib/lib_10/javax.servlet.jsp.jar" />
    <property name="file.reference.resources-runtime.jar" value="lib/lib_10/resources-runtime.jar" />
    <property name="libs.hibernate4-support.src" value="" />
    <property name="empty.dir" value="/Users/marchins/NetBeansProjects/AppClientMDB/build/empty" />
    <property name="libs.Java-EE-GlassFish-v3-Prelude.src" value="" />
    <property name="libs.javaee-web-api-6.0.maven-pom" value="" />
    <property name="file.reference.gf-jms-connector.jar" value="lib/lib_10/gf-jms-connector.jar" />
    <property name="org.xml.sax.driver" value="com.sun.org.apache.xerces.internal.jaxp.SAXParserImpl$JAXPSAXParser" />
    <property name="file.reference.console-jms-plugin.jar" value="lib/lib_10/console-jms-plugin.jar" />
    <property name="libs.javaee-api-7.0.classpath" value="/Applications/NetBeans/NetBeans 8.0.app/Contents/Resources/NetBeans/enterprise/modules/ext/javaee-api-7.0.jar" />
    <property name="libs.hibernate4-persistence.classpath" value="/Applications/NetBeans/NetBeans 8.0.app/Contents/Resources/NetBeans/java/modules/ext/hibernate4/antlr-2.7.7.jar:/Applications/NetBeans/NetBeans 8.0.app/Contents/Resources/NetBeans/java/modules/ext/hibernate4/c3p0-0.9.2.1.jar:/Applications/NetBeans/NetBeans 8.0.app/Contents/Resources/NetBeans/java/modules/ext/hibernate4/hibernate-c3p0-4.2.6.Final.jar:/Applications/NetBeans/NetBeans 8.0.app/Contents/Resources/NetBeans/java/modules/ext/hibernate4/dom4j-1.6.1.jar:/Applications/NetBeans/NetBeans 8.0.app/Contents/Resources/NetBeans/java/modules/ext/hibernate4/ehcache-core-2.4.3.jar:/Applications/NetBeans/NetBeans 8.0.app/Contents/Resources/NetBeans/java/modules/ext/hibernate4/hibernate-ehcache-4.2.6.Final.jar:/Applications/NetBeans/NetBeans 8.0.app/Contents/Resources/NetBeans/java/modules/ext/hibernate4/hibernate-core-4.2.6.Final.jar:/Applications/NetBeans/NetBeans 8.0.app/Contents/Resources/NetBeans/java/modules/ext/hibernate4/jboss-logging-3.1.0.GA.jar:/Applications/NetBeans/NetBeans 8.0.app/Contents/Resources/NetBeans/java/modules/ext/hibernate4/hibernate-commons-annotations-4.0.2.Final.jar:/Applications/NetBeans/NetBeans 8.0.app/Contents/Resources/NetBeans/java/modules/ext/hibernate4/hibernate-entitymanager-4.2.6.Final.jar:/Applications/NetBeans/NetBeans 8.0.app/Contents/Resources/NetBeans/java/modules/ext/hibernate4/javassist-3.15.0-GA.jar:/Applications/NetBeans/NetBeans 8.0.app/Contents/Resources/NetBeans/java/modules/ext/hibernate4/jboss-transaction-api_1.1_spec-1.0.1.Final.jar:/Applications/NetBeans/NetBeans 8.0.app/Contents/Resources/NetBeans/java/modules/ext/hibernate4/slf4j-api-1.6.1.jar:/Applications/NetBeans/NetBeans 8.0.app/Contents/Resources/NetBeans/java/modules/ext/hibernate4/slf4j-simple-1.6.1.jar:/Applications/NetBeans/NetBeans 8.0.app/Contents/Resources/NetBeans/java/modules/ext/hibernate4/hibernate-jpa-2.0-api-1.0.1.Final.jar" />
    <property name="file.reference.jersey-mvc.jar" value="lib/lib_10/jersey-mvc.jar" />
    <property name="file.reference.ssl-impl.jar" value="lib/lib_10/ssl-impl.jar" />
    <property name="ant.file.AppClientMDB" value="/Users/marchins/NetBeansProjects/AppClientMDB/build.xml" />
    <property name="file.reference.cmp-ejb-mapping.jar" value="lib/lib_10/cmp-ejb-mapping.jar" />
    <property name="file.reference.javax.resource-api.jar" value="lib/lib_10/javax.resource-api.jar" />
    <property name="file.reference.internal-api.jar" value="lib/lib_10/internal-api.jar" />
    <property name="file.encoding" value="UTF-8" />
    <property name="javac.fork" value="false" />
    <property name="libs.primefaces.javadoc" value="" />
    <property name="file.reference.connectors-internal-api.jar" value="lib/lib_10/connectors-internal-api.jar" />
    <property name="file.reference.jaxb-osgi.jar" value="lib/lib_10/jaxb-osgi.jar" />
    <property name="libs.testng.classpath" value="/Applications/NetBeans/NetBeans 8.0.app/Contents/Resources/NetBeans/platform/modules/ext/testng-6.8.1-dist.jar" />
    <property name="netbeans.home+have.tests" value="true" />
    <property name="file.reference.tyrus-spi.jar" value="lib/lib_10/tyrus-spi.jar" />
    <property name="file.reference.gf-web-connector.jar" value="lib/lib_10/gf-web-connector.jar" />
    <property name="file.reference.console-jts-plugin.jar" value="lib/lib_10/console-jts-plugin.jar" />
    <property name="java.vm.version" value="24.51-b03" />
    <property name="file.reference.org.apache.felix.configadmin.jar" value="lib/lib_10/org.apache.felix.configadmin.jar" />
    <property name="libs.javaee-web-api-7.0.maven-pom" value="" />
    <property name="sun.io.unicode.encoding" value="UnicodeBig" />
    <property name="libs.javac-api.classpath" value="/Applications/NetBeans/NetBeans 8.0.app/Contents/Resources/NetBeans/java/modules/ext/nb-javac-api.jar" />
    <property name="file.reference.jackson-mapper-asl.jar" value="lib/lib_10/jackson-mapper-asl.jar" />
    <property name="netbeans.buildnumber" value="201403101706" />
    <property name="libs.jaxb.javadoc" value="/Applications/NetBeans/NetBeans 8.0.app/Contents/Resources/NetBeans/ide/docs/jaxb-api-doc.zip" />
    <property name="file.reference.rest-client.jar" value="lib/lib_10/rest-client.jar" />
    <property name="nb.native.filechooser" value="false" />
    <property name="java.runtime.version" value="1.7.0_51-b13" />
    <property name="platform.home" value="/Library/Java/JavaVirtualMachines/jdk1.7.0_51.jdk/Contents/Home" />
    <property name="file.reference.org.eclipse.persistence.core.jar" value="lib/lib_10/org.eclipse.persistence.core.jar" />
    <property name="libs.Java-EE-GlassFish-v3-Prelude.javadoc" value="/Applications/NetBeans/NetBeans 8.0.app/Contents/Resources/NetBeans/enterprise/docs/javaee-doc-api.jar" />
    <property name="javac.classpath" value="../ServerMDBRemoteInterface/dist/ServerMDBRemoteInterface.jar:/Applications/NetBeans/NetBeans 8.0.app/Contents/Resources/NetBeans/java/modules/ext/eclipselink/javax.persistence_2.1.0.v201304241213.jar:/Applications/NetBeans/NetBeans 8.0.app/Contents/Resources/NetBeans/java/modules/ext/eclipselink/eclipselink.jar:/Applications/NetBeans/NetBeans 8.0.app/Contents/Resources/NetBeans/java/modules/ext/eclipselink/javax.persistence_2.1.0.v201304241213.jar:/Applications/NetBeans/NetBeans 8.0.app/Contents/Resources/NetBeans/java/modules/ext/eclipselink/org.eclipse.persistence.jpa.jpql_2.5.1.v20130918-f2b9fc5.jar:/Applications/NetBeans/glassfish-4.0/javadb/lib/derby.jar:/Applications/NetBeans/glassfish-4.0/javadb/lib/derbyclient.jar:/Applications/NetBeans/glassfish-4.0/javadb/lib/derbynet.jar:lib/commons-beanutils-1.8.3.jar:lib/commons-collections-3.2.1.jar:lib/commons-lang-2.6.jar:lib/commons-logging-1.1.3.jar:lib/core-3.0.1.jar:lib/ezmorph-1.0.6.jar:lib/javase-3.0.1.jar:lib/json-lib-2.4-jdk15.jar:lib/log4j-1.2.17.jar:lib/log4j-over-slf4j-1.7.7.jar:lib/slf4j-api-1.7.7.jar:lib/slf4j-jdk14-1.7.7.jar:lib/slf4j-log4j12-1.7.7.jar:lib/slf4j-simple-1.7.7.jar:lib/webcam-capture-0.3.10-RC6.jar:/Applications/NetBeans/NetBeans 8.0.app/Contents/Resources/NetBeans/platform/modules/ext/junit-4.10.jar:lib/appserv-admin.jar:lib/appserv-rt.jar:lib/imq.jar:lib/javaee.jar:lib/gf-client.jar:lib/glassfish-embedded-static-shell.jar:/Applications/NetBeans/NetBeans 8.0.app/Contents/Resources/NetBeans/enterprise/modules/ext/javaee-api-7.0.jar:lib/bridj-0.7-20131007.003529-54.jar:lib/junit-4.11.jar:lib/commons-io-2.4.jar" />
    <property name="file.reference.javax.persistence.jar" value="lib/lib_10/javax.persistence.jar" />
    <property name="file.reference.management-api.jar" value="lib/lib_10/management-api.jar" />
    <property name="libs.eclipselink.classpath" value="/Applications/NetBeans/NetBeans 8.0.app/Contents/Resources/NetBeans/java/modules/ext/eclipselink/eclipselink.jar:/Applications/NetBeans/NetBeans 8.0.app/Contents/Resources/NetBeans/java/modules/ext/eclipselink/javax.persistence_2.1.0.v201304241213.jar:/Applications/NetBeans/NetBeans 8.0.app/Contents/Resources/NetBeans/java/modules/ext/eclipselink/org.eclipse.persistence.jpa.jpql_2.5.1.v20130918-f2b9fc5.jar" />
    <property name="file.reference.kernel.jar" value="lib/lib_10/kernel.jar" />
    <property name="file.reference.appserv-rt.jar" value="lib/appserv-rt.jar" />
    <property name="file.reference.registration-api.jar" value="lib/lib_10/registration-api.jar" />
    <property name="build.classes.excludes" value="**/*.java,**/*.form" />
    <property name="file.reference.jms-admin.jar" value="lib/lib_10/jms-admin.jar" />
    <property name="file.reference.weld-integration.jar" value="lib/lib_10/weld-integration.jar" />
    <property name="file.reference.org.eclipse.persistence.antlr.jar" value="lib/lib_10/org.eclipse.persistence.antlr.jar" />
    <property name="file.reference.flashlight-framework.jar" value="lib/lib_10/flashlight-framework.jar" />
    <property name="file.reference.jersey-gf-ejb.jar" value="lib/lib_10/jersey-gf-ejb.jar" />
    <property name="file.reference.acc-config.jar" value="lib/lib_10/acc-config.jar" />
    <property name="java.awt.graphicsenv" value="sun.awt.CGraphicsEnvironment" />
    <property name="sun.management.compiler" value="HotSpot 64-Bit Tiered Compilers" />
    <property name="file.reference.admin-core.jar" value="lib/lib_10/admin-core.jar" />
    <property name="file.reference.slf4j-log4j12-1.7.7.jar" value="lib/slf4j-log4j12-1.7.7.jar" />
    <property name="dist.dir" value="dist" />
    <property name="file.reference.webservices-extra-jdk-packages.jar" value="lib/lib_10/webservices-extra-jdk-packages.jar" />
    <property name="file.reference.stax2-api.jar" value="lib/lib_10/stax2-api.jar" />
    <property name="netbeans.autoupdate.language" value="it" />
    <property name="file.reference.cmp-support-ejb.jar" value="lib/lib_10/cmp-support-ejb.jar" />
    <property name="https.nonProxyHosts" value="localhost|127.0.0.1|MacBook-Pro-di-Marco.local" />
    <property name="gopherProxySet" value="false" />
    <property name="file.reference.orb-enabler.jar" value="lib/lib_10/orb-enabler.jar" />
    <property name="file.reference.console-updatecenter-plugin.jar" value="lib/lib_10/console-updatecenter-plugin.jar" />
    <property name="file.reference.log4j-1.2.17.jar" value="lib/log4j-1.2.17.jar" />
    <property name="libs.PostgreSQLDriver.src" value="" />
    <property name="ap.proc.none.internal" value="" />
    <property name="java.class.version" value="51.0" />
    <property name="java.home" value="/Library/Java/JavaVirtualMachines/jdk1.7.0_51.jdk/Contents/Home/jre" />
    <property name="file.reference.gf-jms-injection.jar" value="lib/lib_10/gf-jms-injection.jar" />
    <property name="libs.absolutelayout.classpath" value="/Applications/NetBeans/NetBeans 8.0.app/Contents/Resources/NetBeans/java/modules/ext/AbsoluteLayout.jar" />
    <property name="libs.eclipselink.javadoc" value="" />
    <property name="netbeans.home" value="/Applications/NetBeans/NetBeans 8.0.app/Contents/Resources/NetBeans/platform" />
    <property name="libs.hibernate4-persistence.src" value="" />
    <property name="file.reference.console-community-branding-plugin.jar" value="lib/lib_10/console-community-branding-plugin.jar" />
    <property name="sun.cpu.endian" value="little" />
    <property name="file.reference.webservices-connector.jar" value="lib/lib_10/webservices-connector.jar" />
    <property name="file.reference.trilead-ssh2-repackaged.jar" value="lib/lib_10/trilead-ssh2-repackaged.jar" />
    <property name="excludes" value="" />
    <property name="project.ServerMDBRemoteInterface" value="../ServerMDBRemoteInterface" />
    <property name="ant.project.default-target" value="default" />
    <property name="netbeans.dynamic.classpath" value="/Applications/NetBeans/NetBeans 8.0.app/Contents/Resources/NetBeans/platform/core/core.jar:/Applications/NetBeans/NetBeans 8.0.app/Contents/Resources/NetBeans/platform/core/org-openide-filesystems.jar:/Applications/NetBeans/NetBeans 8.0.app/Contents/Resources/NetBeans/platform/core/locale/core_ja.jar:/Applications/NetBeans/NetBeans 8.0.app/Contents/Resources/NetBeans/platform/core/locale/core_pt_BR.jar:/Applications/NetBeans/NetBeans 8.0.app/Contents/Resources/NetBeans/platform/core/locale/core_ru.jar:/Applications/NetBeans/NetBeans 8.0.app/Contents/Resources/NetBeans/platform/core/locale/core_zh_CN.jar:/Applications/NetBeans/NetBeans 8.0.app/Contents/Resources/NetBeans/platform/core/locale/org-openide-filesystems_ja.jar:/Applications/NetBeans/NetBeans 8.0.app/Contents/Resources/NetBeans/platform/core/locale/org-openide-filesystems_pt_BR.jar:/Applications/NetBeans/NetBeans 8.0.app/Contents/Resources/NetBeans/platform/core/locale/org-openide-filesystems_ru.jar:/Applications/NetBeans/NetBeans 8.0.app/Contents/Resources/NetBeans/platform/core/locale/org-openide-filesystems_zh_CN.jar:/Applications/NetBeans/NetBeans 8.0.app/Contents/Resources/NetBeans/nb/core/org-netbeans-upgrader.jar:/Applications/NetBeans/NetBeans 8.0.app/Contents/Resources/NetBeans/nb/core/locale/core_nb.jar:/Applications/NetBeans/NetBeans 8.0.app/Contents/Resources/NetBeans/nb/core/locale/core_nb_ja.jar:/Applications/NetBeans/NetBeans 8.0.app/Contents/Resources/NetBeans/nb/core/locale/core_nb_pt_BR.jar:/Applications/NetBeans/NetBeans 8.0.app/Contents/Resources/NetBeans/nb/core/locale/core_nb_ru.jar:/Applications/NetBeans/NetBeans 8.0.app/Contents/Resources/NetBeans/nb/core/locale/core_nb_zh_CN.jar:/Applications/NetBeans/NetBeans 8.0.app/Contents/Resources/NetBeans/nb/core/locale/org-netbeans-upgrader_ja.jar:/Applications/NetBeans/NetBeans 8.0.app/Contents/Resources/NetBeans/nb/core/locale/org-netbeans-upgrader_pt_BR.jar:/Applications/NetBeans/NetBeans 8.0.app/Contents/Resources/NetBeans/nb/core/locale/org-netbeans-upgrader_ru.jar:/Applications/NetBeans/NetBeans 8.0.app/Contents/Resources/NetBeans/nb/core/locale/org-netbeans-upgrader_zh_CN.jar" />
    <property name="src.dir" value="src/java" />
    <property name="libs.Comet-GlassFish-v3.javadoc" value="" />
    <property name="file.reference.jaxb-extra-osgi.jar" value="lib/lib_10/jaxb-extra-osgi.jar" />
    <property name="file.reference.pfl-asm.jar" value="lib/lib_10/pfl-asm.jar" />
    <property name="file.reference.jersey-client.jar" value="lib/lib_10/jersey-client.jar" />
    <property name="libs.jsp-compiler.maven-pom" value="" />
    <property name="version-output" value="java version &quot;1.7.0_51&quot;&#xa;Java(TM) SE Runtime Environment (build 1.7.0_51-b13)&#xa;Java HotSpot(TM) 64-Bit Server VM (build 24.51-b03, mixed mode)" />
    <property name="libs.spring-webmvc3.0.classpath" value="/Applications/NetBeans/NetBeans 8.0.app/Contents/Resources/NetBeans/java/modules/ext/spring-3.0/spring-webmvc-3.2.7.RELEASE.jar" />
    <property name="file.reference.launcher.jar" value="lib/lib_10/launcher.jar" />
    <property name="file.reference.osgi-cli-remote.jar" value="lib/lib_10/osgi-cli-remote.jar" />
    <property name="file.reference.transaction-internal-api.jar" value="lib/lib_10/transaction-internal-api.jar" />
    <property name="file.reference.org.eclipse.persistence.jpa.jar" value="lib/lib_10/org.eclipse.persistence.jpa.jar" />
    <property name="javac.target" value="1.7" />
    <property name="meta.inf" value="src/conf" />
    <property name="libs.testng.src" value="" />
    <property name="javadoc.preview" value="true" />
    <property name="javadoc.noindex" value="false" />
    <property name="libs.restapi.javadoc" value="" />
    <property name="libs.javaee-endorsed-api-7.0.src" value="" />
    <property name="user.country" value="IT" />
    <property name="file.reference.cmp-enhancer.jar" value="lib/lib_10/cmp-enhancer.jar" />
    <property name="libs.spring-webmvc4.0.classpath" value="/Applications/NetBeans/NetBeans 8.0.app/Contents/Resources/NetBeans/java/modules/ext/spring-4/spring-webmvc-4.0.1.RELEASE.jar" />
    <property name="libs.PostgreSQLDriver.classpath" value="/Applications/NetBeans/NetBeans 8.0.app/Contents/Resources/NetBeans/ide/modules/ext/postgresql-9.2-1002.jdbc4.jar" />
    <property name="file.reference.dbschema-repackaged.jar" value="lib/lib_10/dbschema-repackaged.jar" />
    <property name="user.timezone" value="" />
    <property name="platforms.JDK_1.7.0_51.compiler" value="modern" />
    <property name="file.reference.commons-collections-3.2.1.jar" value="lib/commons-collections-3.2.1.jar" />
    <property name="libs.eclipselinkmodelgen.maven-pom" value="" />
    <property name="javac.debug" value="true" />
    <property name="javac.test.processorpath" value="../ServerMDBRemoteInterface/dist/ServerMDBRemoteInterface.jar:/Applications/NetBeans/NetBeans 8.0.app/Contents/Resources/NetBeans/java/modules/ext/eclipselink/javax.persistence_2.1.0.v201304241213.jar:/Applications/NetBeans/NetBeans 8.0.app/Contents/Resources/NetBeans/java/modules/ext/eclipselink/eclipselink.jar:/Applications/NetBeans/NetBeans 8.0.app/Contents/Resources/NetBeans/java/modules/ext/eclipselink/javax.persistence_2.1.0.v201304241213.jar:/Applications/NetBeans/NetBeans 8.0.app/Contents/Resources/NetBeans/java/modules/ext/eclipselink/org.eclipse.persistence.jpa.jpql_2.5.1.v20130918-f2b9fc5.jar:/Applications/NetBeans/glassfish-4.0/javadb/lib/derby.jar:/Applications/NetBeans/glassfish-4.0/javadb/lib/derbyclient.jar:/Applications/NetBeans/glassfish-4.0/javadb/lib/derbynet.jar:lib/commons-beanutils-1.8.3.jar:lib/commons-collections-3.2.1.jar:lib/commons-lang-2.6.jar:lib/commons-logging-1.1.3.jar:lib/core-3.0.1.jar:lib/ezmorph-1.0.6.jar:lib/javase-3.0.1.jar:lib/json-lib-2.4-jdk15.jar:lib/log4j-1.2.17.jar:lib/log4j-over-slf4j-1.7.7.jar:lib/slf4j-api-1.7.7.jar:lib/slf4j-jdk14-1.7.7.jar:lib/slf4j-log4j12-1.7.7.jar:lib/slf4j-simple-1.7.7.jar:lib/webcam-capture-0.3.10-RC6.jar:/Applications/NetBeans/NetBeans 8.0.app/Contents/Resources/NetBeans/platform/modules/ext/junit-4.10.jar:lib/appserv-admin.jar:lib/appserv-rt.jar:lib/imq.jar:lib/javaee.jar:lib/gf-client.jar:lib/glassfish-embedded-static-shell.jar:/Applications/NetBeans/NetBeans 8.0.app/Contents/Resources/NetBeans/enterprise/modules/ext/javaee-api-7.0.jar:lib/bridj-0.7-20131007.003529-54.jar:lib/junit-4.11.jar:lib/commons-io-2.4.jar:build/jar:lib/lib_10/acc-config.jar:lib/lib_10/admin-cli.jar:lib/lib_10/admin-core.jar:lib/lib_10/admin-util.jar:lib/lib_10/amx-core.jar:lib/lib_10/amx-javaee.jar:lib/lib_10/annotation-framework.jar:lib/lib_10/ant.jar:lib/lib_10/antlr-repackaged.jar:lib/lib_10/api-exporter.jar:lib/lib_10/appclient-connector.jar:lib/lib_10/appclient-server-core.jar:lib/lib_10/appclient.security.jar:lib/lib_10/asm-all-repackaged.jar:lib/lib_10/backup.jar:lib/lib_10/bean-validator-cdi.jar:lib/lib_10/bean-validator.jar:lib/lib_10/cglib.jar:lib/lib_10/class-model.jar:lib/lib_10/cluster-admin.jar:lib/lib_10/cluster-common.jar:lib/lib_10/cluster-ssh.jar:lib/lib_10/cmp-ejb-mapping.jar:lib/lib_10/cmp-enhancer.jar:lib/lib_10/cmp-generator-database.jar:lib/lib_10/cmp-internal-api.jar:lib/lib_10/cmp-model.jar:lib/lib_10/cmp-support-ejb.jar:lib/lib_10/cmp-support-sqlstore.jar:lib/lib_10/cmp-utility.jar:lib/lib_10/com.ibm.jbatch-ri-spi.jar:lib/lib_10/com.ibm.jbatch-runtime-all.jar:lib/lib_10/common-util.jar:lib/lib_10/concurrent-connector.jar:lib/lib_10/concurrent-impl.jar:lib/lib_10/config-api.jar:lib/lib_10/config-types.jar:lib/lib_10/connectors-admin.jar:lib/lib_10/connectors-inbound-runtime.jar:lib/lib_10/connectors-internal-api.jar:lib/lib_10/connectors-runtime.jar:lib/lib_10/console-cluster-plugin.jar:lib/lib_10/console-common-full-plugin.jar:lib/lib_10/console-common.jar:lib/lib_10/console-community-branding-plugin.jar:lib/lib_10/console-concurrent-plugin.jar:lib/lib_10/console-corba-plugin.jar:lib/lib_10/console-ejb-lite-plugin.jar:lib/lib_10/console-ejb-plugin.jar:lib/lib_10/console-jca-plugin.jar:lib/lib_10/console-jdbc-plugin.jar:lib/lib_10/console-jms-plugin.jar:lib/lib_10/console-jts-plugin.jar:lib/lib_10/console-plugin-service.jar:lib/lib_10/console-updatecenter-plugin.jar:lib/lib_10/console-web-plugin.jar:lib/lib_10/container-common.jar:lib/lib_10/core.jar:lib/lib_10/dataprovider.jar:lib/lib_10/dbschema-repackaged.jar:lib/lib_10/deployment-admin.jar:lib/lib_10/deployment-autodeploy.jar:lib/lib_10/deployment-client.jar:lib/lib_10/deployment-common.jar:lib/lib_10/deployment-javaee-core.jar:lib/lib_10/deployment-javaee-full.jar:lib/lib_10/dol.jar:lib/lib_10/ejb-container.jar:lib/lib_10/ejb-full-container.jar:lib/lib_10/ejb-internal-api.jar:lib/lib_10/ejb.security.jar:lib/lib_10/entitybean-container.jar:lib/lib_10/flashlight-extra-jdk-packages.jar:lib/lib_10/flashlight-framework.jar:lib/lib_10/gf-admingui-connector.jar:lib/lib_10/gf-client-module.jar:lib/lib_10/gf-connectors-connector.jar:lib/lib_10/gf-ejb-connector.jar:lib/lib_10/gf-jms-connector.jar:lib/lib_10/gf-jms-injection.jar:lib/lib_10/gf-jpa-connector.jar:lib/lib_10/gf-load-balancer-connector.jar:lib/lib_10/gf-restadmin-connector.jar:lib/lib_10/gf-web-connector.jar:lib/lib_10/gf-weld-connector.jar:lib/lib_10/glassfish-api.jar:lib/lib_10/glassfish-batch-commands.jar:lib/lib_10/glassfish-batch-connector.jar:lib/lib_10/glassfish-corba-csiv2-idl.jar:lib/lib_10/glassfish-corba-internal-api.jar:lib/lib_10/glassfish-corba-omgapi.jar:lib/lib_10/glassfish-corba-orb.jar:lib/lib_10/glassfish-ee-api.jar:lib/lib_10/glassfish-extra-jre-packages.jar:lib/lib_10/glassfish-grizzly-extra-all.jar:lib/lib_10/glassfish-mbeanserver.jar:lib/lib_10/glassfish-naming.jar:lib/lib_10/glassfish-oracle-jdbc-driver-packages.jar:lib/lib_10/glassfish-registration.jar:lib/lib_10/glassfish.jar:lib/lib_10/gmbal.jar:lib/lib_10/gms-adapter.jar:lib/lib_10/gms-bootstrap.jar:lib/lib_10/guava.jar:lib/lib_10/ha-api.jar:lib/lib_10/ha-file-store.jar:lib/lib_10/ha-shoal-cache-bootstrap.jar:lib/lib_10/ha-shoal-cache-store.jar:lib/lib_10/hk2-api.jar:lib/lib_10/hk2-config.jar:lib/lib_10/hk2-locator.jar:lib/lib_10/hk2-runlevel.jar:lib/lib_10/hk2-utils.jar:lib/lib_10/hk2.jar:lib/lib_10/inmemory.jacc.provider.jar:lib/lib_10/internal-api.jar:lib/lib_10/j-interop-repackaged.jar:lib/lib_10/jackson-core-asl.jar:lib/lib_10/jackson-jaxrs.jar:lib/lib_10/jackson-mapper-asl.jar:lib/lib_10/jackson-xc.jar:lib/lib_10/jaspic.provider.framework.jar:lib/lib_10/javaee-kernel.jar:lib/lib_10/javamail-connector.jar:lib/lib_10/javamail-runtime.jar:lib/lib_10/javax.annotation-api.jar:lib/lib_10/javax.batch-api.jar:lib/lib_10/javax.ejb-api.jar:lib/lib_10/javax.el.jar:lib/lib_10/javax.enterprise.concurrent-api.jar:lib/lib_10/javax.enterprise.concurrent.jar:lib/lib_10/javax.enterprise.deploy-api.jar:lib/lib_10/javax.faces.jar:lib/lib_10/javax.inject.jar:lib/lib_10/javax.interceptor-api.jar:lib/lib_10/javax.jms-api.jar:lib/lib_10/javax.json.jar:lib/lib_10/javax.mail.jar:lib/lib_10/javax.management.j2ee-api.jar:lib/lib_10/javax.persistence.jar:lib/lib_10/javax.resource-api.jar:lib/lib_10/javax.security.auth.message-api.jar:lib/lib_10/javax.security.jacc-api.jar:lib/lib_10/javax.servlet-api.jar:lib/lib_10/javax.servlet.jsp-api.jar:lib/lib_10/javax.servlet.jsp.jar:lib/lib_10/javax.servlet.jsp.jstl-api.jar:lib/lib_10/javax.servlet.jsp.jstl.jar:lib/lib_10/javax.transaction-api.jar:lib/lib_10/javax.websocket-api.jar:lib/lib_10/javax.ws.rs-api.jar:lib/lib_10/javax.xml.registry-api.jar:lib/lib_10/javax.xml.rpc-api.jar:lib/lib_10/jaxb-api-osgi.jar:lib/lib_10/jaxb-extra-osgi.jar:lib/lib_10/jaxb-osgi.jar:lib/lib_10/jdbc-admin.jar:lib/lib_10/jdbc-config.jar:lib/lib_10/jdbc-runtime.jar:lib/lib_10/jersey-bean-validation.jar:lib/lib_10/jersey-client.jar:lib/lib_10/jersey-common.jar:lib/lib_10/jersey-container-grizzly2-http.jar:lib/lib_10/jersey-container-servlet-core.jar:lib/lib_10/jersey-container-servlet.jar:lib/lib_10/jersey-gf-cdi.jar:lib/lib_10/jersey-gf-ejb.jar:lib/lib_10/jersey-media-json-jackson.jar:lib/lib_10/jersey-media-json-jettison.jar:lib/lib_10/jersey-media-json-processing.jar:lib/lib_10/jersey-media-moxy.jar:lib/lib_10/jersey-media-multipart.jar:lib/lib_10/jersey-media-sse.jar:lib/lib_10/jersey-mvc-connector.jar:lib/lib_10/jersey-mvc-jsp.jar:lib/lib_10/jersey-mvc.jar:lib/lib_10/jersey-server.jar:lib/lib_10/jettison.jar:lib/lib_10/jms-admin.jar:lib/lib_10/jms-core.jar:lib/lib_10/jmxremote_optional-repackaged.jar:lib/lib_10/jpa-container.jar:lib/lib_10/jsf-connector.jar:lib/lib_10/jsftemplating.jar:lib/lib_10/jsonp-jaxrs.jar:lib/lib_10/jspcaching-connector.jar:lib/lib_10/jsr109-impl.jar:lib/lib_10/jstl-connector.jar:lib/lib_10/jta.jar:lib/lib_10/jts.jar:lib/lib_10/kernel.jar:lib/lib_10/launcher.jar:lib/lib_10/ldapbp-repackaged.jar:lib/lib_10/libpam4j-repackaged.jar:lib/lib_10/load-balancer-admin.jar:lib/lib_10/logging.jar:lib/lib_10/management-api.jar:lib/lib_10/metro-glue.jar:lib/lib_10/mimepull.jar:lib/lib_10/monitoring-core.jar:lib/lib_10/nucleus-grizzly-all.jar:lib/lib_10/nucleus-resources.jar:lib/lib_10/orb-connector.jar:lib/lib_10/orb-enabler.jar:lib/lib_10/orb-iiop.jar:lib/lib_10/org.apache.felix.bundlerepository.jar:lib/lib_10/org.apache.felix.configadmin.jar:lib/lib_10/org.apache.felix.eventadmin.jar:lib/lib_10/org.apache.felix.fileinstall.jar:lib/lib_10/org.apache.felix.gogo.command.jar:lib/lib_10/org.apache.felix.gogo.runtime.jar:lib/lib_10/org.apache.felix.gogo.shell.jar:lib/lib_10/org.apache.felix.scr.jar:lib/lib_10/org.eclipse.persistence.antlr.jar:lib/lib_10/org.eclipse.persistence.asm.jar:lib/lib_10/org.eclipse.persistence.core.jar:lib/lib_10/org.eclipse.persistence.dbws.jar:lib/lib_10/org.eclipse.persistence.jpa.jar:lib/lib_10/org.eclipse.persistence.jpa.jpql.jar:lib/lib_10/org.eclipse.persistence.jpa.modelgen.processor.jar:lib/lib_10/org.eclipse.persistence.moxy.jar:lib/lib_10/org.eclipse.persistence.oracle.jar:lib/lib_10/osgi-adapter.jar:lib/lib_10/osgi-cdi.jar:lib/lib_10/osgi-cli-remote.jar:lib/lib_10/osgi-container.jar:lib/lib_10/osgi-ee-resources.jar:lib/lib_10/osgi-ejb-container.jar:lib/lib_10/osgi-http.jar:lib/lib_10/osgi-javaee-base.jar:lib/lib_10/osgi-jdbc.jar:lib/lib_10/osgi-jpa-extension.jar:lib/lib_10/osgi-jpa.jar:lib/lib_10/osgi-jta.jar:lib/lib_10/osgi-resource-locator.jar:lib/lib_10/osgi-web-container.jar:lib/lib_10/persistence-common.jar:lib/lib_10/pfl-asm.jar:lib/lib_10/pfl-basic-tools.jar:lib/lib_10/pfl-basic.jar:lib/lib_10/pfl-dynamic.jar:lib/lib_10/pfl-tf-tools.jar:lib/lib_10/pfl-tf.jar:lib/lib_10/pkg-client.jar:lib/lib_10/registration-api.jar:lib/lib_10/registration-impl.jar:lib/lib_10/resources-connector.jar:lib/lib_10/resources-runtime.jar:lib/lib_10/rest-client.jar:lib/lib_10/rest-service.jar:lib/lib_10/scattered-archive-api.jar:lib/lib_10/schema2beans-repackaged.jar:lib/lib_10/security-ee.jar:lib/lib_10/security-services.jar:lib/lib_10/security.jar:lib/lib_10/shoal-cache.jar:lib/lib_10/shoal-gms-api.jar:lib/lib_10/shoal-gms-impl.jar:lib/lib_10/simple-glassfish-api.jar:lib/lib_10/soap-tcp.jar:lib/lib_10/ssl-impl.jar:lib/lib_10/stats77.jar:lib/lib_10/stax2-api.jar:lib/lib_10/transaction-internal-api.jar:lib/lib_10/trilead-ssh2-repackaged.jar:lib/lib_10/tyrus-client.jar:lib/lib_10/tyrus-container-glassfish-cdi.jar:lib/lib_10/tyrus-container-grizzly.jar:lib/lib_10/tyrus-container-servlet.jar:lib/lib_10/tyrus-core.jar:lib/lib_10/tyrus-server.jar:lib/lib_10/tyrus-spi.jar:lib/lib_10/tyrus-websocket-core.jar:lib/lib_10/war-util.jar:lib/lib_10/web-cli.jar:lib/lib_10/web-core.jar:lib/lib_10/web-embed-api.jar:lib/lib_10/web-glue.jar:lib/lib_10/web-gui-plugin-common.jar:lib/lib_10/web-ha.jar:lib/lib_10/web-naming.jar:lib/lib_10/web-sse.jar:lib/lib_10/websecurity.jar:lib/lib_10/webservices-api-osgi.jar:lib/lib_10/webservices-connector.jar:lib/lib_10/webservices-extra-jdk-packages.jar:lib/lib_10/webservices-osgi.jar:lib/lib_10/webservices.security.jar:lib/lib_10/weld-integration-fragment.jar:lib/lib_10/weld-integration.jar:lib/lib_10/weld-osgi-bundle.jar:lib/lib_10/woodstox-core-asl.jar:lib/lib_10/work-management.jar:lib/objenesis-2.1.jar:lib/cglib-nodep-2.2.2.jar:lib/junit-4.11.jar:lib/easymock-3.2.jar:lib/javassist-3.18.2-GA.jar:lib/powermock-easymock-1.5.5-full.jar" />
    <property name="file.reference.jsf-connector.jar" value="lib/lib_10/jsf-connector.jar" />
    <property name="libs.JWSAntTasks.javadoc" value="" />
    <property name="file.reference.javax.management.j2ee-api.jar" value="lib/lib_10/javax.management.j2ee-api.jar" />
    <property name="file.reference.jspcaching-connector.jar" value="lib/lib_10/jspcaching-connector.jar" />
    <property name="has.custom.manifest" value="true" />
    <property name="libs.jsf12.src" value="" />
    <property name="file.reference.glassfish-corba-csiv2-idl.jar" value="lib/lib_10/glassfish-corba-csiv2-idl.jar" />
    <property name="sun.arch.data.model" value="64" />
    <property name="file.reference.webcam-capture-0.3.10-RC6.jar" value="lib/webcam-capture-0.3.10-RC6.jar" />
    <property name="libs.jstl.src" value="" />
    <property name="nb.internal.action.name" value="run.single" />
    <property name="libs.spring-webmvc4.0.javadoc" value="" />
    <property name="file.reference.osgi-adapter.jar" value="lib/lib_10/osgi-adapter.jar" />
    <property name="file.reference.console-ejb-lite-plugin.jar" value="lib/lib_10/console-ejb-lite-plugin.jar" />
    <property name="annotation.processing.processors.list" value="" />
    <property name="java.vm.vendor" value="Oracle Corporation" />
    <property name="libs.MySQLDriver.javadoc" value="" />
    <property name="libs.absolutelayout.javadoc" value="" />
    <property name="libs.javaee-web-api-6.0.src" value="" />
    <property name="java.vm.specification.version" value="1.7" />
    <property name="ant.junit.enabletestlistenerevents" value="true" />
    <property name="endorsed.classpath" value="/Applications/NetBeans/NetBeans 8.0.app/Contents/Resources/NetBeans/enterprise/modules/ext/javaee6-endorsed/javax.annotation.jar:/Applications/NetBeans/NetBeans 8.0.app/Contents/Resources/NetBeans/enterprise/modules/ext/javaee6-endorsed/jaxb-api-osgi.jar:/Applications/NetBeans/NetBeans 8.0.app/Contents/Resources/NetBeans/enterprise/modules/ext/javaee6-endorsed/webservices-api-osgi.jar" />
    <property name="file.reference.javax.jms-api.jar" value="lib/lib_10/javax.jms-api.jar" />
    <property name="build.generated.sources.dir" value="build/generated-sources" />
    <property name="file.reference.rest-service.jar" value="lib/lib_10/rest-service.jar" />
    <property name="file.reference.war-util.jar" value="lib/lib_10/war-util.jar" />
    <property name="libs.jaxb.src" value="" />
    <property name="file.reference.bridj-0.7-20131007.003529-54.jar" value="lib/bridj-0.7-20131007.003529-54.jar" />
    <property name="debug-transport-appclient" value="dt_socket" />
    <property name="file.reference.gf-connectors-connector.jar" value="lib/lib_10/gf-connectors-connector.jar" />
    <property name="user.dir" value="/Users/marchins/NetBeansProjects/AppClientMDB" />
    <property name="libs.CopyLibs.javadoc" value="" />
    <property name="file.reference.glassfish-api.jar" value="lib/lib_10/glassfish-api.jar" />
    <property name="file.reference.javamail-runtime.jar" value="lib/lib_10/javamail-runtime.jar" />
    <property name="libs.javaee-api-7.0.javadoc" value="/Applications/NetBeans/NetBeans 8.0.app/Contents/Resources/NetBeans/enterprise/docs/javaee-doc-api.jar" />
    <property name="file.reference.config-api.jar" value="lib/lib_10/config-api.jar" />
    <property name="file.reference.ha-shoal-cache-store.jar" value="lib/lib_10/ha-shoal-cache-store.jar" />
    <property name="file.reference.connectors-admin.jar" value="lib/lib_10/connectors-admin.jar" />
    <property name="file.reference.gf-admingui-connector.jar" value="lib/lib_10/gf-admingui-connector.jar" />
    <property name="file.reference.websecurity.jar" value="lib/lib_10/websecurity.jar" />
    <property name="build.test.results.dir" value="build/test/results" />
    <property name="jar.name" value="AppClientMDB.jar" />
    <property name="ftp.nonProxyHosts" value="local|*.local|169.254/16|*.169.254/16" />
    <property name="libs.struts.classpath" value="/Applications/NetBeans/NetBeans 8.0.app/Contents/Resources/NetBeans/enterprise/modules/ext/struts/antlr-2.7.2.jar:/Applications/NetBeans/NetBeans 8.0.app/Contents/Resources/NetBeans/enterprise/modules/ext/struts/bsf-2.3.0.jar:/Applications/NetBeans/NetBeans 8.0.app/Contents/Resources/NetBeans/enterprise/modules/ext/struts/commons-beanutils-1.8.0.jar:/Applications/NetBeans/NetBeans 8.0.app/Contents/Resources/NetBeans/enterprise/modules/ext/struts/commons-chain-1.2.jar:/Applications/NetBeans/NetBeans 8.0.app/Contents/Resources/NetBeans/enterprise/modules/ext/struts/commons-digester-1.8.jar:/Applications/NetBeans/NetBeans 8.0.app/Contents/Resources/NetBeans/enterprise/modules/ext/struts/commons-fileupload-1.1.1.jar:/Applications/NetBeans/NetBeans 8.0.app/Contents/Resources/NetBeans/enterprise/modules/ext/struts/commons-io-1.1.jar:/Applications/NetBeans/NetBeans 8.0.app/Contents/Resources/NetBeans/enterprise/modules/ext/struts/commons-logging-1.0.4.jar:/Applications/NetBeans/NetBeans 8.0.app/Contents/Resources/NetBeans/enterprise/modules/ext/struts/commons-validator-1.3.1.jar:/Applications/NetBeans/NetBeans 8.0.app/Contents/Resources/NetBeans/enterprise/modules/ext/struts/jstl-1.0.2.jar:/Applications/NetBeans/NetBeans 8.0.app/Contents/Resources/NetBeans/enterprise/modules/ext/struts/oro-2.0.8.jar:/Applications/NetBeans/NetBeans 8.0.app/Contents/Resources/NetBeans/enterprise/modules/ext/struts/standard-1.0.6.jar:/Applications/NetBeans/NetBeans 8.0.app/Contents/Resources/NetBeans/enterprise/modules/ext/struts/struts-core-1.3.10.jar:/Applications/NetBeans/NetBeans 8.0.app/Contents/Resources/NetBeans/enterprise/modules/ext/struts/struts-el-1.3.10.jar:/Applications/NetBeans/NetBeans 8.0.app/Contents/Resources/NetBeans/enterprise/modules/ext/struts/struts-extras-1.3.10.jar:/Applications/NetBeans/NetBeans 8.0.app/Contents/Resources/NetBeans/enterprise/modules/ext/struts/struts-faces-1.3.10.jar:/Applications/NetBeans/NetBeans 8.0.app/Contents/Resources/NetBeans/enterprise/modules/ext/struts/struts-mailreader-dao-1.3.10.jar:/Applications/NetBeans/NetBeans 8.0.app/Contents/Resources/NetBeans/enterprise/modules/ext/struts/struts-scripting-1.3.10.jar:/Applications/NetBeans/NetBeans 8.0.app/Contents/Resources/NetBeans/enterprise/modules/ext/struts/struts-taglib-1.3.10.jar:/Applications/NetBeans/NetBeans 8.0.app/Contents/Resources/NetBeans/enterprise/modules/ext/struts/struts-tiles-1.3.10.jar" />
    <property name="file.reference.objenesis-2.1.jar" value="lib/objenesis-2.1.jar" />
    <property name="libs.jsp-compilation.javadoc" value="" />
    <property name="javadoc.version" value="false" />
    <property name="libs.hibernate4-persistencemodelgen.maven-pom" value="" />
    <property name="libs.JAXB-ENDORSED.javadoc" value="" />
    <property name="file.reference.deployment-autodeploy.jar" value="lib/lib_10/deployment-autodeploy.jar" />
    <property name="file.reference.config-types.jar" value="lib/lib_10/config-types.jar" />
    <property name="libs.spring-framework300.classpath" value="/Applications/NetBeans/NetBeans 8.0.app/Contents/Resources/NetBeans/ide/modules/org-apache-commons-logging.jar:/Applications/NetBeans/NetBeans 8.0.app/Contents/Resources/NetBeans/java/modules/ext/cglib-2.2.jar:/Applications/NetBeans/NetBeans 8.0.app/Contents/Resources/NetBeans/java/modules/ext/spring-3.0/spring-aop-3.2.7.RELEASE.jar:/Applications/NetBeans/NetBeans 8.0.app/Contents/Resources/NetBeans/java/modules/ext/spring-3.0/spring-aspects-3.2.7.RELEASE.jar:/Applications/NetBeans/NetBeans 8.0.app/Contents/Resources/NetBeans/java/modules/ext/spring-3.0/spring-beans-3.2.7.RELEASE.jar:/Applications/NetBeans/NetBeans 8.0.app/Contents/Resources/NetBeans/java/modules/ext/spring-3.0/spring-build-src-3.2.7.RELEASE.jar:/Applications/NetBeans/NetBeans 8.0.app/Contents/Resources/NetBeans/java/modules/ext/spring-3.0/spring-context-3.2.7.RELEASE.jar:/Applications/NetBeans/NetBeans 8.0.app/Contents/Resources/NetBeans/java/modules/ext/spring-3.0/spring-context-support-3.2.7.RELEASE.jar:/Applications/NetBeans/NetBeans 8.0.app/Contents/Resources/NetBeans/java/modules/ext/spring-3.0/spring-core-3.2.7.RELEASE.jar:/Applications/NetBeans/NetBeans 8.0.app/Contents/Resources/NetBeans/java/modules/ext/spring-3.0/spring-expression-3.2.7.RELEASE.jar:/Applications/NetBeans/NetBeans 8.0.app/Contents/Resources/NetBeans/java/modules/ext/spring-3.0/spring-framework-bom-3.2.7.RELEASE.jar:/Applications/NetBeans/NetBeans 8.0.app/Contents/Resources/NetBeans/java/modules/ext/spring-3.0/spring-instrument-3.2.7.RELEASE.jar:/Applications/NetBeans/NetBeans 8.0.app/Contents/Resources/NetBeans/java/modules/ext/spring-3.0/spring-instrument-tomcat-3.2.7.RELEASE.jar:/Applications/NetBeans/NetBeans 8.0.app/Contents/Resources/NetBeans/java/modules/ext/spring-3.0/spring-jdbc-3.2.7.RELEASE.jar:/Applications/NetBeans/NetBeans 8.0.app/Contents/Resources/NetBeans/java/modules/ext/spring-3.0/spring-jms-3.2.7.RELEASE.jar:/Applications/NetBeans/NetBeans 8.0.app/Contents/Resources/NetBeans/java/modules/ext/spring-3.0/spring-orm-3.2.7.RELEASE.jar:/Applications/NetBeans/NetBeans 8.0.app/Contents/Resources/NetBeans/java/modules/ext/spring-3.0/spring-oxm-3.2.7.RELEASE.jar:/Applications/NetBeans/NetBeans 8.0.app/Contents/Resources/NetBeans/java/modules/ext/spring-3.0/spring-struts-3.2.7.RELEASE.jar:/Applications/NetBeans/NetBeans 8.0.app/Contents/Resources/NetBeans/java/modules/ext/spring-3.0/spring-test-3.2.7.RELEASE.jar:/Applications/NetBeans/NetBeans 8.0.app/Contents/Resources/NetBeans/java/modules/ext/spring-3.0/spring-tx-3.2.7.RELEASE.jar:/Applications/NetBeans/NetBeans 8.0.app/Contents/Resources/NetBeans/java/modules/ext/spring-3.0/spring-web-3.2.7.RELEASE.jar:/Applications/NetBeans/NetBeans 8.0.app/Contents/Resources/NetBeans/java/modules/ext/spring-3.0/spring-webmvc-3.2.7.RELEASE.jar:/Applications/NetBeans/NetBeans 8.0.app/Contents/Resources/NetBeans/java/modules/ext/spring-3.0/spring-webmvc-portlet-3.2.7.RELEASE.jar" />
    <property name="file.reference.javax.security.auth.message-api.jar" value="lib/lib_10/javax.security.auth.message-api.jar" />
    <property name="java.version" value="1.7.0_51" />
    <property name="debug.test.classpath" value="../ServerMDBRemoteInterface/dist/ServerMDBRemoteInterface.jar:/Applications/NetBeans/NetBeans 8.0.app/Contents/Resources/NetBeans/java/modules/ext/eclipselink/javax.persistence_2.1.0.v201304241213.jar:/Applications/NetBeans/NetBeans 8.0.app/Contents/Resources/NetBeans/java/modules/ext/eclipselink/eclipselink.jar:/Applications/NetBeans/NetBeans 8.0.app/Contents/Resources/NetBeans/java/modules/ext/eclipselink/javax.persistence_2.1.0.v201304241213.jar:/Applications/NetBeans/NetBeans 8.0.app/Contents/Resources/NetBeans/java/modules/ext/eclipselink/org.eclipse.persistence.jpa.jpql_2.5.1.v20130918-f2b9fc5.jar:/Applications/NetBeans/glassfish-4.0/javadb/lib/derby.jar:/Applications/NetBeans/glassfish-4.0/javadb/lib/derbyclient.jar:/Applications/NetBeans/glassfish-4.0/javadb/lib/derbynet.jar:lib/commons-beanutils-1.8.3.jar:lib/commons-collections-3.2.1.jar:lib/commons-lang-2.6.jar:lib/commons-logging-1.1.3.jar:lib/core-3.0.1.jar:lib/ezmorph-1.0.6.jar:lib/javase-3.0.1.jar:lib/json-lib-2.4-jdk15.jar:lib/log4j-1.2.17.jar:lib/log4j-over-slf4j-1.7.7.jar:lib/slf4j-api-1.7.7.jar:lib/slf4j-jdk14-1.7.7.jar:lib/slf4j-log4j12-1.7.7.jar:lib/slf4j-simple-1.7.7.jar:lib/webcam-capture-0.3.10-RC6.jar:/Applications/NetBeans/NetBeans 8.0.app/Contents/Resources/NetBeans/platform/modules/ext/junit-4.10.jar:lib/appserv-admin.jar:lib/appserv-rt.jar:lib/imq.jar:lib/javaee.jar:lib/gf-client.jar:lib/glassfish-embedded-static-shell.jar:/Applications/NetBeans/NetBeans 8.0.app/Contents/Resources/NetBeans/enterprise/modules/ext/javaee-api-7.0.jar:lib/bridj-0.7-20131007.003529-54.jar:lib/junit-4.11.jar:lib/commons-io-2.4.jar:build/jar:lib/lib_10/acc-config.jar:lib/lib_10/admin-cli.jar:lib/lib_10/admin-core.jar:lib/lib_10/admin-util.jar:lib/lib_10/amx-core.jar:lib/lib_10/amx-javaee.jar:lib/lib_10/annotation-framework.jar:lib/lib_10/ant.jar:lib/lib_10/antlr-repackaged.jar:lib/lib_10/api-exporter.jar:lib/lib_10/appclient-connector.jar:lib/lib_10/appclient-server-core.jar:lib/lib_10/appclient.security.jar:lib/lib_10/asm-all-repackaged.jar:lib/lib_10/backup.jar:lib/lib_10/bean-validator-cdi.jar:lib/lib_10/bean-validator.jar:lib/lib_10/cglib.jar:lib/lib_10/class-model.jar:lib/lib_10/cluster-admin.jar:lib/lib_10/cluster-common.jar:lib/lib_10/cluster-ssh.jar:lib/lib_10/cmp-ejb-mapping.jar:lib/lib_10/cmp-enhancer.jar:lib/lib_10/cmp-generator-database.jar:lib/lib_10/cmp-internal-api.jar:lib/lib_10/cmp-model.jar:lib/lib_10/cmp-support-ejb.jar:lib/lib_10/cmp-support-sqlstore.jar:lib/lib_10/cmp-utility.jar:lib/lib_10/com.ibm.jbatch-ri-spi.jar:lib/lib_10/com.ibm.jbatch-runtime-all.jar:lib/lib_10/common-util.jar:lib/lib_10/concurrent-connector.jar:lib/lib_10/concurrent-impl.jar:lib/lib_10/config-api.jar:lib/lib_10/config-types.jar:lib/lib_10/connectors-admin.jar:lib/lib_10/connectors-inbound-runtime.jar:lib/lib_10/connectors-internal-api.jar:lib/lib_10/connectors-runtime.jar:lib/lib_10/console-cluster-plugin.jar:lib/lib_10/console-common-full-plugin.jar:lib/lib_10/console-common.jar:lib/lib_10/console-community-branding-plugin.jar:lib/lib_10/console-concurrent-plugin.jar:lib/lib_10/console-corba-plugin.jar:lib/lib_10/console-ejb-lite-plugin.jar:lib/lib_10/console-ejb-plugin.jar:lib/lib_10/console-jca-plugin.jar:lib/lib_10/console-jdbc-plugin.jar:lib/lib_10/console-jms-plugin.jar:lib/lib_10/console-jts-plugin.jar:lib/lib_10/console-plugin-service.jar:lib/lib_10/console-updatecenter-plugin.jar:lib/lib_10/console-web-plugin.jar:lib/lib_10/container-common.jar:lib/lib_10/core.jar:lib/lib_10/dataprovider.jar:lib/lib_10/dbschema-repackaged.jar:lib/lib_10/deployment-admin.jar:lib/lib_10/deployment-autodeploy.jar:lib/lib_10/deployment-client.jar:lib/lib_10/deployment-common.jar:lib/lib_10/deployment-javaee-core.jar:lib/lib_10/deployment-javaee-full.jar:lib/lib_10/dol.jar:lib/lib_10/ejb-container.jar:lib/lib_10/ejb-full-container.jar:lib/lib_10/ejb-internal-api.jar:lib/lib_10/ejb.security.jar:lib/lib_10/entitybean-container.jar:lib/lib_10/flashlight-extra-jdk-packages.jar:lib/lib_10/flashlight-framework.jar:lib/lib_10/gf-admingui-connector.jar:lib/lib_10/gf-client-module.jar:lib/lib_10/gf-connectors-connector.jar:lib/lib_10/gf-ejb-connector.jar:lib/lib_10/gf-jms-connector.jar:lib/lib_10/gf-jms-injection.jar:lib/lib_10/gf-jpa-connector.jar:lib/lib_10/gf-load-balancer-connector.jar:lib/lib_10/gf-restadmin-connector.jar:lib/lib_10/gf-web-connector.jar:lib/lib_10/gf-weld-connector.jar:lib/lib_10/glassfish-api.jar:lib/lib_10/glassfish-batch-commands.jar:lib/lib_10/glassfish-batch-connector.jar:lib/lib_10/glassfish-corba-csiv2-idl.jar:lib/lib_10/glassfish-corba-internal-api.jar:lib/lib_10/glassfish-corba-omgapi.jar:lib/lib_10/glassfish-corba-orb.jar:lib/lib_10/glassfish-ee-api.jar:lib/lib_10/glassfish-extra-jre-packages.jar:lib/lib_10/glassfish-grizzly-extra-all.jar:lib/lib_10/glassfish-mbeanserver.jar:lib/lib_10/glassfish-naming.jar:lib/lib_10/glassfish-oracle-jdbc-driver-packages.jar:lib/lib_10/glassfish-registration.jar:lib/lib_10/glassfish.jar:lib/lib_10/gmbal.jar:lib/lib_10/gms-adapter.jar:lib/lib_10/gms-bootstrap.jar:lib/lib_10/guava.jar:lib/lib_10/ha-api.jar:lib/lib_10/ha-file-store.jar:lib/lib_10/ha-shoal-cache-bootstrap.jar:lib/lib_10/ha-shoal-cache-store.jar:lib/lib_10/hk2-api.jar:lib/lib_10/hk2-config.jar:lib/lib_10/hk2-locator.jar:lib/lib_10/hk2-runlevel.jar:lib/lib_10/hk2-utils.jar:lib/lib_10/hk2.jar:lib/lib_10/inmemory.jacc.provider.jar:lib/lib_10/internal-api.jar:lib/lib_10/j-interop-repackaged.jar:lib/lib_10/jackson-core-asl.jar:lib/lib_10/jackson-jaxrs.jar:lib/lib_10/jackson-mapper-asl.jar:lib/lib_10/jackson-xc.jar:lib/lib_10/jaspic.provider.framework.jar:lib/lib_10/javaee-kernel.jar:lib/lib_10/javamail-connector.jar:lib/lib_10/javamail-runtime.jar:lib/lib_10/javax.annotation-api.jar:lib/lib_10/javax.batch-api.jar:lib/lib_10/javax.ejb-api.jar:lib/lib_10/javax.el.jar:lib/lib_10/javax.enterprise.concurrent-api.jar:lib/lib_10/javax.enterprise.concurrent.jar:lib/lib_10/javax.enterprise.deploy-api.jar:lib/lib_10/javax.faces.jar:lib/lib_10/javax.inject.jar:lib/lib_10/javax.interceptor-api.jar:lib/lib_10/javax.jms-api.jar:lib/lib_10/javax.json.jar:lib/lib_10/javax.mail.jar:lib/lib_10/javax.management.j2ee-api.jar:lib/lib_10/javax.persistence.jar:lib/lib_10/javax.resource-api.jar:lib/lib_10/javax.security.auth.message-api.jar:lib/lib_10/javax.security.jacc-api.jar:lib/lib_10/javax.servlet-api.jar:lib/lib_10/javax.servlet.jsp-api.jar:lib/lib_10/javax.servlet.jsp.jar:lib/lib_10/javax.servlet.jsp.jstl-api.jar:lib/lib_10/javax.servlet.jsp.jstl.jar:lib/lib_10/javax.transaction-api.jar:lib/lib_10/javax.websocket-api.jar:lib/lib_10/javax.ws.rs-api.jar:lib/lib_10/javax.xml.registry-api.jar:lib/lib_10/javax.xml.rpc-api.jar:lib/lib_10/jaxb-api-osgi.jar:lib/lib_10/jaxb-extra-osgi.jar:lib/lib_10/jaxb-osgi.jar:lib/lib_10/jdbc-admin.jar:lib/lib_10/jdbc-config.jar:lib/lib_10/jdbc-runtime.jar:lib/lib_10/jersey-bean-validation.jar:lib/lib_10/jersey-client.jar:lib/lib_10/jersey-common.jar:lib/lib_10/jersey-container-grizzly2-http.jar:lib/lib_10/jersey-container-servlet-core.jar:lib/lib_10/jersey-container-servlet.jar:lib/lib_10/jersey-gf-cdi.jar:lib/lib_10/jersey-gf-ejb.jar:lib/lib_10/jersey-media-json-jackson.jar:lib/lib_10/jersey-media-json-jettison.jar:lib/lib_10/jersey-media-json-processing.jar:lib/lib_10/jersey-media-moxy.jar:lib/lib_10/jersey-media-multipart.jar:lib/lib_10/jersey-media-sse.jar:lib/lib_10/jersey-mvc-connector.jar:lib/lib_10/jersey-mvc-jsp.jar:lib/lib_10/jersey-mvc.jar:lib/lib_10/jersey-server.jar:lib/lib_10/jettison.jar:lib/lib_10/jms-admin.jar:lib/lib_10/jms-core.jar:lib/lib_10/jmxremote_optional-repackaged.jar:lib/lib_10/jpa-container.jar:lib/lib_10/jsf-connector.jar:lib/lib_10/jsftemplating.jar:lib/lib_10/jsonp-jaxrs.jar:lib/lib_10/jspcaching-connector.jar:lib/lib_10/jsr109-impl.jar:lib/lib_10/jstl-connector.jar:lib/lib_10/jta.jar:lib/lib_10/jts.jar:lib/lib_10/kernel.jar:lib/lib_10/launcher.jar:lib/lib_10/ldapbp-repackaged.jar:lib/lib_10/libpam4j-repackaged.jar:lib/lib_10/load-balancer-admin.jar:lib/lib_10/logging.jar:lib/lib_10/management-api.jar:lib/lib_10/metro-glue.jar:lib/lib_10/mimepull.jar:lib/lib_10/monitoring-core.jar:lib/lib_10/nucleus-grizzly-all.jar:lib/lib_10/nucleus-resources.jar:lib/lib_10/orb-connector.jar:lib/lib_10/orb-enabler.jar:lib/lib_10/orb-iiop.jar:lib/lib_10/org.apache.felix.bundlerepository.jar:lib/lib_10/org.apache.felix.configadmin.jar:lib/lib_10/org.apache.felix.eventadmin.jar:lib/lib_10/org.apache.felix.fileinstall.jar:lib/lib_10/org.apache.felix.gogo.command.jar:lib/lib_10/org.apache.felix.gogo.runtime.jar:lib/lib_10/org.apache.felix.gogo.shell.jar:lib/lib_10/org.apache.felix.scr.jar:lib/lib_10/org.eclipse.persistence.antlr.jar:lib/lib_10/org.eclipse.persistence.asm.jar:lib/lib_10/org.eclipse.persistence.core.jar:lib/lib_10/org.eclipse.persistence.dbws.jar:lib/lib_10/org.eclipse.persistence.jpa.jar:lib/lib_10/org.eclipse.persistence.jpa.jpql.jar:lib/lib_10/org.eclipse.persistence.jpa.modelgen.processor.jar:lib/lib_10/org.eclipse.persistence.moxy.jar:lib/lib_10/org.eclipse.persistence.oracle.jar:lib/lib_10/osgi-adapter.jar:lib/lib_10/osgi-cdi.jar:lib/lib_10/osgi-cli-remote.jar:lib/lib_10/osgi-container.jar:lib/lib_10/osgi-ee-resources.jar:lib/lib_10/osgi-ejb-container.jar:lib/lib_10/osgi-http.jar:lib/lib_10/osgi-javaee-base.jar:lib/lib_10/osgi-jdbc.jar:lib/lib_10/osgi-jpa-extension.jar:lib/lib_10/osgi-jpa.jar:lib/lib_10/osgi-jta.jar:lib/lib_10/osgi-resource-locator.jar:lib/lib_10/osgi-web-container.jar:lib/lib_10/persistence-common.jar:lib/lib_10/pfl-asm.jar:lib/lib_10/pfl-basic-tools.jar:lib/lib_10/pfl-basic.jar:lib/lib_10/pfl-dynamic.jar:lib/lib_10/pfl-tf-tools.jar:lib/lib_10/pfl-tf.jar:lib/lib_10/pkg-client.jar:lib/lib_10/registration-api.jar:lib/lib_10/registration-impl.jar:lib/lib_10/resources-connector.jar:lib/lib_10/resources-runtime.jar:lib/lib_10/rest-client.jar:lib/lib_10/rest-service.jar:lib/lib_10/scattered-archive-api.jar:lib/lib_10/schema2beans-repackaged.jar:lib/lib_10/security-ee.jar:lib/lib_10/security-services.jar:lib/lib_10/security.jar:lib/lib_10/shoal-cache.jar:lib/lib_10/shoal-gms-api.jar:lib/lib_10/shoal-gms-impl.jar:lib/lib_10/simple-glassfish-api.jar:lib/lib_10/soap-tcp.jar:lib/lib_10/ssl-impl.jar:lib/lib_10/stats77.jar:lib/lib_10/stax2-api.jar:lib/lib_10/transaction-internal-api.jar:lib/lib_10/trilead-ssh2-repackaged.jar:lib/lib_10/tyrus-client.jar:lib/lib_10/tyrus-container-glassfish-cdi.jar:lib/lib_10/tyrus-container-grizzly.jar:lib/lib_10/tyrus-container-servlet.jar:lib/lib_10/tyrus-core.jar:lib/lib_10/tyrus-server.jar:lib/lib_10/tyrus-spi.jar:lib/lib_10/tyrus-websocket-core.jar:lib/lib_10/war-util.jar:lib/lib_10/web-cli.jar:lib/lib_10/web-core.jar:lib/lib_10/web-embed-api.jar:lib/lib_10/web-glue.jar:lib/lib_10/web-gui-plugin-common.jar:lib/lib_10/web-ha.jar:lib/lib_10/web-naming.jar:lib/lib_10/web-sse.jar:lib/lib_10/websecurity.jar:lib/lib_10/webservices-api-osgi.jar:lib/lib_10/webservices-connector.jar:lib/lib_10/webservices-extra-jdk-packages.jar:lib/lib_10/webservices-osgi.jar:lib/lib_10/webservices.security.jar:lib/lib_10/weld-integration-fragment.jar:lib/lib_10/weld-integration.jar:lib/lib_10/weld-osgi-bundle.jar:lib/lib_10/woodstox-core-asl.jar:lib/lib_10/work-management.jar:lib/objenesis-2.1.jar:lib/cglib-nodep-2.2.2.jar:lib/junit-4.11.jar:lib/easymock-3.2.jar:lib/javassist-3.18.2-GA.jar:lib/powermock-easymock-1.5.5-full.jar:build/test/classes:src/conf" />
    <property name="file.reference.pfl-basic.jar" value="lib/lib_10/pfl-basic.jar" />
    <property name="libs.JAXB-ENDORSED.maven-pom" value="" />
    <property name="libs.JAVADB_DRIVER_LABEL.maven-pom" value="" />
    <property name="build.generated.dir" value="build/generated" />
    <property name="libs.beans-binding.maven-pom" value="" />
    <property name="javac.test.classpath" value="../ServerMDBRemoteInterface/dist/ServerMDBRemoteInterface.jar:/Applications/NetBeans/NetBeans 8.0.app/Contents/Resources/NetBeans/java/modules/ext/eclipselink/javax.persistence_2.1.0.v201304241213.jar:/Applications/NetBeans/NetBeans 8.0.app/Contents/Resources/NetBeans/java/modules/ext/eclipselink/eclipselink.jar:/Applications/NetBeans/NetBeans 8.0.app/Contents/Resources/NetBeans/java/modules/ext/eclipselink/javax.persistence_2.1.0.v201304241213.jar:/Applications/NetBeans/NetBeans 8.0.app/Contents/Resources/NetBeans/java/modules/ext/eclipselink/org.eclipse.persistence.jpa.jpql_2.5.1.v20130918-f2b9fc5.jar:/Applications/NetBeans/glassfish-4.0/javadb/lib/derby.jar:/Applications/NetBeans/glassfish-4.0/javadb/lib/derbyclient.jar:/Applications/NetBeans/glassfish-4.0/javadb/lib/derbynet.jar:lib/commons-beanutils-1.8.3.jar:lib/commons-collections-3.2.1.jar:lib/commons-lang-2.6.jar:lib/commons-logging-1.1.3.jar:lib/core-3.0.1.jar:lib/ezmorph-1.0.6.jar:lib/javase-3.0.1.jar:lib/json-lib-2.4-jdk15.jar:lib/log4j-1.2.17.jar:lib/log4j-over-slf4j-1.7.7.jar:lib/slf4j-api-1.7.7.jar:lib/slf4j-jdk14-1.7.7.jar:lib/slf4j-log4j12-1.7.7.jar:lib/slf4j-simple-1.7.7.jar:lib/webcam-capture-0.3.10-RC6.jar:/Applications/NetBeans/NetBeans 8.0.app/Contents/Resources/NetBeans/platform/modules/ext/junit-4.10.jar:lib/appserv-admin.jar:lib/appserv-rt.jar:lib/imq.jar:lib/javaee.jar:lib/gf-client.jar:lib/glassfish-embedded-static-shell.jar:/Applications/NetBeans/NetBeans 8.0.app/Contents/Resources/NetBeans/enterprise/modules/ext/javaee-api-7.0.jar:lib/bridj-0.7-20131007.003529-54.jar:lib/junit-4.11.jar:lib/commons-io-2.4.jar:build/jar:lib/lib_10/acc-config.jar:lib/lib_10/admin-cli.jar:lib/lib_10/admin-core.jar:lib/lib_10/admin-util.jar:lib/lib_10/amx-core.jar:lib/lib_10/amx-javaee.jar:lib/lib_10/annotation-framework.jar:lib/lib_10/ant.jar:lib/lib_10/antlr-repackaged.jar:lib/lib_10/api-exporter.jar:lib/lib_10/appclient-connector.jar:lib/lib_10/appclient-server-core.jar:lib/lib_10/appclient.security.jar:lib/lib_10/asm-all-repackaged.jar:lib/lib_10/backup.jar:lib/lib_10/bean-validator-cdi.jar:lib/lib_10/bean-validator.jar:lib/lib_10/cglib.jar:lib/lib_10/class-model.jar:lib/lib_10/cluster-admin.jar:lib/lib_10/cluster-common.jar:lib/lib_10/cluster-ssh.jar:lib/lib_10/cmp-ejb-mapping.jar:lib/lib_10/cmp-enhancer.jar:lib/lib_10/cmp-generator-database.jar:lib/lib_10/cmp-internal-api.jar:lib/lib_10/cmp-model.jar:lib/lib_10/cmp-support-ejb.jar:lib/lib_10/cmp-support-sqlstore.jar:lib/lib_10/cmp-utility.jar:lib/lib_10/com.ibm.jbatch-ri-spi.jar:lib/lib_10/com.ibm.jbatch-runtime-all.jar:lib/lib_10/common-util.jar:lib/lib_10/concurrent-connector.jar:lib/lib_10/concurrent-impl.jar:lib/lib_10/config-api.jar:lib/lib_10/config-types.jar:lib/lib_10/connectors-admin.jar:lib/lib_10/connectors-inbound-runtime.jar:lib/lib_10/connectors-internal-api.jar:lib/lib_10/connectors-runtime.jar:lib/lib_10/console-cluster-plugin.jar:lib/lib_10/console-common-full-plugin.jar:lib/lib_10/console-common.jar:lib/lib_10/console-community-branding-plugin.jar:lib/lib_10/console-concurrent-plugin.jar:lib/lib_10/console-corba-plugin.jar:lib/lib_10/console-ejb-lite-plugin.jar:lib/lib_10/console-ejb-plugin.jar:lib/lib_10/console-jca-plugin.jar:lib/lib_10/console-jdbc-plugin.jar:lib/lib_10/console-jms-plugin.jar:lib/lib_10/console-jts-plugin.jar:lib/lib_10/console-plugin-service.jar:lib/lib_10/console-updatecenter-plugin.jar:lib/lib_10/console-web-plugin.jar:lib/lib_10/container-common.jar:lib/lib_10/core.jar:lib/lib_10/dataprovider.jar:lib/lib_10/dbschema-repackaged.jar:lib/lib_10/deployment-admin.jar:lib/lib_10/deployment-autodeploy.jar:lib/lib_10/deployment-client.jar:lib/lib_10/deployment-common.jar:lib/lib_10/deployment-javaee-core.jar:lib/lib_10/deployment-javaee-full.jar:lib/lib_10/dol.jar:lib/lib_10/ejb-container.jar:lib/lib_10/ejb-full-container.jar:lib/lib_10/ejb-internal-api.jar:lib/lib_10/ejb.security.jar:lib/lib_10/entitybean-container.jar:lib/lib_10/flashlight-extra-jdk-packages.jar:lib/lib_10/flashlight-framework.jar:lib/lib_10/gf-admingui-connector.jar:lib/lib_10/gf-client-module.jar:lib/lib_10/gf-connectors-connector.jar:lib/lib_10/gf-ejb-connector.jar:lib/lib_10/gf-jms-connector.jar:lib/lib_10/gf-jms-injection.jar:lib/lib_10/gf-jpa-connector.jar:lib/lib_10/gf-load-balancer-connector.jar:lib/lib_10/gf-restadmin-connector.jar:lib/lib_10/gf-web-connector.jar:lib/lib_10/gf-weld-connector.jar:lib/lib_10/glassfish-api.jar:lib/lib_10/glassfish-batch-commands.jar:lib/lib_10/glassfish-batch-connector.jar:lib/lib_10/glassfish-corba-csiv2-idl.jar:lib/lib_10/glassfish-corba-internal-api.jar:lib/lib_10/glassfish-corba-omgapi.jar:lib/lib_10/glassfish-corba-orb.jar:lib/lib_10/glassfish-ee-api.jar:lib/lib_10/glassfish-extra-jre-packages.jar:lib/lib_10/glassfish-grizzly-extra-all.jar:lib/lib_10/glassfish-mbeanserver.jar:lib/lib_10/glassfish-naming.jar:lib/lib_10/glassfish-oracle-jdbc-driver-packages.jar:lib/lib_10/glassfish-registration.jar:lib/lib_10/glassfish.jar:lib/lib_10/gmbal.jar:lib/lib_10/gms-adapter.jar:lib/lib_10/gms-bootstrap.jar:lib/lib_10/guava.jar:lib/lib_10/ha-api.jar:lib/lib_10/ha-file-store.jar:lib/lib_10/ha-shoal-cache-bootstrap.jar:lib/lib_10/ha-shoal-cache-store.jar:lib/lib_10/hk2-api.jar:lib/lib_10/hk2-config.jar:lib/lib_10/hk2-locator.jar:lib/lib_10/hk2-runlevel.jar:lib/lib_10/hk2-utils.jar:lib/lib_10/hk2.jar:lib/lib_10/inmemory.jacc.provider.jar:lib/lib_10/internal-api.jar:lib/lib_10/j-interop-repackaged.jar:lib/lib_10/jackson-core-asl.jar:lib/lib_10/jackson-jaxrs.jar:lib/lib_10/jackson-mapper-asl.jar:lib/lib_10/jackson-xc.jar:lib/lib_10/jaspic.provider.framework.jar:lib/lib_10/javaee-kernel.jar:lib/lib_10/javamail-connector.jar:lib/lib_10/javamail-runtime.jar:lib/lib_10/javax.annotation-api.jar:lib/lib_10/javax.batch-api.jar:lib/lib_10/javax.ejb-api.jar:lib/lib_10/javax.el.jar:lib/lib_10/javax.enterprise.concurrent-api.jar:lib/lib_10/javax.enterprise.concurrent.jar:lib/lib_10/javax.enterprise.deploy-api.jar:lib/lib_10/javax.faces.jar:lib/lib_10/javax.inject.jar:lib/lib_10/javax.interceptor-api.jar:lib/lib_10/javax.jms-api.jar:lib/lib_10/javax.json.jar:lib/lib_10/javax.mail.jar:lib/lib_10/javax.management.j2ee-api.jar:lib/lib_10/javax.persistence.jar:lib/lib_10/javax.resource-api.jar:lib/lib_10/javax.security.auth.message-api.jar:lib/lib_10/javax.security.jacc-api.jar:lib/lib_10/javax.servlet-api.jar:lib/lib_10/javax.servlet.jsp-api.jar:lib/lib_10/javax.servlet.jsp.jar:lib/lib_10/javax.servlet.jsp.jstl-api.jar:lib/lib_10/javax.servlet.jsp.jstl.jar:lib/lib_10/javax.transaction-api.jar:lib/lib_10/javax.websocket-api.jar:lib/lib_10/javax.ws.rs-api.jar:lib/lib_10/javax.xml.registry-api.jar:lib/lib_10/javax.xml.rpc-api.jar:lib/lib_10/jaxb-api-osgi.jar:lib/lib_10/jaxb-extra-osgi.jar:lib/lib_10/jaxb-osgi.jar:lib/lib_10/jdbc-admin.jar:lib/lib_10/jdbc-config.jar:lib/lib_10/jdbc-runtime.jar:lib/lib_10/jersey-bean-validation.jar:lib/lib_10/jersey-client.jar:lib/lib_10/jersey-common.jar:lib/lib_10/jersey-container-grizzly2-http.jar:lib/lib_10/jersey-container-servlet-core.jar:lib/lib_10/jersey-container-servlet.jar:lib/lib_10/jersey-gf-cdi.jar:lib/lib_10/jersey-gf-ejb.jar:lib/lib_10/jersey-media-json-jackson.jar:lib/lib_10/jersey-media-json-jettison.jar:lib/lib_10/jersey-media-json-processing.jar:lib/lib_10/jersey-media-moxy.jar:lib/lib_10/jersey-media-multipart.jar:lib/lib_10/jersey-media-sse.jar:lib/lib_10/jersey-mvc-connector.jar:lib/lib_10/jersey-mvc-jsp.jar:lib/lib_10/jersey-mvc.jar:lib/lib_10/jersey-server.jar:lib/lib_10/jettison.jar:lib/lib_10/jms-admin.jar:lib/lib_10/jms-core.jar:lib/lib_10/jmxremote_optional-repackaged.jar:lib/lib_10/jpa-container.jar:lib/lib_10/jsf-connector.jar:lib/lib_10/jsftemplating.jar:lib/lib_10/jsonp-jaxrs.jar:lib/lib_10/jspcaching-connector.jar:lib/lib_10/jsr109-impl.jar:lib/lib_10/jstl-connector.jar:lib/lib_10/jta.jar:lib/lib_10/jts.jar:lib/lib_10/kernel.jar:lib/lib_10/launcher.jar:lib/lib_10/ldapbp-repackaged.jar:lib/lib_10/libpam4j-repackaged.jar:lib/lib_10/load-balancer-admin.jar:lib/lib_10/logging.jar:lib/lib_10/management-api.jar:lib/lib_10/metro-glue.jar:lib/lib_10/mimepull.jar:lib/lib_10/monitoring-core.jar:lib/lib_10/nucleus-grizzly-all.jar:lib/lib_10/nucleus-resources.jar:lib/lib_10/orb-connector.jar:lib/lib_10/orb-enabler.jar:lib/lib_10/orb-iiop.jar:lib/lib_10/org.apache.felix.bundlerepository.jar:lib/lib_10/org.apache.felix.configadmin.jar:lib/lib_10/org.apache.felix.eventadmin.jar:lib/lib_10/org.apache.felix.fileinstall.jar:lib/lib_10/org.apache.felix.gogo.command.jar:lib/lib_10/org.apache.felix.gogo.runtime.jar:lib/lib_10/org.apache.felix.gogo.shell.jar:lib/lib_10/org.apache.felix.scr.jar:lib/lib_10/org.eclipse.persistence.antlr.jar:lib/lib_10/org.eclipse.persistence.asm.jar:lib/lib_10/org.eclipse.persistence.core.jar:lib/lib_10/org.eclipse.persistence.dbws.jar:lib/lib_10/org.eclipse.persistence.jpa.jar:lib/lib_10/org.eclipse.persistence.jpa.jpql.jar:lib/lib_10/org.eclipse.persistence.jpa.modelgen.processor.jar:lib/lib_10/org.eclipse.persistence.moxy.jar:lib/lib_10/org.eclipse.persistence.oracle.jar:lib/lib_10/osgi-adapter.jar:lib/lib_10/osgi-cdi.jar:lib/lib_10/osgi-cli-remote.jar:lib/lib_10/osgi-container.jar:lib/lib_10/osgi-ee-resources.jar:lib/lib_10/osgi-ejb-container.jar:lib/lib_10/osgi-http.jar:lib/lib_10/osgi-javaee-base.jar:lib/lib_10/osgi-jdbc.jar:lib/lib_10/osgi-jpa-extension.jar:lib/lib_10/osgi-jpa.jar:lib/lib_10/osgi-jta.jar:lib/lib_10/osgi-resource-locator.jar:lib/lib_10/osgi-web-container.jar:lib/lib_10/persistence-common.jar:lib/lib_10/pfl-asm.jar:lib/lib_10/pfl-basic-tools.jar:lib/lib_10/pfl-basic.jar:lib/lib_10/pfl-dynamic.jar:lib/lib_10/pfl-tf-tools.jar:lib/lib_10/pfl-tf.jar:lib/lib_10/pkg-client.jar:lib/lib_10/registration-api.jar:lib/lib_10/registration-impl.jar:lib/lib_10/resources-connector.jar:lib/lib_10/resources-runtime.jar:lib/lib_10/rest-client.jar:lib/lib_10/rest-service.jar:lib/lib_10/scattered-archive-api.jar:lib/lib_10/schema2beans-repackaged.jar:lib/lib_10/security-ee.jar:lib/lib_10/security-services.jar:lib/lib_10/security.jar:lib/lib_10/shoal-cache.jar:lib/lib_10/shoal-gms-api.jar:lib/lib_10/shoal-gms-impl.jar:lib/lib_10/simple-glassfish-api.jar:lib/lib_10/soap-tcp.jar:lib/lib_10/ssl-impl.jar:lib/lib_10/stats77.jar:lib/lib_10/stax2-api.jar:lib/lib_10/transaction-internal-api.jar:lib/lib_10/trilead-ssh2-repackaged.jar:lib/lib_10/tyrus-client.jar:lib/lib_10/tyrus-container-glassfish-cdi.jar:lib/lib_10/tyrus-container-grizzly.jar:lib/lib_10/tyrus-container-servlet.jar:lib/lib_10/tyrus-core.jar:lib/lib_10/tyrus-server.jar:lib/lib_10/tyrus-spi.jar:lib/lib_10/tyrus-websocket-core.jar:lib/lib_10/war-util.jar:lib/lib_10/web-cli.jar:lib/lib_10/web-core.jar:lib/lib_10/web-embed-api.jar:lib/lib_10/web-glue.jar:lib/lib_10/web-gui-plugin-common.jar:lib/lib_10/web-ha.jar:lib/lib_10/web-naming.jar:lib/lib_10/web-sse.jar:lib/lib_10/websecurity.jar:lib/lib_10/webservices-api-osgi.jar:lib/lib_10/webservices-connector.jar:lib/lib_10/webservices-extra-jdk-packages.jar:lib/lib_10/webservices-osgi.jar:lib/lib_10/webservices.security.jar:lib/lib_10/weld-integration-fragment.jar:lib/lib_10/weld-integration.jar:lib/lib_10/weld-osgi-bundle.jar:lib/lib_10/woodstox-core-asl.jar:lib/lib_10/work-management.jar:lib/objenesis-2.1.jar:lib/cglib-nodep-2.2.2.jar:lib/junit-4.11.jar:lib/easymock-3.2.jar:lib/javassist-3.18.2-GA.jar:lib/powermock-easymock-1.5.5-full.jar" />
    <property name="libs.hibernate4-persistencemodelgen.javadoc" value="" />
    <property name="platforms.JDK_1.7.0_51.bootclasspath" value="/Library/Java/JavaVirtualMachines/jdk1.7.0_51.jdk/Contents/Home/jre/lib/resources.jar:/Library/Java/JavaVirtualMachines/jdk1.7.0_51.jdk/Contents/Home/jre/lib/rt.jar:/Library/Java/JavaVirtualMachines/jdk1.7.0_51.jdk/Contents/Home/jre/lib/sunrsasign.jar:/Library/Java/JavaVirtualMachines/jdk1.7.0_51.jdk/Contents/Home/jre/lib/jsse.jar:/Library/Java/JavaVirtualMachines/jdk1.7.0_51.jdk/Contents/Home/jre/lib/jce.jar:/Library/Java/JavaVirtualMachines/jdk1.7.0_51.jdk/Contents/Home/jre/lib/charsets.jar:/Library/Java/JavaVirtualMachines/jdk1.7.0_51.jdk/Contents/Home/jre/lib/jfr.jar:/Library/Java/JavaVirtualMachines/jdk1.7.0_51.jdk/Contents/Home/jre/classes:/Library/Java/JavaVirtualMachines/jdk1.7.0_51.jdk/Contents/Home/jre/lib/ext/dnsns.jar:/Library/Java/JavaVirtualMachines/jdk1.7.0_51.jdk/Contents/Home/jre/lib/ext/localedata.jar:/Library/Java/JavaVirtualMachines/jdk1.7.0_51.jdk/Contents/Home/jre/lib/ext/sunec.jar:/Library/Java/JavaVirtualMachines/jdk1.7.0_51.jdk/Contents/Home/jre/lib/ext/sunjce_provider.jar:/Library/Java/JavaVirtualMachines/jdk1.7.0_51.jdk/Contents/Home/jre/lib/ext/sunpkcs11.jar:/Library/Java/JavaVirtualMachines/jdk1.7.0_51.jdk/Contents/Home/jre/lib/ext/zipfs.jar:/System/Library/Java/Extensions/AppleScriptEngine.jar:/System/Library/Java/Extensions/dns_sd.jar:/System/Library/Java/Extensions/j3daudio.jar:/System/Library/Java/Extensions/j3dcore.jar:/System/Library/Java/Extensions/j3dutils.jar:/System/Library/Java/Extensions/jai_codec.jar:/System/Library/Java/Extensions/jai_core.jar:/System/Library/Java/Extensions/mlibwrapper_jai.jar:/System/Library/Java/Extensions/MRJToolkit.jar:/System/Library/Java/Extensions/QTJava.zip:/System/Library/Java/Extensions/vecmath.jar" />
    <property name="file.reference.ha-api.jar" value="lib/lib_10/ha-api.jar" />
    <property name="netbeans.accept_license_class" value="org.netbeans.license.AcceptLicense" />
    <property name="ap.cmd.line.internal" value="" />
    <property name="file.reference.glassfish-corba-omgapi.jar" value="lib/lib_10/glassfish-corba-omgapi.jar" />
    <property name="javac.deprecation" value="false" />
    <property name="libs.swing-layout.src" value="/Applications/NetBeans/NetBeans 8.0.app/Contents/Resources/NetBeans/platform/docs/swing-layout-1.0.4-src.zip" />
    <property name="file.reference.ejb-full-container.jar" value="lib/lib_10/ejb-full-container.jar" />
    <property name="file.reference.jersey-mvc-connector.jar" value="lib/lib_10/jersey-mvc-connector.jar" />
    <property name="test.includes" value="Test/AllTestsOK.java" />
    <property name="libs.jsf20.classpath" value="/Applications/NetBeans/NetBeans 8.0.app/Contents/Resources/NetBeans/enterprise/modules/ext/jsf-2_2/javax.faces.jar" />
    <property name="file.reference.schema2beans-repackaged.jar" value="lib/lib_10/schema2beans-repackaged.jar" />
    <property name="java.class.path" value="/Users/marchins/NetBeansProjects/ServerMDBRemoteInterface/dist/ServerMDBRemoteInterface.jar:/Applications/NetBeans/NetBeans 8.0.app/Contents/Resources/NetBeans/java/modules/ext/eclipselink/javax.persistence_2.1.0.v201304241213.jar:/Applications/NetBeans/NetBeans 8.0.app/Contents/Resources/NetBeans/java/modules/ext/eclipselink/eclipselink.jar:/Applications/NetBeans/NetBeans 8.0.app/Contents/Resources/NetBeans/java/modules/ext/eclipselink/org.eclipse.persistence.jpa.jpql_2.5.1.v20130918-f2b9fc5.jar:/Applications/NetBeans/glassfish-4.0/javadb/lib/derby.jar:/Applications/NetBeans/glassfish-4.0/javadb/lib/derbyclient.jar:/Applications/NetBeans/glassfish-4.0/javadb/lib/derbynet.jar:/Users/marchins/NetBeansProjects/AppClientMDB/lib/commons-beanutils-1.8.3.jar:/Users/marchins/NetBeansProjects/AppClientMDB/lib/commons-collections-3.2.1.jar:/Users/marchins/NetBeansProjects/AppClientMDB/lib/commons-lang-2.6.jar:/Users/marchins/NetBeansProjects/AppClientMDB/lib/commons-logging-1.1.3.jar:/Users/marchins/NetBeansProjects/AppClientMDB/lib/core-3.0.1.jar:/Users/marchins/NetBeansProjects/AppClientMDB/lib/ezmorph-1.0.6.jar:/Users/marchins/NetBeansProjects/AppClientMDB/lib/javase-3.0.1.jar:/Users/marchins/NetBeansProjects/AppClientMDB/lib/json-lib-2.4-jdk15.jar:/Users/marchins/NetBeansProjects/AppClientMDB/lib/log4j-1.2.17.jar:/Users/marchins/NetBeansProjects/AppClientMDB/lib/log4j-over-slf4j-1.7.7.jar:/Users/marchins/NetBeansProjects/AppClientMDB/lib/slf4j-api-1.7.7.jar:/Users/marchins/NetBeansProjects/AppClientMDB/lib/slf4j-jdk14-1.7.7.jar:/Users/marchins/NetBeansProjects/AppClientMDB/lib/slf4j-log4j12-1.7.7.jar:/Users/marchins/NetBeansProjects/AppClientMDB/lib/slf4j-simple-1.7.7.jar:/Users/marchins/NetBeansProjects/AppClientMDB/lib/webcam-capture-0.3.10-RC6.jar:/Applications/NetBeans/NetBeans 8.0.app/Contents/Resources/NetBeans/platform/modules/ext/junit-4.10.jar:/Users/marchins/NetBeansProjects/AppClientMDB/lib/appserv-admin.jar:/Users/marchins/NetBeansProjects/AppClientMDB/lib/appserv-rt.jar:/Users/marchins/NetBeansProjects/AppClientMDB/lib/imq.jar:/Users/marchins/NetBeansProjects/AppClientMDB/lib/javaee.jar:/Users/marchins/NetBeansProjects/AppClientMDB/lib/gf-client.jar:/Users/marchins/NetBeansProjects/AppClientMDB/lib/glassfish-embedded-static-shell.jar:/Applications/NetBeans/NetBeans 8.0.app/Contents/Resources/NetBeans/enterprise/modules/ext/javaee-api-7.0.jar:/Users/marchins/NetBeansProjects/AppClientMDB/lib/bridj-0.7-20131007.003529-54.jar:/Users/marchins/NetBeansProjects/AppClientMDB/lib/junit-4.11.jar:/Users/marchins/NetBeansProjects/AppClientMDB/lib/commons-io-2.4.jar:/Users/marchins/NetBeansProjects/AppClientMDB/build/jar:/Users/marchins/NetBeansProjects/AppClientMDB/lib/lib_10/acc-config.jar:/Users/marchins/NetBeansProjects/AppClientMDB/lib/lib_10/admin-cli.jar:/Users/marchins/NetBeansProjects/AppClientMDB/lib/lib_10/admin-core.jar:/Users/marchins/NetBeansProjects/AppClientMDB/lib/lib_10/admin-util.jar:/Users/marchins/NetBeansProjects/AppClientMDB/lib/lib_10/amx-core.jar:/Users/marchins/NetBeansProjects/AppClientMDB/lib/lib_10/amx-javaee.jar:/Users/marchins/NetBeansProjects/AppClientMDB/lib/lib_10/annotation-framework.jar:/Users/marchins/NetBeansProjects/AppClientMDB/lib/lib_10/ant.jar:/Users/marchins/NetBeansProjects/AppClientMDB/lib/lib_10/antlr-repackaged.jar:/Users/marchins/NetBeansProjects/AppClientMDB/lib/lib_10/api-exporter.jar:/Users/marchins/NetBeansProjects/AppClientMDB/lib/lib_10/appclient-connector.jar:/Users/marchins/NetBeansProjects/AppClientMDB/lib/lib_10/appclient-server-core.jar:/Users/marchins/NetBeansProjects/AppClientMDB/lib/lib_10/appclient.security.jar:/Users/marchins/NetBeansProjects/AppClientMDB/lib/lib_10/asm-all-repackaged.jar:/Users/marchins/NetBeansProjects/AppClientMDB/lib/lib_10/backup.jar:/Users/marchins/NetBeansProjects/AppClientMDB/lib/lib_10/bean-validator-cdi.jar:/Users/marchins/NetBeansProjects/AppClientMDB/lib/lib_10/bean-validator.jar:/Users/marchins/NetBeansProjects/AppClientMDB/lib/lib_10/cglib.jar:/Users/marchins/NetBeansProjects/AppClientMDB/lib/lib_10/class-model.jar:/Users/marchins/NetBeansProjects/AppClientMDB/lib/lib_10/cluster-admin.jar:/Users/marchins/NetBeansProjects/AppClientMDB/lib/lib_10/cluster-common.jar:/Users/marchins/NetBeansProjects/AppClientMDB/lib/lib_10/cluster-ssh.jar:/Users/marchins/NetBeansProjects/AppClientMDB/lib/lib_10/cmp-ejb-mapping.jar:/Users/marchins/NetBeansProjects/AppClientMDB/lib/lib_10/cmp-enhancer.jar:/Users/marchins/NetBeansProjects/AppClientMDB/lib/lib_10/cmp-generator-database.jar:/Users/marchins/NetBeansProjects/AppClientMDB/lib/lib_10/cmp-internal-api.jar:/Users/marchins/NetBeansProjects/AppClientMDB/lib/lib_10/cmp-model.jar:/Users/marchins/NetBeansProjects/AppClientMDB/lib/lib_10/cmp-support-ejb.jar:/Users/marchins/NetBeansProjects/AppClientMDB/lib/lib_10/cmp-support-sqlstore.jar:/Users/marchins/NetBeansProjects/AppClientMDB/lib/lib_10/cmp-utility.jar:/Users/marchins/NetBeansProjects/AppClientMDB/lib/lib_10/com.ibm.jbatch-ri-spi.jar:/Users/marchins/NetBeansProjects/AppClientMDB/lib/lib_10/com.ibm.jbatch-runtime-all.jar:/Users/marchins/NetBeansProjects/AppClientMDB/lib/lib_10/common-util.jar:/Users/marchins/NetBeansProjects/AppClientMDB/lib/lib_10/concurrent-connector.jar:/Users/marchins/NetBeansProjects/AppClientMDB/lib/lib_10/concurrent-impl.jar:/Users/marchins/NetBeansProjects/AppClientMDB/lib/lib_10/config-api.jar:/Users/marchins/NetBeansProjects/AppClientMDB/lib/lib_10/config-types.jar:/Users/marchins/NetBeansProjects/AppClientMDB/lib/lib_10/connectors-admin.jar:/Users/marchins/NetBeansProjects/AppClientMDB/lib/lib_10/connectors-inbound-runtime.jar:/Users/marchins/NetBeansProjects/AppClientMDB/lib/lib_10/connectors-internal-api.jar:/Users/marchins/NetBeansProjects/AppClientMDB/lib/lib_10/connectors-runtime.jar:/Users/marchins/NetBeansProjects/AppClientMDB/lib/lib_10/console-cluster-plugin.jar:/Users/marchins/NetBeansProjects/AppClientMDB/lib/lib_10/console-common-full-plugin.jar:/Users/marchins/NetBeansProjects/AppClientMDB/lib/lib_10/console-common.jar:/Users/marchins/NetBeansProjects/AppClientMDB/lib/lib_10/console-community-branding-plugin.jar:/Users/marchins/NetBeansProjects/AppClientMDB/lib/lib_10/console-concurrent-plugin.jar:/Users/marchins/NetBeansProjects/AppClientMDB/lib/lib_10/console-corba-plugin.jar:/Users/marchins/NetBeansProjects/AppClientMDB/lib/lib_10/console-ejb-lite-plugin.jar:/Users/marchins/NetBeansProjects/AppClientMDB/lib/lib_10/console-ejb-plugin.jar:/Users/marchins/NetBeansProjects/AppClientMDB/lib/lib_10/console-jca-plugin.jar:/Users/marchins/NetBeansProjects/AppClientMDB/lib/lib_10/console-jdbc-plugin.jar:/Users/marchins/NetBeansProjects/AppClientMDB/lib/lib_10/console-jms-plugin.jar:/Users/marchins/NetBeansProjects/AppClientMDB/lib/lib_10/console-jts-plugin.jar:/Users/marchins/NetBeansProjects/AppClientMDB/lib/lib_10/console-plugin-service.jar:/Users/marchins/NetBeansProjects/AppClientMDB/lib/lib_10/console-updatecenter-plugin.jar:/Users/marchins/NetBeansProjects/AppClientMDB/lib/lib_10/console-web-plugin.jar:/Users/marchins/NetBeansProjects/AppClientMDB/lib/lib_10/container-common.jar:/Users/marchins/NetBeansProjects/AppClientMDB/lib/lib_10/core.jar:/Users/marchins/NetBeansProjects/AppClientMDB/lib/lib_10/dataprovider.jar:/Users/marchins/NetBeansProjects/AppClientMDB/lib/lib_10/dbschema-repackaged.jar:/Users/marchins/NetBeansProjects/AppClientMDB/lib/lib_10/deployment-admin.jar:/Users/marchins/NetBeansProjects/AppClientMDB/lib/lib_10/deployment-autodeploy.jar:/Users/marchins/NetBeansProjects/AppClientMDB/lib/lib_10/deployment-client.jar:/Users/marchins/NetBeansProjects/AppClientMDB/lib/lib_10/deployment-common.jar:/Users/marchins/NetBeansProjects/AppClientMDB/lib/lib_10/deployment-javaee-core.jar:/Users/marchins/NetBeansProjects/AppClientMDB/lib/lib_10/deployment-javaee-full.jar:/Users/marchins/NetBeansProjects/AppClientMDB/lib/lib_10/dol.jar:/Users/marchins/NetBeansProjects/AppClientMDB/lib/lib_10/ejb-container.jar:/Users/marchins/NetBeansProjects/AppClientMDB/lib/lib_10/ejb-full-container.jar:/Users/marchins/NetBeansProjects/AppClientMDB/lib/lib_10/ejb-internal-api.jar:/Users/marchins/NetBeansProjects/AppClientMDB/lib/lib_10/ejb.security.jar:/Users/marchins/NetBeansProjects/AppClientMDB/lib/lib_10/entitybean-container.jar:/Users/marchins/NetBeansProjects/AppClientMDB/lib/lib_10/flashlight-extra-jdk-packages.jar:/Users/marchins/NetBeansProjects/AppClientMDB/lib/lib_10/flashlight-framework.jar:/Users/marchins/NetBeansProjects/AppClientMDB/lib/lib_10/gf-admingui-connector.jar:/Users/marchins/NetBeansProjects/AppClientMDB/lib/lib_10/gf-client-module.jar:/Users/marchins/NetBeansProjects/AppClientMDB/lib/lib_10/gf-connectors-connector.jar:/Users/marchins/NetBeansProjects/AppClientMDB/lib/lib_10/gf-ejb-connector.jar:/Users/marchins/NetBeansProjects/AppClientMDB/lib/lib_10/gf-jms-connector.jar:/Users/marchins/NetBeansProjects/AppClientMDB/lib/lib_10/gf-jms-injection.jar:/Users/marchins/NetBeansProjects/AppClientMDB/lib/lib_10/gf-jpa-connector.jar:/Users/marchins/NetBeansProjects/AppClientMDB/lib/lib_10/gf-load-balancer-connector.jar:/Users/marchins/NetBeansProjects/AppClientMDB/lib/lib_10/gf-restadmin-connector.jar:/Users/marchins/NetBeansProjects/AppClientMDB/lib/lib_10/gf-web-connector.jar:/Users/marchins/NetBeansProjects/AppClientMDB/lib/lib_10/gf-weld-connector.jar:/Users/marchins/NetBeansProjects/AppClientMDB/lib/lib_10/glassfish-api.jar:/Users/marchins/NetBeansProjects/AppClientMDB/lib/lib_10/glassfish-batch-commands.jar:/Users/marchins/NetBeansProjects/AppClientMDB/lib/lib_10/glassfish-batch-connector.jar:/Users/marchins/NetBeansProjects/AppClientMDB/lib/lib_10/glassfish-corba-csiv2-idl.jar:/Users/marchins/NetBeansProjects/AppClientMDB/lib/lib_10/glassfish-corba-internal-api.jar:/Users/marchins/NetBeansProjects/AppClientMDB/lib/lib_10/glassfish-corba-omgapi.jar:/Users/marchins/NetBeansProjects/AppClientMDB/lib/lib_10/glassfish-corba-orb.jar:/Users/marchins/NetBeansProjects/AppClientMDB/lib/lib_10/glassfish-ee-api.jar:/Users/marchins/NetBeansProjects/AppClientMDB/lib/lib_10/glassfish-extra-jre-packages.jar:/Users/marchins/NetBeansProjects/AppClientMDB/lib/lib_10/glassfish-grizzly-extra-all.jar:/Users/marchins/NetBeansProjects/AppClientMDB/lib/lib_10/glassfish-mbeanserver.jar:/Users/marchins/NetBeansProjects/AppClientMDB/lib/lib_10/glassfish-naming.jar:/Users/marchins/NetBeansProjects/AppClientMDB/lib/lib_10/glassfish-oracle-jdbc-driver-packages.jar:/Users/marchins/NetBeansProjects/AppClientMDB/lib/lib_10/glassfish-registration.jar:/Users/marchins/NetBeansProjects/AppClientMDB/lib/lib_10/glassfish.jar:/Users/marchins/NetBeansProjects/AppClientMDB/lib/lib_10/gmbal.jar:/Users/marchins/NetBeansProjects/AppClientMDB/lib/lib_10/gms-adapter.jar:/Users/marchins/NetBeansProjects/AppClientMDB/lib/lib_10/gms-bootstrap.jar:/Users/marchins/NetBeansProjects/AppClientMDB/lib/lib_10/guava.jar:/Users/marchins/NetBeansProjects/AppClientMDB/lib/lib_10/ha-api.jar:/Users/marchins/NetBeansProjects/AppClientMDB/lib/lib_10/ha-file-store.jar:/Users/marchins/NetBeansProjects/AppClientMDB/lib/lib_10/ha-shoal-cache-bootstrap.jar:/Users/marchins/NetBeansProjects/AppClientMDB/lib/lib_10/ha-shoal-cache-store.jar:/Users/marchins/NetBeansProjects/AppClientMDB/lib/lib_10/hk2-api.jar:/Users/marchins/NetBeansProjects/AppClientMDB/lib/lib_10/hk2-config.jar:/Users/marchins/NetBeansProjects/AppClientMDB/lib/lib_10/hk2-locator.jar:/Users/marchins/NetBeansProjects/AppClientMDB/lib/lib_10/hk2-runlevel.jar:/Users/marchins/NetBeansProjects/AppClientMDB/lib/lib_10/hk2-utils.jar:/Users/marchins/NetBeansProjects/AppClientMDB/lib/lib_10/hk2.jar:/Users/marchins/NetBeansProjects/AppClientMDB/lib/lib_10/inmemory.jacc.provider.jar:/Users/marchins/NetBeansProjects/AppClientMDB/lib/lib_10/internal-api.jar:/Users/marchins/NetBeansProjects/AppClientMDB/lib/lib_10/j-interop-repackaged.jar:/Users/marchins/NetBeansProjects/AppClientMDB/lib/lib_10/jackson-core-asl.jar:/Users/marchins/NetBeansProjects/AppClientMDB/lib/lib_10/jackson-jaxrs.jar:/Users/marchins/NetBeansProjects/AppClientMDB/lib/lib_10/jackson-mapper-asl.jar:/Users/marchins/NetBeansProjects/AppClientMDB/lib/lib_10/jackson-xc.jar:/Users/marchins/NetBeansProjects/AppClientMDB/lib/lib_10/jaspic.provider.framework.jar:/Users/marchins/NetBeansProjects/AppClientMDB/lib/lib_10/javaee-kernel.jar:/Users/marchins/NetBeansProjects/AppClientMDB/lib/lib_10/javamail-connector.jar:/Users/marchins/NetBeansProjects/AppClientMDB/lib/lib_10/javamail-runtime.jar:/Users/marchins/NetBeansProjects/AppClientMDB/lib/lib_10/javax.annotation-api.jar:/Users/marchins/NetBeansProjects/AppClientMDB/lib/lib_10/javax.batch-api.jar:/Users/marchins/NetBeansProjects/AppClientMDB/lib/lib_10/javax.ejb-api.jar:/Users/marchins/NetBeansProjects/AppClientMDB/lib/lib_10/javax.el.jar:/Users/marchins/NetBeansProjects/AppClientMDB/lib/lib_10/javax.enterprise.concurrent-api.jar:/Users/marchins/NetBeansProjects/AppClientMDB/lib/lib_10/javax.enterprise.concurrent.jar:/Users/marchins/NetBeansProjects/AppClientMDB/lib/lib_10/javax.enterprise.deploy-api.jar:/Users/marchins/NetBeansProjects/AppClientMDB/lib/lib_10/javax.faces.jar:/Users/marchins/NetBeansProjects/AppClientMDB/lib/lib_10/javax.inject.jar:/Users/marchins/NetBeansProjects/AppClientMDB/lib/lib_10/javax.interceptor-api.jar:/Users/marchins/NetBeansProjects/AppClientMDB/lib/lib_10/javax.jms-api.jar:/Users/marchins/NetBeansProjects/AppClientMDB/lib/lib_10/javax.json.jar:/Users/marchins/NetBeansProjects/AppClientMDB/lib/lib_10/javax.mail.jar:/Users/marchins/NetBeansProjects/AppClientMDB/lib/lib_10/javax.management.j2ee-api.jar:/Users/marchins/NetBeansProjects/AppClientMDB/lib/lib_10/javax.persistence.jar:/Users/marchins/NetBeansProjects/AppClientMDB/lib/lib_10/javax.resource-api.jar:/Users/marchins/NetBeansProjects/AppClientMDB/lib/lib_10/javax.security.auth.message-api.jar:/Users/marchins/NetBeansProjects/AppClientMDB/lib/lib_10/javax.security.jacc-api.jar:/Users/marchins/NetBeansProjects/AppClientMDB/lib/lib_10/javax.servlet-api.jar:/Users/marchins/NetBeansProjects/AppClientMDB/lib/lib_10/javax.servlet.jsp-api.jar:/Users/marchins/NetBeansProjects/AppClientMDB/lib/lib_10/javax.servlet.jsp.jar:/Users/marchins/NetBeansProjects/AppClientMDB/lib/lib_10/javax.servlet.jsp.jstl-api.jar:/Users/marchins/NetBeansProjects/AppClientMDB/lib/lib_10/javax.servlet.jsp.jstl.jar:/Users/marchins/NetBeansProjects/AppClientMDB/lib/lib_10/javax.transaction-api.jar:/Users/marchins/NetBeansProjects/AppClientMDB/lib/lib_10/javax.websocket-api.jar:/Users/marchins/NetBeansProjects/AppClientMDB/lib/lib_10/javax.ws.rs-api.jar:/Users/marchins/NetBeansProjects/AppClientMDB/lib/lib_10/javax.xml.registry-api.jar:/Users/marchins/NetBeansProjects/AppClientMDB/lib/lib_10/javax.xml.rpc-api.jar:/Users/marchins/NetBeansProjects/AppClientMDB/lib/lib_10/jaxb-api-osgi.jar:/Users/marchins/NetBeansProjects/AppClientMDB/lib/lib_10/jaxb-extra-osgi.jar:/Users/marchins/NetBeansProjects/AppClientMDB/lib/lib_10/jaxb-osgi.jar:/Users/marchins/NetBeansProjects/AppClientMDB/lib/lib_10/jdbc-admin.jar:/Users/marchins/NetBeansProjects/AppClientMDB/lib/lib_10/jdbc-config.jar:/Users/marchins/NetBeansProjects/AppClientMDB/lib/lib_10/jdbc-runtime.jar:/Users/marchins/NetBeansProjects/AppClientMDB/lib/lib_10/jersey-bean-validation.jar:/Users/marchins/NetBeansProjects/AppClientMDB/lib/lib_10/jersey-client.jar:/Users/marchins/NetBeansProjects/AppClientMDB/lib/lib_10/jersey-common.jar:/Users/marchins/NetBeansProjects/AppClientMDB/lib/lib_10/jersey-container-grizzly2-http.jar:/Users/marchins/NetBeansProjects/AppClientMDB/lib/lib_10/jersey-container-servlet-core.jar:/Users/marchins/NetBeansProjects/AppClientMDB/lib/lib_10/jersey-container-servlet.jar:/Users/marchins/NetBeansProjects/AppClientMDB/lib/lib_10/jersey-gf-cdi.jar:/Users/marchins/NetBeansProjects/AppClientMDB/lib/lib_10/jersey-gf-ejb.jar:/Users/marchins/NetBeansProjects/AppClientMDB/lib/lib_10/jersey-media-json-jackson.jar:/Users/marchins/NetBeansProjects/AppClientMDB/lib/lib_10/jersey-media-json-jettison.jar:/Users/marchins/NetBeansProjects/AppClientMDB/lib/lib_10/jersey-media-json-processing.jar:/Users/marchins/NetBeansProjects/AppClientMDB/lib/lib_10/jersey-media-moxy.jar:/Users/marchins/NetBeansProjects/AppClientMDB/lib/lib_10/jersey-media-multipart.jar:/Users/marchins/NetBeansProjects/AppClientMDB/lib/lib_10/jersey-media-sse.jar:/Users/marchins/NetBeansProjects/AppClientMDB/lib/lib_10/jersey-mvc-connector.jar:/Users/marchins/NetBeansProjects/AppClientMDB/lib/lib_10/jersey-mvc-jsp.jar:/Users/marchins/NetBeansProjects/AppClientMDB/lib/lib_10/jersey-mvc.jar:/Users/marchins/NetBeansProjects/AppClientMDB/lib/lib_10/jersey-server.jar:/Users/marchins/NetBeansProjects/AppClientMDB/lib/lib_10/jettison.jar:/Users/marchins/NetBeansProjects/AppClientMDB/lib/lib_10/jms-admin.jar:/Users/marchins/NetBeansProjects/AppClientMDB/lib/lib_10/jms-core.jar:/Users/marchins/NetBeansProjects/AppClientMDB/lib/lib_10/jmxremote_optional-repackaged.jar:/Users/marchins/NetBeansProjects/AppClientMDB/lib/lib_10/jpa-container.jar:/Users/marchins/NetBeansProjects/AppClientMDB/lib/lib_10/jsf-connector.jar:/Users/marchins/NetBeansProjects/AppClientMDB/lib/lib_10/jsftemplating.jar:/Users/marchins/NetBeansProjects/AppClientMDB/lib/lib_10/jsonp-jaxrs.jar:/Users/marchins/NetBeansProjects/AppClientMDB/lib/lib_10/jspcaching-connector.jar:/Users/marchins/NetBeansProjects/AppClientMDB/lib/lib_10/jsr109-impl.jar:/Users/marchins/NetBeansProjects/AppClientMDB/lib/lib_10/jstl-connector.jar:/Users/marchins/NetBeansProjects/AppClientMDB/lib/lib_10/jta.jar:/Users/marchins/NetBeansProjects/AppClientMDB/lib/lib_10/jts.jar:/Users/marchins/NetBeansProjects/AppClientMDB/lib/lib_10/kernel.jar:/Users/marchins/NetBeansProjects/AppClientMDB/lib/lib_10/launcher.jar:/Users/marchins/NetBeansProjects/AppClientMDB/lib/lib_10/ldapbp-repackaged.jar:/Users/marchins/NetBeansProjects/AppClientMDB/lib/lib_10/libpam4j-repackaged.jar:/Users/marchins/NetBeansProjects/AppClientMDB/lib/lib_10/load-balancer-admin.jar:/Users/marchins/NetBeansProjects/AppClientMDB/lib/lib_10/logging.jar:/Users/marchins/NetBeansProjects/AppClientMDB/lib/lib_10/management-api.jar:/Users/marchins/NetBeansProjects/AppClientMDB/lib/lib_10/metro-glue.jar:/Users/marchins/NetBeansProjects/AppClientMDB/lib/lib_10/mimepull.jar:/Users/marchins/NetBeansProjects/AppClientMDB/lib/lib_10/monitoring-core.jar:/Users/marchins/NetBeansProjects/AppClientMDB/lib/lib_10/nucleus-grizzly-all.jar:/Users/marchins/NetBeansProjects/AppClientMDB/lib/lib_10/nucleus-resources.jar:/Users/marchins/NetBeansProjects/AppClientMDB/lib/lib_10/orb-connector.jar:/Users/marchins/NetBeansProjects/AppClientMDB/lib/lib_10/orb-enabler.jar:/Users/marchins/NetBeansProjects/AppClientMDB/lib/lib_10/orb-iiop.jar:/Users/marchins/NetBeansProjects/AppClientMDB/lib/lib_10/org.apache.felix.bundlerepository.jar:/Users/marchins/NetBeansProjects/AppClientMDB/lib/lib_10/org.apache.felix.configadmin.jar:/Users/marchins/NetBeansProjects/AppClientMDB/lib/lib_10/org.apache.felix.eventadmin.jar:/Users/marchins/NetBeansProjects/AppClientMDB/lib/lib_10/org.apache.felix.fileinstall.jar:/Users/marchins/NetBeansProjects/AppClientMDB/lib/lib_10/org.apache.felix.gogo.command.jar:/Users/marchins/NetBeansProjects/AppClientMDB/lib/lib_10/org.apache.felix.gogo.runtime.jar:/Users/marchins/NetBeansProjects/AppClientMDB/lib/lib_10/org.apache.felix.gogo.shell.jar:/Users/marchins/NetBeansProjects/AppClientMDB/lib/lib_10/org.apache.felix.scr.jar:/Users/marchins/NetBeansProjects/AppClientMDB/lib/lib_10/org.eclipse.persistence.antlr.jar:/Users/marchins/NetBeansProjects/AppClientMDB/lib/lib_10/org.eclipse.persistence.asm.jar:/Users/marchins/NetBeansProjects/AppClientMDB/lib/lib_10/org.eclipse.persistence.core.jar:/Users/marchins/NetBeansProjects/AppClientMDB/lib/lib_10/org.eclipse.persistence.dbws.jar:/Users/marchins/NetBeansProjects/AppClientMDB/lib/lib_10/org.eclipse.persistence.jpa.jar:/Users/marchins/NetBeansProjects/AppClientMDB/lib/lib_10/org.eclipse.persistence.jpa.jpql.jar:/Users/marchins/NetBeansProjects/AppClientMDB/lib/lib_10/org.eclipse.persistence.jpa.modelgen.processor.jar:/Users/marchins/NetBeansProjects/AppClientMDB/lib/lib_10/org.eclipse.persistence.moxy.jar:/Users/marchins/NetBeansProjects/AppClientMDB/lib/lib_10/org.eclipse.persistence.oracle.jar:/Users/marchins/NetBeansProjects/AppClientMDB/lib/lib_10/osgi-adapter.jar:/Users/marchins/NetBeansProjects/AppClientMDB/lib/lib_10/osgi-cdi.jar:/Users/marchins/NetBeansProjects/AppClientMDB/lib/lib_10/osgi-cli-remote.jar:/Users/marchins/NetBeansProjects/AppClientMDB/lib/lib_10/osgi-container.jar:/Users/marchins/NetBeansProjects/AppClientMDB/lib/lib_10/osgi-ee-resources.jar:/Users/marchins/NetBeansProjects/AppClientMDB/lib/lib_10/osgi-ejb-container.jar:/Users/marchins/NetBeansProjects/AppClientMDB/lib/lib_10/osgi-http.jar:/Users/marchins/NetBeansProjects/AppClientMDB/lib/lib_10/osgi-javaee-base.jar:/Users/marchins/NetBeansProjects/AppClientMDB/lib/lib_10/osgi-jdbc.jar:/Users/marchins/NetBeansProjects/AppClientMDB/lib/lib_10/osgi-jpa-extension.jar:/Users/marchins/NetBeansProjects/AppClientMDB/lib/lib_10/osgi-jpa.jar:/Users/marchins/NetBeansProjects/AppClientMDB/lib/lib_10/osgi-jta.jar:/Users/marchins/NetBeansProjects/AppClientMDB/lib/lib_10/osgi-resource-locator.jar:/Users/marchins/NetBeansProjects/AppClientMDB/lib/lib_10/osgi-web-container.jar:/Users/marchins/NetBeansProjects/AppClientMDB/lib/lib_10/persistence-common.jar:/Users/marchins/NetBeansProjects/AppClientMDB/lib/lib_10/pfl-asm.jar:/Users/marchins/NetBeansProjects/AppClientMDB/lib/lib_10/pfl-basic-tools.jar:/Users/marchins/NetBeansProjects/AppClientMDB/lib/lib_10/pfl-basic.jar:/Users/marchins/NetBeansProjects/AppClientMDB/lib/lib_10/pfl-dynamic.jar:/Users/marchins/NetBeansProjects/AppClientMDB/lib/lib_10/pfl-tf-tools.jar:/Users/marchins/NetBeansProjects/AppClientMDB/lib/lib_10/pfl-tf.jar:/Users/marchins/NetBeansProjects/AppClientMDB/lib/lib_10/pkg-client.jar:/Users/marchins/NetBeansProjects/AppClientMDB/lib/lib_10/registration-api.jar:/Users/marchins/NetBeansProjects/AppClientMDB/lib/lib_10/registration-impl.jar:/Users/marchins/NetBeansProjects/AppClientMDB/lib/lib_10/resources-connector.jar:/Users/marchins/NetBeansProjects/AppClientMDB/lib/lib_10/resources-runtime.jar:/Users/marchins/NetBeansProjects/AppClientMDB/lib/lib_10/rest-client.jar:/Users/marchins/NetBeansProjects/AppClientMDB/lib/lib_10/rest-service.jar:/Users/marchins/NetBeansProjects/AppClientMDB/lib/lib_10/scattered-archive-api.jar:/Users/marchins/NetBeansProjects/AppClientMDB/lib/lib_10/schema2beans-repackaged.jar:/Users/marchins/NetBeansProjects/AppClientMDB/lib/lib_10/security-ee.jar:/Users/marchins/NetBeansProjects/AppClientMDB/lib/lib_10/security-services.jar:/Users/marchins/NetBeansProjects/AppClientMDB/lib/lib_10/security.jar:/Users/marchins/NetBeansProjects/AppClientMDB/lib/lib_10/shoal-cache.jar:/Users/marchins/NetBeansProjects/AppClientMDB/lib/lib_10/shoal-gms-api.jar:/Users/marchins/NetBeansProjects/AppClientMDB/lib/lib_10/shoal-gms-impl.jar:/Users/marchins/NetBeansProjects/AppClientMDB/lib/lib_10/simple-glassfish-api.jar:/Users/marchins/NetBeansProjects/AppClientMDB/lib/lib_10/soap-tcp.jar:/Users/marchins/NetBeansProjects/AppClientMDB/lib/lib_10/ssl-impl.jar:/Users/marchins/NetBeansProjects/AppClientMDB/lib/lib_10/stats77.jar:/Users/marchins/NetBeansProjects/AppClientMDB/lib/lib_10/stax2-api.jar:/Users/marchins/NetBeansProjects/AppClientMDB/lib/lib_10/transaction-internal-api.jar:/Users/marchins/NetBeansProjects/AppClientMDB/lib/lib_10/trilead-ssh2-repackaged.jar:/Users/marchins/NetBeansProjects/AppClientMDB/lib/lib_10/tyrus-client.jar:/Users/marchins/NetBeansProjects/AppClientMDB/lib/lib_10/tyrus-container-glassfish-cdi.jar:/Users/marchins/NetBeansProjects/AppClientMDB/lib/lib_10/tyrus-container-grizzly.jar:/Users/marchins/NetBeansProjects/AppClientMDB/lib/lib_10/tyrus-container-servlet.jar:/Users/marchins/NetBeansProjects/AppClientMDB/lib/lib_10/tyrus-core.jar:/Users/marchins/NetBeansProjects/AppClientMDB/lib/lib_10/tyrus-server.jar:/Users/marchins/NetBeansProjects/AppClientMDB/lib/lib_10/tyrus-spi.jar:/Users/marchins/NetBeansProjects/AppClientMDB/lib/lib_10/tyrus-websocket-core.jar:/Users/marchins/NetBeansProjects/AppClientMDB/lib/lib_10/war-util.jar:/Users/marchins/NetBeansProjects/AppClientMDB/lib/lib_10/web-cli.jar:/Users/marchins/NetBeansProjects/AppClientMDB/lib/lib_10/web-core.jar:/Users/marchins/NetBeansProjects/AppClientMDB/lib/lib_10/web-embed-api.jar:/Users/marchins/NetBeansProjects/AppClientMDB/lib/lib_10/web-glue.jar:/Users/marchins/NetBeansProjects/AppClientMDB/lib/lib_10/web-gui-plugin-common.jar:/Users/marchins/NetBeansProjects/AppClientMDB/lib/lib_10/web-ha.jar:/Users/marchins/NetBeansProjects/AppClientMDB/lib/lib_10/web-naming.jar:/Users/marchins/NetBeansProjects/AppClientMDB/lib/lib_10/web-sse.jar:/Users/marchins/NetBeansProjects/AppClientMDB/lib/lib_10/websecurity.jar:/Users/marchins/NetBeansProjects/AppClientMDB/lib/lib_10/webservices-api-osgi.jar:/Users/marchins/NetBeansProjects/AppClientMDB/lib/lib_10/webservices-connector.jar:/Users/marchins/NetBeansProjects/AppClientMDB/lib/lib_10/webservices-extra-jdk-packages.jar:/Users/marchins/NetBeansProjects/AppClientMDB/lib/lib_10/webservices-osgi.jar:/Users/marchins/NetBeansProjects/AppClientMDB/lib/lib_10/webservices.security.jar:/Users/marchins/NetBeansProjects/AppClientMDB/lib/lib_10/weld-integration-fragment.jar:/Users/marchins/NetBeansProjects/AppClientMDB/lib/lib_10/weld-integration.jar:/Users/marchins/NetBeansProjects/AppClientMDB/lib/lib_10/weld-osgi-bundle.jar:/Users/marchins/NetBeansProjects/AppClientMDB/lib/lib_10/woodstox-core-asl.jar:/Users/marchins/NetBeansProjects/AppClientMDB/lib/lib_10/work-management.jar:/Users/marchins/NetBeansProjects/AppClientMDB/lib/objenesis-2.1.jar:/Users/marchins/NetBeansProjects/AppClientMDB/lib/cglib-nodep-2.2.2.jar:/Users/marchins/NetBeansProjects/AppClientMDB/lib/easymock-3.2.jar:/Users/marchins/NetBeansProjects/AppClientMDB/lib/javassist-3.18.2-GA.jar:/Users/marchins/NetBeansProjects/AppClientMDB/lib/powermock-easymock-1.5.5-full.jar:/Users/marchins/NetBeansProjects/AppClientMDB/build/test/classes:/Users/marchins/NetBeansProjects/AppClientMDB/src/conf:/Applications/NetBeans/glassfish-4.0/mq/lib/jaxm-api.jar:/Applications/NetBeans/glassfish-4.0/glassfish/modules/endorsed/javax.annotation-api.jar:/Applications/NetBeans/glassfish-4.0/glassfish/modules/endorsed/jaxb-api-osgi.jar:/Applications/NetBeans/glassfish-4.0/glassfish/modules/endorsed/webservices-api-osgi.jar:/Applications/NetBeans/glassfish-4.0/glassfish/modules/bean-validator.jar:/Applications/NetBeans/glassfish-4.0/glassfish/modules/javax.batch-api.jar:/Applications/NetBeans/glassfish-4.0/glassfish/modules/javax.ejb-api.jar:/Applications/NetBeans/glassfish-4.0/glassfish/modules/javax.el.jar:/Applications/NetBeans/glassfish-4.0/glassfish/modules/javax.enterprise.concurrent-api.jar:/Applications/NetBeans/glassfish-4.0/glassfish/modules/javax.enterprise.concurrent.jar:/Applications/NetBeans/glassfish-4.0/glassfish/modules/javax.enterprise.deploy-api.jar:/Applications/NetBeans/glassfish-4.0/glassfish/modules/javax.faces.jar:/Applications/NetBeans/glassfish-4.0/glassfish/modules/javax.inject.jar:/Applications/NetBeans/glassfish-4.0/glassfish/modules/javax.interceptor-api.jar:/Applications/NetBeans/glassfish-4.0/glassfish/modules/javax.jms-api.jar:/Applications/NetBeans/glassfish-4.0/glassfish/modules/javax.json.jar:/Applications/NetBeans/glassfish-4.0/glassfish/modules/javax.mail.jar:/Applications/NetBeans/glassfish-4.0/glassfish/modules/javax.management.j2ee-api.jar:/Applications/NetBeans/glassfish-4.0/glassfish/modules/javax.persistence.jar:/Applications/NetBeans/glassfish-4.0/glassfish/modules/javax.resource-api.jar:/Applications/NetBeans/glassfish-4.0/glassfish/modules/javax.security.auth.message-api.jar:/Applications/NetBeans/glassfish-4.0/glassfish/modules/javax.security.jacc-api.jar:/Applications/NetBeans/glassfish-4.0/glassfish/modules/javax.servlet-api.jar:/Applications/NetBeans/glassfish-4.0/glassfish/modules/javax.servlet.jsp-api.jar:/Applications/NetBeans/glassfish-4.0/glassfish/modules/javax.servlet.jsp.jar:/Applications/NetBeans/glassfish-4.0/glassfish/modules/javax.servlet.jsp.jstl-api.jar:/Applications/NetBeans/glassfish-4.0/glassfish/modules/javax.servlet.jsp.jstl.jar:/Applications/NetBeans/glassfish-4.0/glassfish/modules/javax.transaction-api.jar:/Applications/NetBeans/glassfish-4.0/glassfish/modules/javax.websocket-api.jar:/Applications/NetBeans/glassfish-4.0/glassfish/modules/javax.ws.rs-api.jar:/Applications/NetBeans/glassfish-4.0/glassfish/modules/javax.xml.registry-api.jar:/Applications/NetBeans/glassfish-4.0/glassfish/modules/javax.xml.rpc-api.jar:/Applications/NetBeans/glassfish-4.0/glassfish/modules/jaxb-osgi.jar:/Applications/NetBeans/glassfish-4.0/glassfish/modules/webservices-osgi.jar:/Applications/NetBeans/glassfish-4.0/glassfish/modules/weld-osgi-bundle.jar:/Applications/NetBeans/NetBeans 8.0.app/Contents/Resources/NetBeans/extide/ant/lib/ant-launcher.jar:/Applications/NetBeans/NetBeans 8.0.app/Contents/Resources/NetBeans/extide/ant/lib/ant.jar:/Applications/NetBeans/NetBeans 8.0.app/Contents/Resources/NetBeans/extide/ant/lib/ant-junit.jar:/Applications/NetBeans/NetBeans 8.0.app/Contents/Resources/NetBeans/extide/ant/lib/ant-junit4.jar" />
    <property name="libs.jaxws21.javadoc" value="/Applications/NetBeans/NetBeans 8.0.app/Contents/Resources/NetBeans/java/docs/jaxws-api-doc.zip" />
    <property name="libs.MySQLDriver.src" value="" />
    <property name="libs.MySQLDriver.classpath" value="/Applications/NetBeans/NetBeans 8.0.app/Contents/Resources/NetBeans/ide/modules/ext/mysql-connector-java-5.1.23-bin.jar" />
    <property name="file.reference.org.eclipse.persistence.dbws.jar" value="lib/lib_10/org.eclipse.persistence.dbws.jar" />
    <property name="ant.java.version" value="1.7" />
    <property name="libs.spring-framework400.classpath" value="/Applications/NetBeans/NetBeans 8.0.app/Contents/Resources/NetBeans/ide/modules/org-apache-commons-logging.jar:/Applications/NetBeans/NetBeans 8.0.app/Contents/Resources/NetBeans/java/modules/ext/cglib-2.2.jar:/Applications/NetBeans/NetBeans 8.0.app/Contents/Resources/NetBeans/java/modules/ext/spring-4/spring-aop-4.0.1.RELEASE.jar:/Applications/NetBeans/NetBeans 8.0.app/Contents/Resources/NetBeans/java/modules/ext/spring-4/spring-aspects-4.0.1.RELEASE.jar:/Applications/NetBeans/NetBeans 8.0.app/Contents/Resources/NetBeans/java/modules/ext/spring-4/spring-beans-4.0.1.RELEASE.jar:/Applications/NetBeans/NetBeans 8.0.app/Contents/Resources/NetBeans/java/modules/ext/spring-4/spring-build-src-4.0.1.RELEASE.jar:/Applications/NetBeans/NetBeans 8.0.app/Contents/Resources/NetBeans/java/modules/ext/spring-4/spring-context-4.0.1.RELEASE.jar:/Applications/NetBeans/NetBeans 8.0.app/Contents/Resources/NetBeans/java/modules/ext/spring-4/spring-context-support-4.0.1.RELEASE.jar:/Applications/NetBeans/NetBeans 8.0.app/Contents/Resources/NetBeans/java/modules/ext/spring-4/spring-core-4.0.1.RELEASE.jar:/Applications/NetBeans/NetBeans 8.0.app/Contents/Resources/NetBeans/java/modules/ext/spring-4/spring-expression-4.0.1.RELEASE.jar:/Applications/NetBeans/NetBeans 8.0.app/Contents/Resources/NetBeans/java/modules/ext/spring-4/spring-framework-bom-4.0.1.RELEASE.jar:/Applications/NetBeans/NetBeans 8.0.app/Contents/Resources/NetBeans/java/modules/ext/spring-4/spring-instrument-4.0.1.RELEASE.jar:/Applications/NetBeans/NetBeans 8.0.app/Contents/Resources/NetBeans/java/modules/ext/spring-4/spring-instrument-tomcat-4.0.1.RELEASE.jar:/Applications/NetBeans/NetBeans 8.0.app/Contents/Resources/NetBeans/java/modules/ext/spring-4/spring-jdbc-4.0.1.RELEASE.jar:/Applications/NetBeans/NetBeans 8.0.app/Contents/Resources/NetBeans/java/modules/ext/spring-4/spring-jms-4.0.1.RELEASE.jar:/Applications/NetBeans/NetBeans 8.0.app/Contents/Resources/NetBeans/java/modules/ext/spring-4/spring-messaging-4.0.1.RELEASE.jar:/Applications/NetBeans/NetBeans 8.0.app/Contents/Resources/NetBeans/java/modules/ext/spring-4/spring-orm-4.0.1.RELEASE.jar:/Applications/NetBeans/NetBeans 8.0.app/Contents/Resources/NetBeans/java/modules/ext/spring-4/spring-oxm-4.0.1.RELEASE.jar:/Applications/NetBeans/NetBeans 8.0.app/Contents/Resources/NetBeans/java/modules/ext/spring-4/spring-test-4.0.1.RELEASE.jar:/Applications/NetBeans/NetBeans 8.0.app/Contents/Resources/NetBeans/java/modules/ext/spring-4/spring-tx-4.0.1.RELEASE.jar:/Applications/NetBeans/NetBeans 8.0.app/Contents/Resources/NetBeans/java/modules/ext/spring-4/spring-web-4.0.1.RELEASE.jar:/Applications/NetBeans/NetBeans 8.0.app/Contents/Resources/NetBeans/java/modules/ext/spring-4/spring-webmvc-4.0.1.RELEASE.jar:/Applications/NetBeans/NetBeans 8.0.app/Contents/Resources/NetBeans/java/modules/ext/spring-4/spring-webmvc-portlet-4.0.1.RELEASE.jar:/Applications/NetBeans/NetBeans 8.0.app/Contents/Resources/NetBeans/java/modules/ext/spring-4/spring-websocket-4.0.1.RELEASE.jar" />
    <property name="annotation.processing.processor.options" value="-Aeclipselink.canonicalmodel.use_static_factory=false" />
    <property name="java.specification.version" value="1.7" />
    <property name="j2ee.platform.wsit.classpath" value="" />
    <property name="annotation.processing.enabled.in.editor" value="true" />
    <property name="libs.eclipselink.src" value="" />
    <property name="sun.boot.library.path" value="/Library/Java/JavaVirtualMachines/jdk1.7.0_51.jdk/Contents/Home/jre/lib" />
    <property name="file.reference.jersey-server.jar" value="lib/lib_10/jersey-server.jar" />
    <property name="javadoc.encoding" value="UTF-8" />
    <property name="file.reference.shoal-cache.jar" value="lib/lib_10/shoal-cache.jar" />
    <property name="file.reference.web-embed-api.jar" value="lib/lib_10/web-embed-api.jar" />
    <property name="file.reference.osgi-ejb-container.jar" value="lib/lib_10/osgi-ejb-container.jar" />
    <property name="file.reference.hk2.jar" value="lib/lib_10/hk2.jar" />
    <property name="file.reference.org.eclipse.persistence.jpa.modelgen.processor.jar" value="lib/lib_10/org.eclipse.persistence.jpa.modelgen.processor.jar" />
    <property name="j2ee.server.middleware" value="/Applications/NetBeans/glassfish-4.0" />
    <property name="file.reference.osgi-ee-resources.jar" value="lib/lib_10/osgi-ee-resources.jar" />
    <property name="file.reference.pfl-tf.jar" value="lib/lib_10/pfl-tf.jar" />
    <property name="javac.compilerargs" value="" />
    <property name="libs.javaee-web-api-6.0.classpath" value="/Applications/NetBeans/NetBeans 8.0.app/Contents/Resources/NetBeans/enterprise/modules/ext/javaee-web-api-6.0.jar" />
    <property name="file.reference.osgi-jpa.jar" value="lib/lib_10/osgi-jpa.jar" />
    <property name="netbeans.autoupdate.country" value="IT" />
    <property name="libs.jstl.javadoc" value="/Applications/NetBeans/NetBeans 8.0.app/Contents/Resources/NetBeans/enterprise/docs/javaee-doc-api.jar" />
    <property name="file.reference.tyrus-client.jar" value="lib/lib_10/tyrus-client.jar" />
    <property name="libs.jpa20-persistence.maven-pom" value="" />
    <property name="file.reference.api-exporter.jar" value="lib/lib_10/api-exporter.jar" />
    <property name="file.reference.gf-weld-connector.jar" value="lib/lib_10/gf-weld-connector.jar" />
    <property name="file.reference.tyrus-core.jar" value="lib/lib_10/tyrus-core.jar" />
    <property name="javac.includes" value="Test/AllTestsOK.java" />
    <property name="file.reference.org.apache.felix.eventadmin.jar" value="lib/lib_10/org.apache.felix.eventadmin.jar" />
    <property name="file.reference.javax.mail.jar" value="lib/lib_10/javax.mail.jar" />
    <property name="http.nonProxyHosts" value="local|*.local|169.254/16|*.169.254/16" />
    <property name="file.reference.javax.ws.rs-api.jar" value="lib/lib_10/javax.ws.rs-api.jar" />
    <property name="java.specification.vendor" value="Oracle Corporation" />
    <property name="file.reference.commons-logging-1.1.3.jar" value="lib/commons-logging-1.1.3.jar" />
    <property name="file.reference.javax.batch-api.jar" value="lib/lib_10/javax.batch-api.jar" />
    <property name="javadoc.private" value="false" />
    <property name="user.name" value="marchins" />
    <property name="libs.javaee-endorsed-api-6.0.src" value="" />
    <property name="file.reference.bean-validator.jar" value="lib/lib_10/bean-validator.jar" />
    <property name="build.compiler.emacs" value="true" />
    <property name="file.reference.glassfish-batch-commands.jar" value="lib/lib_10/glassfish-batch-commands.jar" />
    <property name="file.reference.hk2-config.jar" value="lib/lib_10/hk2-config.jar" />
    <property name="file.reference.web-core.jar" value="lib/lib_10/web-core.jar" />
    <property name="file.reference.jersey-common.jar" value="lib/lib_10/jersey-common.jar" />
    <property name="libs.javaee-web-api-7.0.classpath" value="/Applications/NetBeans/NetBeans 8.0.app/Contents/Resources/NetBeans/enterprise/modules/ext/javaee-web-api-7.0.jar" />
    <property name="file.reference.jackson-xc.jar" value="lib/lib_10/jackson-xc.jar" />
    <property name="file.reference.web-gui-plugin-common.jar" value="lib/lib_10/web-gui-plugin-common.jar" />
    <property name="file.reference.ejb-internal-api.jar" value="lib/lib_10/ejb-internal-api.jar" />
    <property name="classes.dir" value="build/jar" />
    <property name="build.classes.dir" value="build/jar" />
    <property name="file.reference.core-3.0.1.jar" value="lib/core-3.0.1.jar" />
    <property name="file.reference.amx-core.jar" value="lib/lib_10/amx-core.jar" />
    <property name="wa.copy.client.jar.from" value="/Applications/NetBeans/glassfish-4.0/glassfish/domains/domain1/generated/xml" />
    <property name="libs.hibernate4-support.javadoc" value="" />
    <property name="file.reference.webservices-osgi.jar" value="lib/lib_10/webservices-osgi.jar" />
    <property name="ant.core.lib" value="/Applications/NetBeans/NetBeans 8.0.app/Contents/Resources/NetBeans/extide/ant/lib/ant.jar" />
    <property name="file.reference.gms-bootstrap.jar" value="lib/lib_10/gms-bootstrap.jar" />
    <property name="java.endorsed.dirs" value="/Library/Java/JavaVirtualMachines/jdk1.7.0_51.jdk/Contents/Home/jre/lib/endorsed" />
    <property name="libs.jsp-compilation-syscp.maven-pom" value="" />
    <property name="file.reference.commons-beanutils-1.8.3.jar" value="lib/commons-beanutils-1.8.3.jar" />
    <property name="libs.beans-binding.src" value="" />
    <property name="ant.file.AppClientMDB-impl" value="/Users/marchins/NetBeansProjects/AppClientMDB/nbproject/build-impl.xml" />
    <property name="file.reference.gf-client.jar" value="lib/gf-client.jar" />
    <property name="file.reference.hk2-locator.jar" value="lib/lib_10/hk2-locator.jar" />
    <property name="javadoc.nonavbar" value="false" />
    <property name="file.reference.persistence-common.jar" value="lib/lib_10/persistence-common.jar" />
    <property name="file.reference.ha-shoal-cache-bootstrap.jar" value="lib/lib_10/ha-shoal-cache-bootstrap.jar" />
    <property name="file.reference.deployment-client.jar" value="lib/lib_10/deployment-client.jar" />
    <property name="file.reference.org.eclipse.persistence.jpa.jpql.jar" value="lib/lib_10/org.eclipse.persistence.jpa.jpql.jar" />
    <property name="libs.Comet-GlassFish-v3.maven-pom" value="" />
    <property name="libs.jaxws21.src" value="" />
    <property name="file.reference.tyrus-container-glassfish-cdi.jar" value="lib/lib_10/tyrus-container-glassfish-cdi.jar" />
    <property name="file.reference.antlr-repackaged.jar" value="lib/lib_10/antlr-repackaged.jar" />
    <property name="file.reference.weld-osgi-bundle.jar" value="lib/lib_10/weld-osgi-bundle.jar" />
    <property name="libs.Java-EE-GlassFish-v3-Prelude.maven-pom" value="" />
    <property name="java.util.logging.config.class" value="org.netbeans.core.startup.TopLogging" />
    <property name="file.reference.core.jar" value="lib/lib_10/core.jar" />
    <property name="file.reference.connectors-inbound-runtime.jar" value="lib/lib_10/connectors-inbound-runtime.jar" />
    <property name="file.reference.console-jca-plugin.jar" value="lib/lib_10/console-jca-plugin.jar" />
    <property name="libs.eclipselinkmodelgen.javadoc" value="" />
    <property name="file.reference.osgi-http.jar" value="lib/lib_10/osgi-http.jar" />
    <property name="libs.metro.src" value="" />
    <property name="file.reference.hk2-runlevel.jar" value="lib/lib_10/hk2-runlevel.jar" />
    <property name="file.reference.jsonp-jaxrs.jar" value="lib/lib_10/jsonp-jaxrs.jar" />
    <property name="libs.javaee-api-7.0.src" value="" />
    <property name="libs.jsf12.maven-pom" value="" />
    <property name="libs.spring-webmvc4.0.src" value="" />
    <property name="java.io.tmpdir" value="/var/folders/dj/3lyt1z_167z32dgdl3th_wbr0000gn/T/" />
    <property name="user.language" value="it" />
    <property name="file.reference.javaee-kernel.jar" value="lib/lib_10/javaee-kernel.jar" />
    <property name="ant.version" value="Apache Ant(TM) version 1.9.2 compiled on July 8 2013" />
    <property name="file.reference.jersey-bean-validation.jar" value="lib/lib_10/jersey-bean-validation.jar" />
    <property name="file.reference.woodstox-core-asl.jar" value="lib/lib_10/woodstox-core-asl.jar" />
    <property name="user.properties.file" value="/Users/marchins/Library/Application Support/NetBeans/8.0/build.properties" />
    <property name="netbeans.dirs" value="/Applications/NetBeans/NetBeans 8.0.app/Contents/Resources/NetBeans/nb:/Applications/NetBeans/NetBeans 8.0.app/Contents/Resources/NetBeans/ergonomics:/Applications/NetBeans/NetBeans 8.0.app/Contents/Resources/NetBeans/ide:/Applications/NetBeans/NetBeans 8.0.app/Contents/Resources/NetBeans/extide:/Applications/NetBeans/NetBeans 8.0.app/Contents/Resources/NetBeans/java:/Applications/NetBeans/NetBeans 8.0.app/Contents/Resources/NetBeans/apisupport:/Applications/NetBeans/NetBeans 8.0.app/Contents/Resources/NetBeans/webcommon:/Applications/NetBeans/NetBeans 8.0.app/Contents/Resources/NetBeans/websvccommon:/Applications/NetBeans/NetBeans 8.0.app/Contents/Resources/NetBeans/enterprise:/Applications/NetBeans/NetBeans 8.0.app/Contents/Resources/NetBeans/mobility:/Applications/NetBeans/NetBeans 8.0.app/Contents/Resources/NetBeans/profiler:/Applications/NetBeans/NetBeans 8.0.app/Contents/Resources/NetBeans/python:/Applications/NetBeans/NetBeans 8.0.app/Contents/Resources/NetBeans/php:/Applications/NetBeans/NetBeans 8.0.app/Contents/Resources/NetBeans/identity:/Applications/NetBeans/NetBeans 8.0.app/Contents/Resources/NetBeans/harness:/Applications/NetBeans/NetBeans 8.0.app/Contents/Resources/NetBeans/cnd:/Applications/NetBeans/NetBeans 8.0.app/Contents/Resources/NetBeans/dlight:/Applications/NetBeans/NetBeans 8.0.app/Contents/Resources/NetBeans/groovy:/Applications/NetBeans/NetBeans 8.0.app/Contents/Resources/NetBeans/extra:/Applications/NetBeans/NetBeans 8.0.app/Contents/Resources/NetBeans/javacard:/Applications/NetBeans/NetBeans 8.0.app/Contents/Resources/NetBeans/javafx:" />
    <property name="file.reference.jersey-container-servlet-core.jar" value="lib/lib_10/jersey-container-servlet-core.jar" />
    <property name="netbeans.productversion" value="NetBeans IDE 8.0 (Build 201403101706)" />
    <property name="file.reference.ejb.security.jar" value="lib/lib_10/ejb.security.jar" />
    <property name="libs.JAXB-ENDORSED.src" value="" />
    <property name="junit.available" value="true" />
    <property name="file.reference.dol.jar" value="lib/lib_10/dol.jar" />
    <property name="file.reference.jstl-connector.jar" value="lib/lib_10/jstl-connector.jar" />
    <property name="libs.jsp-compiler.classpath" value="/Applications/NetBeans/NetBeans 8.0.app/Contents/Resources/NetBeans/enterprise/ant/extra/jspcompile.jar" />
    <property name="file.reference.pfl-basic-tools.jar" value="lib/lib_10/pfl-basic-tools.jar" />
    <property name="file.reference.concurrent-connector.jar" value="lib/lib_10/concurrent-connector.jar" />
    <property name="j2ee.platform.embeddableejb.classpath" value="/Applications/NetBeans/glassfish-4.0/glassfish/lib/embedded/glassfish-embedded-static-shell.jar" />
    <property name="file.reference.cmp-internal-api.jar" value="lib/lib_10/cmp-internal-api.jar" />
    <property name="file.reference.jdbc-admin.jar" value="lib/lib_10/jdbc-admin.jar" />
    <property name="libs.jaxws21.maven-pom" value="" />
    <property name="libs.CopyLibs.maven-pom" value="" />
    <property name="libs.javaee-web-api-6.0.javadoc" value="/Applications/NetBeans/NetBeans 8.0.app/Contents/Resources/NetBeans/enterprise/docs/javaee-doc-api.jar" />
    <property name="file.reference.jersey-media-sse.jar" value="lib/lib_10/jersey-media-sse.jar" />
    <property name="file.reference.javax.servlet.jsp.jstl-api.jar" value="lib/lib_10/javax.servlet.jsp.jstl-api.jar" />
    <property name="file.reference.nucleus-resources.jar" value="lib/lib_10/nucleus-resources.jar" />
    <property name="libs.restapi.maven-pom" value="" />
    <property name="j2ee.server.type" value="gfv3ee6" />
    <property name="file.reference.shoal-gms-api.jar" value="lib/lib_10/shoal-gms-api.jar" />
    <property name="java.runtime.name" value="Java(TM) SE Runtime Environment" />
    <property name="file.reference.monitoring-core.jar" value="lib/lib_10/monitoring-core.jar" />
    <property name="file.reference.tyrus-server.jar" value="lib/lib_10/tyrus-server.jar" />
    <property name="file.reference.appserv-admin.jar" value="lib/appserv-admin.jar" />
    <property name="file.reference.pfl-dynamic.jar" value="lib/lib_10/pfl-dynamic.jar" />
    <property name="org.openide.major.version" value="IDE/1" />
    <property name="libs.eclipselinkmodelgen.classpath" value="/Applications/NetBeans/NetBeans 8.0.app/Contents/Resources/NetBeans/java/modules/ext/eclipselink/org.eclipse.persistence.jpa.modelgen_2.5.1.v20130918-f2b9fc5.jar" />
    <property name="build.test.classes.dir" value="build/test/classes" />
    <property name="libs.restlib.javadoc" value="" />
    <property name="sun.java2d.dpiaware" value="true" />
    <property name="j2ee.platform.wsimport.classpath" value="/Applications/NetBeans/glassfish-4.0/glassfish/modules/webservices-osgi.jar:/Applications/NetBeans/glassfish-4.0/glassfish/modules/endorsed/webservices-api-osgi.jar:/Applications/NetBeans/glassfish-4.0/glassfish/modules/jaxb-osgi.jar:/Applications/NetBeans/glassfish-4.0/glassfish/modules/endorsed/jaxb-api-osgi.jar" />
    <property name="file.reference.common-util.jar" value="lib/lib_10/common-util.jar" />
    <property name="file.reference.jta.jar" value="lib/lib_10/jta.jar" />
    <property name="libs.hibernate4-support.maven-pom" value="" />
    <property name="libs.primefaces.src" value="" />
    <property name="file.reference.cglib.jar" value="lib/lib_10/cglib.jar" />
    <property name="debug-transport-by-os" value="dt_socket" />
    <property name="file.reference.console-jdbc-plugin.jar" value="lib/lib_10/console-jdbc-plugin.jar" />
    <property name="file.reference.web-glue.jar" value="lib/lib_10/web-glue.jar" />
    <property name="file.reference.gf-client-module.jar" value="lib/lib_10/gf-client-module.jar" />
    <property name="file.reference.junit-4.11.jar" value="lib/junit-4.11.jar" />
    <property name="libs.jsf20.javadoc" value="/Applications/NetBeans/NetBeans 8.0.app/Contents/Resources/NetBeans/enterprise/docs/javaee-doc-api.jar" />
    <property name="run.test.classpath" value="../ServerMDBRemoteInterface/dist/ServerMDBRemoteInterface.jar:/Applications/NetBeans/NetBeans 8.0.app/Contents/Resources/NetBeans/java/modules/ext/eclipselink/javax.persistence_2.1.0.v201304241213.jar:/Applications/NetBeans/NetBeans 8.0.app/Contents/Resources/NetBeans/java/modules/ext/eclipselink/eclipselink.jar:/Applications/NetBeans/NetBeans 8.0.app/Contents/Resources/NetBeans/java/modules/ext/eclipselink/javax.persistence_2.1.0.v201304241213.jar:/Applications/NetBeans/NetBeans 8.0.app/Contents/Resources/NetBeans/java/modules/ext/eclipselink/org.eclipse.persistence.jpa.jpql_2.5.1.v20130918-f2b9fc5.jar:/Applications/NetBeans/glassfish-4.0/javadb/lib/derby.jar:/Applications/NetBeans/glassfish-4.0/javadb/lib/derbyclient.jar:/Applications/NetBeans/glassfish-4.0/javadb/lib/derbynet.jar:lib/commons-beanutils-1.8.3.jar:lib/commons-collections-3.2.1.jar:lib/commons-lang-2.6.jar:lib/commons-logging-1.1.3.jar:lib/core-3.0.1.jar:lib/ezmorph-1.0.6.jar:lib/javase-3.0.1.jar:lib/json-lib-2.4-jdk15.jar:lib/log4j-1.2.17.jar:lib/log4j-over-slf4j-1.7.7.jar:lib/slf4j-api-1.7.7.jar:lib/slf4j-jdk14-1.7.7.jar:lib/slf4j-log4j12-1.7.7.jar:lib/slf4j-simple-1.7.7.jar:lib/webcam-capture-0.3.10-RC6.jar:/Applications/NetBeans/NetBeans 8.0.app/Contents/Resources/NetBeans/platform/modules/ext/junit-4.10.jar:lib/appserv-admin.jar:lib/appserv-rt.jar:lib/imq.jar:lib/javaee.jar:lib/gf-client.jar:lib/glassfish-embedded-static-shell.jar:/Applications/NetBeans/NetBeans 8.0.app/Contents/Resources/NetBeans/enterprise/modules/ext/javaee-api-7.0.jar:lib/bridj-0.7-20131007.003529-54.jar:lib/junit-4.11.jar:lib/commons-io-2.4.jar:build/jar:lib/lib_10/acc-config.jar:lib/lib_10/admin-cli.jar:lib/lib_10/admin-core.jar:lib/lib_10/admin-util.jar:lib/lib_10/amx-core.jar:lib/lib_10/amx-javaee.jar:lib/lib_10/annotation-framework.jar:lib/lib_10/ant.jar:lib/lib_10/antlr-repackaged.jar:lib/lib_10/api-exporter.jar:lib/lib_10/appclient-connector.jar:lib/lib_10/appclient-server-core.jar:lib/lib_10/appclient.security.jar:lib/lib_10/asm-all-repackaged.jar:lib/lib_10/backup.jar:lib/lib_10/bean-validator-cdi.jar:lib/lib_10/bean-validator.jar:lib/lib_10/cglib.jar:lib/lib_10/class-model.jar:lib/lib_10/cluster-admin.jar:lib/lib_10/cluster-common.jar:lib/lib_10/cluster-ssh.jar:lib/lib_10/cmp-ejb-mapping.jar:lib/lib_10/cmp-enhancer.jar:lib/lib_10/cmp-generator-database.jar:lib/lib_10/cmp-internal-api.jar:lib/lib_10/cmp-model.jar:lib/lib_10/cmp-support-ejb.jar:lib/lib_10/cmp-support-sqlstore.jar:lib/lib_10/cmp-utility.jar:lib/lib_10/com.ibm.jbatch-ri-spi.jar:lib/lib_10/com.ibm.jbatch-runtime-all.jar:lib/lib_10/common-util.jar:lib/lib_10/concurrent-connector.jar:lib/lib_10/concurrent-impl.jar:lib/lib_10/config-api.jar:lib/lib_10/config-types.jar:lib/lib_10/connectors-admin.jar:lib/lib_10/connectors-inbound-runtime.jar:lib/lib_10/connectors-internal-api.jar:lib/lib_10/connectors-runtime.jar:lib/lib_10/console-cluster-plugin.jar:lib/lib_10/console-common-full-plugin.jar:lib/lib_10/console-common.jar:lib/lib_10/console-community-branding-plugin.jar:lib/lib_10/console-concurrent-plugin.jar:lib/lib_10/console-corba-plugin.jar:lib/lib_10/console-ejb-lite-plugin.jar:lib/lib_10/console-ejb-plugin.jar:lib/lib_10/console-jca-plugin.jar:lib/lib_10/console-jdbc-plugin.jar:lib/lib_10/console-jms-plugin.jar:lib/lib_10/console-jts-plugin.jar:lib/lib_10/console-plugin-service.jar:lib/lib_10/console-updatecenter-plugin.jar:lib/lib_10/console-web-plugin.jar:lib/lib_10/container-common.jar:lib/lib_10/core.jar:lib/lib_10/dataprovider.jar:lib/lib_10/dbschema-repackaged.jar:lib/lib_10/deployment-admin.jar:lib/lib_10/deployment-autodeploy.jar:lib/lib_10/deployment-client.jar:lib/lib_10/deployment-common.jar:lib/lib_10/deployment-javaee-core.jar:lib/lib_10/deployment-javaee-full.jar:lib/lib_10/dol.jar:lib/lib_10/ejb-container.jar:lib/lib_10/ejb-full-container.jar:lib/lib_10/ejb-internal-api.jar:lib/lib_10/ejb.security.jar:lib/lib_10/entitybean-container.jar:lib/lib_10/flashlight-extra-jdk-packages.jar:lib/lib_10/flashlight-framework.jar:lib/lib_10/gf-admingui-connector.jar:lib/lib_10/gf-client-module.jar:lib/lib_10/gf-connectors-connector.jar:lib/lib_10/gf-ejb-connector.jar:lib/lib_10/gf-jms-connector.jar:lib/lib_10/gf-jms-injection.jar:lib/lib_10/gf-jpa-connector.jar:lib/lib_10/gf-load-balancer-connector.jar:lib/lib_10/gf-restadmin-connector.jar:lib/lib_10/gf-web-connector.jar:lib/lib_10/gf-weld-connector.jar:lib/lib_10/glassfish-api.jar:lib/lib_10/glassfish-batch-commands.jar:lib/lib_10/glassfish-batch-connector.jar:lib/lib_10/glassfish-corba-csiv2-idl.jar:lib/lib_10/glassfish-corba-internal-api.jar:lib/lib_10/glassfish-corba-omgapi.jar:lib/lib_10/glassfish-corba-orb.jar:lib/lib_10/glassfish-ee-api.jar:lib/lib_10/glassfish-extra-jre-packages.jar:lib/lib_10/glassfish-grizzly-extra-all.jar:lib/lib_10/glassfish-mbeanserver.jar:lib/lib_10/glassfish-naming.jar:lib/lib_10/glassfish-oracle-jdbc-driver-packages.jar:lib/lib_10/glassfish-registration.jar:lib/lib_10/glassfish.jar:lib/lib_10/gmbal.jar:lib/lib_10/gms-adapter.jar:lib/lib_10/gms-bootstrap.jar:lib/lib_10/guava.jar:lib/lib_10/ha-api.jar:lib/lib_10/ha-file-store.jar:lib/lib_10/ha-shoal-cache-bootstrap.jar:lib/lib_10/ha-shoal-cache-store.jar:lib/lib_10/hk2-api.jar:lib/lib_10/hk2-config.jar:lib/lib_10/hk2-locator.jar:lib/lib_10/hk2-runlevel.jar:lib/lib_10/hk2-utils.jar:lib/lib_10/hk2.jar:lib/lib_10/inmemory.jacc.provider.jar:lib/lib_10/internal-api.jar:lib/lib_10/j-interop-repackaged.jar:lib/lib_10/jackson-core-asl.jar:lib/lib_10/jackson-jaxrs.jar:lib/lib_10/jackson-mapper-asl.jar:lib/lib_10/jackson-xc.jar:lib/lib_10/jaspic.provider.framework.jar:lib/lib_10/javaee-kernel.jar:lib/lib_10/javamail-connector.jar:lib/lib_10/javamail-runtime.jar:lib/lib_10/javax.annotation-api.jar:lib/lib_10/javax.batch-api.jar:lib/lib_10/javax.ejb-api.jar:lib/lib_10/javax.el.jar:lib/lib_10/javax.enterprise.concurrent-api.jar:lib/lib_10/javax.enterprise.concurrent.jar:lib/lib_10/javax.enterprise.deploy-api.jar:lib/lib_10/javax.faces.jar:lib/lib_10/javax.inject.jar:lib/lib_10/javax.interceptor-api.jar:lib/lib_10/javax.jms-api.jar:lib/lib_10/javax.json.jar:lib/lib_10/javax.mail.jar:lib/lib_10/javax.management.j2ee-api.jar:lib/lib_10/javax.persistence.jar:lib/lib_10/javax.resource-api.jar:lib/lib_10/javax.security.auth.message-api.jar:lib/lib_10/javax.security.jacc-api.jar:lib/lib_10/javax.servlet-api.jar:lib/lib_10/javax.servlet.jsp-api.jar:lib/lib_10/javax.servlet.jsp.jar:lib/lib_10/javax.servlet.jsp.jstl-api.jar:lib/lib_10/javax.servlet.jsp.jstl.jar:lib/lib_10/javax.transaction-api.jar:lib/lib_10/javax.websocket-api.jar:lib/lib_10/javax.ws.rs-api.jar:lib/lib_10/javax.xml.registry-api.jar:lib/lib_10/javax.xml.rpc-api.jar:lib/lib_10/jaxb-api-osgi.jar:lib/lib_10/jaxb-extra-osgi.jar:lib/lib_10/jaxb-osgi.jar:lib/lib_10/jdbc-admin.jar:lib/lib_10/jdbc-config.jar:lib/lib_10/jdbc-runtime.jar:lib/lib_10/jersey-bean-validation.jar:lib/lib_10/jersey-client.jar:lib/lib_10/jersey-common.jar:lib/lib_10/jersey-container-grizzly2-http.jar:lib/lib_10/jersey-container-servlet-core.jar:lib/lib_10/jersey-container-servlet.jar:lib/lib_10/jersey-gf-cdi.jar:lib/lib_10/jersey-gf-ejb.jar:lib/lib_10/jersey-media-json-jackson.jar:lib/lib_10/jersey-media-json-jettison.jar:lib/lib_10/jersey-media-json-processing.jar:lib/lib_10/jersey-media-moxy.jar:lib/lib_10/jersey-media-multipart.jar:lib/lib_10/jersey-media-sse.jar:lib/lib_10/jersey-mvc-connector.jar:lib/lib_10/jersey-mvc-jsp.jar:lib/lib_10/jersey-mvc.jar:lib/lib_10/jersey-server.jar:lib/lib_10/jettison.jar:lib/lib_10/jms-admin.jar:lib/lib_10/jms-core.jar:lib/lib_10/jmxremote_optional-repackaged.jar:lib/lib_10/jpa-container.jar:lib/lib_10/jsf-connector.jar:lib/lib_10/jsftemplating.jar:lib/lib_10/jsonp-jaxrs.jar:lib/lib_10/jspcaching-connector.jar:lib/lib_10/jsr109-impl.jar:lib/lib_10/jstl-connector.jar:lib/lib_10/jta.jar:lib/lib_10/jts.jar:lib/lib_10/kernel.jar:lib/lib_10/launcher.jar:lib/lib_10/ldapbp-repackaged.jar:lib/lib_10/libpam4j-repackaged.jar:lib/lib_10/load-balancer-admin.jar:lib/lib_10/logging.jar:lib/lib_10/management-api.jar:lib/lib_10/metro-glue.jar:lib/lib_10/mimepull.jar:lib/lib_10/monitoring-core.jar:lib/lib_10/nucleus-grizzly-all.jar:lib/lib_10/nucleus-resources.jar:lib/lib_10/orb-connector.jar:lib/lib_10/orb-enabler.jar:lib/lib_10/orb-iiop.jar:lib/lib_10/org.apache.felix.bundlerepository.jar:lib/lib_10/org.apache.felix.configadmin.jar:lib/lib_10/org.apache.felix.eventadmin.jar:lib/lib_10/org.apache.felix.fileinstall.jar:lib/lib_10/org.apache.felix.gogo.command.jar:lib/lib_10/org.apache.felix.gogo.runtime.jar:lib/lib_10/org.apache.felix.gogo.shell.jar:lib/lib_10/org.apache.felix.scr.jar:lib/lib_10/org.eclipse.persistence.antlr.jar:lib/lib_10/org.eclipse.persistence.asm.jar:lib/lib_10/org.eclipse.persistence.core.jar:lib/lib_10/org.eclipse.persistence.dbws.jar:lib/lib_10/org.eclipse.persistence.jpa.jar:lib/lib_10/org.eclipse.persistence.jpa.jpql.jar:lib/lib_10/org.eclipse.persistence.jpa.modelgen.processor.jar:lib/lib_10/org.eclipse.persistence.moxy.jar:lib/lib_10/org.eclipse.persistence.oracle.jar:lib/lib_10/osgi-adapter.jar:lib/lib_10/osgi-cdi.jar:lib/lib_10/osgi-cli-remote.jar:lib/lib_10/osgi-container.jar:lib/lib_10/osgi-ee-resources.jar:lib/lib_10/osgi-ejb-container.jar:lib/lib_10/osgi-http.jar:lib/lib_10/osgi-javaee-base.jar:lib/lib_10/osgi-jdbc.jar:lib/lib_10/osgi-jpa-extension.jar:lib/lib_10/osgi-jpa.jar:lib/lib_10/osgi-jta.jar:lib/lib_10/osgi-resource-locator.jar:lib/lib_10/osgi-web-container.jar:lib/lib_10/persistence-common.jar:lib/lib_10/pfl-asm.jar:lib/lib_10/pfl-basic-tools.jar:lib/lib_10/pfl-basic.jar:lib/lib_10/pfl-dynamic.jar:lib/lib_10/pfl-tf-tools.jar:lib/lib_10/pfl-tf.jar:lib/lib_10/pkg-client.jar:lib/lib_10/registration-api.jar:lib/lib_10/registration-impl.jar:lib/lib_10/resources-connector.jar:lib/lib_10/resources-runtime.jar:lib/lib_10/rest-client.jar:lib/lib_10/rest-service.jar:lib/lib_10/scattered-archive-api.jar:lib/lib_10/schema2beans-repackaged.jar:lib/lib_10/security-ee.jar:lib/lib_10/security-services.jar:lib/lib_10/security.jar:lib/lib_10/shoal-cache.jar:lib/lib_10/shoal-gms-api.jar:lib/lib_10/shoal-gms-impl.jar:lib/lib_10/simple-glassfish-api.jar:lib/lib_10/soap-tcp.jar:lib/lib_10/ssl-impl.jar:lib/lib_10/stats77.jar:lib/lib_10/stax2-api.jar:lib/lib_10/transaction-internal-api.jar:lib/lib_10/trilead-ssh2-repackaged.jar:lib/lib_10/tyrus-client.jar:lib/lib_10/tyrus-container-glassfish-cdi.jar:lib/lib_10/tyrus-container-grizzly.jar:lib/lib_10/tyrus-container-servlet.jar:lib/lib_10/tyrus-core.jar:lib/lib_10/tyrus-server.jar:lib/lib_10/tyrus-spi.jar:lib/lib_10/tyrus-websocket-core.jar:lib/lib_10/war-util.jar:lib/lib_10/web-cli.jar:lib/lib_10/web-core.jar:lib/lib_10/web-embed-api.jar:lib/lib_10/web-glue.jar:lib/lib_10/web-gui-plugin-common.jar:lib/lib_10/web-ha.jar:lib/lib_10/web-naming.jar:lib/lib_10/web-sse.jar:lib/lib_10/websecurity.jar:lib/lib_10/webservices-api-osgi.jar:lib/lib_10/webservices-connector.jar:lib/lib_10/webservices-extra-jdk-packages.jar:lib/lib_10/webservices-osgi.jar:lib/lib_10/webservices.security.jar:lib/lib_10/weld-integration-fragment.jar:lib/lib_10/weld-integration.jar:lib/lib_10/weld-osgi-bundle.jar:lib/lib_10/woodstox-core-asl.jar:lib/lib_10/work-management.jar:lib/objenesis-2.1.jar:lib/cglib-nodep-2.2.2.jar:lib/junit-4.11.jar:lib/easymock-3.2.jar:lib/javassist-3.18.2-GA.jar:lib/powermock-easymock-1.5.5-full.jar:build/test/classes:src/conf" />
    <property name="line.separator" value="&#xa;" />
    <property name="file.reference.osgi-jdbc.jar" value="lib/lib_10/osgi-jdbc.jar" />
    <property name="java.vendor" value="Oracle Corporation" />
    <property name="java.vm.specification.name" value="Java Virtual Machine Specification" />
    <property name="file.reference.web-sse.jar" value="lib/lib_10/web-sse.jar" />
    <property name="file.reference.jersey-media-multipart.jar" value="lib/lib_10/jersey-media-multipart.jar" />
    <property name="netbeans.user" value="/Users/marchins/Library/Application Support/NetBeans/8.0" />
    <property name="libs.Java-EE-GlassFish-v3-Prelude.classpath" value="/Applications/NetBeans/glassfish-4.0/mq/lib/jaxm-api.jar:/Applications/NetBeans/glassfish-4.0/glassfish/modules/endorsed/javax.annotation-api.jar:/Applications/NetBeans/glassfish-4.0/glassfish/modules/endorsed/jaxb-api-osgi.jar:/Applications/NetBeans/glassfish-4.0/glassfish/modules/endorsed/webservices-api-osgi.jar:/Applications/NetBeans/glassfish-4.0/glassfish/modules/bean-validator.jar:/Applications/NetBeans/glassfish-4.0/glassfish/modules/javax.batch-api.jar:/Applications/NetBeans/glassfish-4.0/glassfish/modules/javax.ejb-api.jar:/Applications/NetBeans/glassfish-4.0/glassfish/modules/javax.el.jar:/Applications/NetBeans/glassfish-4.0/glassfish/modules/javax.enterprise.concurrent-api.jar:/Applications/NetBeans/glassfish-4.0/glassfish/modules/javax.enterprise.concurrent.jar:/Applications/NetBeans/glassfish-4.0/glassfish/modules/javax.enterprise.deploy-api.jar:/Applications/NetBeans/glassfish-4.0/glassfish/modules/javax.faces.jar:/Applications/NetBeans/glassfish-4.0/glassfish/modules/javax.inject.jar:/Applications/NetBeans/glassfish-4.0/glassfish/modules/javax.interceptor-api.jar:/Applications/NetBeans/glassfish-4.0/glassfish/modules/javax.jms-api.jar:/Applications/NetBeans/glassfish-4.0/glassfish/modules/javax.json.jar:/Applications/NetBeans/glassfish-4.0/glassfish/modules/javax.mail.jar:/Applications/NetBeans/glassfish-4.0/glassfish/modules/javax.management.j2ee-api.jar:/Applications/NetBeans/glassfish-4.0/glassfish/modules/javax.persistence.jar:/Applications/NetBeans/glassfish-4.0/glassfish/modules/javax.resource-api.jar:/Applications/NetBeans/glassfish-4.0/glassfish/modules/javax.security.auth.message-api.jar:/Applications/NetBeans/glassfish-4.0/glassfish/modules/javax.security.jacc-api.jar:/Applications/NetBeans/glassfish-4.0/glassfish/modules/javax.servlet-api.jar:/Applications/NetBeans/glassfish-4.0/glassfish/modules/javax.servlet.jsp-api.jar:/Applications/NetBeans/glassfish-4.0/glassfish/modules/javax.servlet.jsp.jar:/Applications/NetBeans/glassfish-4.0/glassfish/modules/javax.servlet.jsp.jstl-api.jar:/Applications/NetBeans/glassfish-4.0/glassfish/modules/javax.servlet.jsp.jstl.jar:/Applications/NetBeans/glassfish-4.0/glassfish/modules/javax.transaction-api.jar:/Applications/NetBeans/glassfish-4.0/glassfish/modules/javax.websocket-api.jar:/Applications/NetBeans/glassfish-4.0/glassfish/modules/javax.ws.rs-api.jar:/Applications/NetBeans/glassfish-4.0/glassfish/modules/javax.xml.registry-api.jar:/Applications/NetBeans/glassfish-4.0/glassfish/modules/javax.xml.rpc-api.jar:/Applications/NetBeans/glassfish-4.0/glassfish/modules/jaxb-osgi.jar:/Applications/NetBeans/glassfish-4.0/glassfish/modules/webservices-osgi.jar:/Applications/NetBeans/glassfish-4.0/glassfish/modules/weld-osgi-bundle.jar" />
    <property name="libs.javac-api.javadoc" value="" />
    <property name="libs.spring-framework300.javadoc" value="" />
    <property name="libs.jpa20-persistence.javadoc" value="" />
    <property name="file.reference.jersey-media-json-processing.jar" value="lib/lib_10/jersey-media-json-processing.jar" />
    <property name="file.reference.powermock-easymock-1.5.5-full.jar" value="lib/powermock-easymock-1.5.5-full.jar" />
    <property name="platform.compiler" value="${platforms.JDK_1.7.0_51.compile}" />
    <property name="file.reference.inmemory.jacc.provider.jar" value="lib/lib_10/inmemory.jacc.provider.jar" />
    <property name="libs.jpa2-persistence.maven-pom" value="" />
    <property name="javadoc.splitindex" value="true" />
    <property name="file.reference.osgi-container.jar" value="lib/lib_10/osgi-container.jar" />
    <property name="file.reference.gms-adapter.jar" value="lib/lib_10/gms-adapter.jar" />
    <property name="org.openide.version" value="deprecated" />
    <property name="libs.beans-binding.javadoc" value="/Applications/NetBeans/NetBeans 8.0.app/Contents/Resources/NetBeans/java/docs/beansbinding-1.2.1-doc.zip" />
    <property name="libs.jsp-compiler.javadoc" value="" />
    <property name="ant.file" value="/Users/marchins/NetBeansProjects/AppClientMDB/build.xml" />
    <property name="libs.JAVADB_DRIVER_LABEL.javadoc" value="" />
    <property name="libs.junit.maven-pom" value="" />
    <property name="libs.javaee-endorsed-api-6.0.javadoc" value="/Applications/NetBeans/NetBeans 8.0.app/Contents/Resources/NetBeans/enterprise/docs/javaee-doc-api.jar" />
    <property name="file.reference.pkg-client.jar" value="lib/lib_10/pkg-client.jar" />
    <property name="file.reference.javax.enterprise.concurrent-api.jar" value="lib/lib_10/javax.enterprise.concurrent-api.jar" />
    <property name="libs.hibernate4-persistencemodelgen.classpath" value="/Applications/NetBeans/NetBeans 8.0.app/Contents/Resources/NetBeans/java/modules/ext/hibernate4/hibernate-jpamodelgen-1.3.0.Final.jar" />
    <property name="j2ee.appclient.tool.runtime" value="" />
    <property name="file.reference.entitybean-container.jar" value="lib/lib_10/entitybean-container.jar" />
    <property name="file.reference.webservices.security.jar" value="lib/lib_10/webservices.security.jar" />
    <property name="file.reference.javaee.jar" value="lib/javaee.jar" />
    <property name="file.reference.easymock-3.2.jar" value="lib/easymock-3.2.jar" />
    <property name="dist.jar" value="dist/AppClientMDB.jar" />
    <property name="file.reference.jersey-gf-cdi.jar" value="lib/lib_10/jersey-gf-cdi.jar" />
    <property name="org.openide.specification.version" value="6.2" />
    <property name="libs.JAXB-ENDORSED.classpath" value="/Applications/NetBeans/NetBeans 8.0.app/Contents/Resources/NetBeans/ide/modules/ext/jaxb/api/jaxb-api.jar" />
    <property name="libs.JAVADB_DRIVER_LABEL.classpath" value="/Applications/NetBeans/glassfish-4.0/javadb/lib/derby.jar:/Applications/NetBeans/glassfish-4.0/javadb/lib/derbyclient.jar:/Applications/NetBeans/glassfish-4.0/javadb/lib/derbynet.jar" />
    <property name="file.reference.glassfish-grizzly-extra-all.jar" value="lib/lib_10/glassfish-grizzly-extra-all.jar" />
    <property name="libs.beans-binding.classpath" value="/Applications/NetBeans/NetBeans 8.0.app/Contents/Resources/NetBeans/java/modules/ext/beansbinding-1.2.1.jar" />
    <property name="sun.font.fontmanager" value="sun.font.CFontManager" />
    <property name="work.dir" value="/Users/marchins/NetBeansProjects/AppClientMDB" />
    <property name="file.reference.concurrent-impl.jar" value="lib/lib_10/concurrent-impl.jar" />
    <property name="file.reference.jaspic.provider.framework.jar" value="lib/lib_10/jaspic.provider.framework.jar" />
    <property name="libs.metro.javadoc" value="/Applications/NetBeans/NetBeans 8.0.app/Contents/Resources/NetBeans/enterprise/docs/metro-1.4-doc.zip" />
    <property name="file.reference.log4j-over-slf4j-1.7.7.jar" value="lib/log4j-over-slf4j-1.7.7.jar" />
    <property name="file.reference.json-lib-2.4-jdk15.jar" value="lib/json-lib-2.4-jdk15.jar" />
    <property name="file.reference.nucleus-grizzly-all.jar" value="lib/lib_10/nucleus-grizzly-all.jar" />
    <property name="java.specification.name" value="Java Platform API Specification" />
    <property name="j2ee.platform.wscompile.classpath" value="/Applications/NetBeans/glassfish-4.0/glassfish/modules/webservices-osgi.jar" />
    <property name="libs.spring-webmvc3.0.src" value="" />
    <property name="testng.debug.mode" value="" />
    <property name="sun.awt.datatransfer.timeout" value="1000" />
    <property name="libs.CopyLibs.classpath" value="/Applications/NetBeans/NetBeans 8.0.app/Contents/Resources/NetBeans/java/ant/extra/org-netbeans-modules-java-j2seproject-copylibstask.jar" />
    <property name="file.reference.console-common-full-plugin.jar" value="lib/lib_10/console-common-full-plugin.jar" />
    <property name="file.reference.glassfish-embedded-static-shell.jar" value="lib/glassfish-embedded-static-shell.jar" />
    <property name="javadoc.author" value="false" />
    <property name="file.reference.security-services.jar" value="lib/lib_10/security-services.jar" />
    <property name="annotation.processing.source.output" value="build/generated-sources/ap-source-output" />
    <property name="libs.junit.javadoc" value="/Applications/NetBeans/NetBeans 8.0.app/Contents/Resources/NetBeans/java/docs/junit-3.8.2-api.zip" />
    <property name="libs.jaxb.maven-pom" value="" />
    <property name="deploy.ant.properties.file" value="/Users/marchins/Library/Application Support/NetBeans/8.0/config/GlassFishEE6/Properties/gfv3-1393297394.properties" />
    <property name="platforms.JDK_1.7.0_51.home" value="/Library/Java/JavaVirtualMachines/jdk1.7.0_51.jdk/Contents/Home" />
    <property name="file.reference.admin-cli.jar" value="lib/lib_10/admin-cli.jar" />
    <property name="file.reference.guava.jar" value="lib/lib_10/guava.jar" />
    <property name="java.vendor.url" value="http://java.oracle.com/" />
    <property name="file.reference.com.ibm.jbatch-ri-spi.jar" value="lib/lib_10/com.ibm.jbatch-ri-spi.jar" />
    <property name="file.reference.jms-core.jar" value="lib/lib_10/jms-core.jar" />
    <property name="file.reference.org.apache.felix.fileinstall.jar" value="lib/lib_10/org.apache.felix.fileinstall.jar" />
    <property name="libs.eclipselinkmodelgen.src" value="" />
    <property name="file.reference.web-ha.jar" value="lib/lib_10/web-ha.jar" />
    <property name="libs.jsf20.src" value="" />
    <property name="libs.jpa20-persistence.classpath" value="/Applications/NetBeans/NetBeans 8.0.app/Contents/Resources/NetBeans/java/modules/ext/eclipselink/javax.persistence_2.1.0.v201304241213.jar" />
    <property name="platform.javac.tmp" value="${platforms.JDK_1.7.0_51.javac}" />
    <property name="file.reference.console-common.jar" value="lib/lib_10/console-common.jar" />
    <property name="jdk.home" value="/Library/Java/JavaVirtualMachines/jdk1.7.0_51.jdk/Contents/Home" />
    <property name="libs.junit.src" value="" />
    <property name="libs.JWSAntTasks.maven-pom" value="" />
    <property name="libs.restapi.src" value="" />
    <property name="file.reference.mimepull.jar" value="lib/lib_10/mimepull.jar" />
    <property name="libs.swing-layout.maven-pom" value="" />
    <property name="run.jvmargs" value="" />
    <property name="os.version" value="10.9.3" />
    <property name="file.reference.javase-3.0.1.jar" value="lib/javase-3.0.1.jar" />
    <property name="libs.EclipseLink-GlassFish-v3.javadoc" value="/Applications/NetBeans/NetBeans 8.0.app/Contents/Resources/NetBeans/enterprise/docs/javaee-doc-api.jar" />
    <property name="ant.project.invoked-targets" value="test-single" />
    <property name="annotation.processing.enabled" value="true" />
    <property name="file.reference.jackson-core-asl.jar" value="lib/lib_10/jackson-core-asl.jar" />
    <property name="file.reference.cluster-admin.jar" value="lib/lib_10/cluster-admin.jar" />
    <property name="run.classpath" value="../ServerMDBRemoteInterface/dist/ServerMDBRemoteInterface.jar:/Applications/NetBeans/NetBeans 8.0.app/Contents/Resources/NetBeans/java/modules/ext/eclipselink/javax.persistence_2.1.0.v201304241213.jar:/Applications/NetBeans/NetBeans 8.0.app/Contents/Resources/NetBeans/java/modules/ext/eclipselink/eclipselink.jar:/Applications/NetBeans/NetBeans 8.0.app/Contents/Resources/NetBeans/java/modules/ext/eclipselink/javax.persistence_2.1.0.v201304241213.jar:/Applications/NetBeans/NetBeans 8.0.app/Contents/Resources/NetBeans/java/modules/ext/eclipselink/org.eclipse.persistence.jpa.jpql_2.5.1.v20130918-f2b9fc5.jar:/Applications/NetBeans/glassfish-4.0/javadb/lib/derby.jar:/Applications/NetBeans/glassfish-4.0/javadb/lib/derbyclient.jar:/Applications/NetBeans/glassfish-4.0/javadb/lib/derbynet.jar:lib/commons-beanutils-1.8.3.jar:lib/commons-collections-3.2.1.jar:lib/commons-lang-2.6.jar:lib/commons-logging-1.1.3.jar:lib/core-3.0.1.jar:lib/ezmorph-1.0.6.jar:lib/javase-3.0.1.jar:lib/json-lib-2.4-jdk15.jar:lib/log4j-1.2.17.jar:lib/log4j-over-slf4j-1.7.7.jar:lib/slf4j-api-1.7.7.jar:lib/slf4j-jdk14-1.7.7.jar:lib/slf4j-log4j12-1.7.7.jar:lib/slf4j-simple-1.7.7.jar:lib/webcam-capture-0.3.10-RC6.jar:/Applications/NetBeans/NetBeans 8.0.app/Contents/Resources/NetBeans/platform/modules/ext/junit-4.10.jar:lib/appserv-admin.jar:lib/appserv-rt.jar:lib/imq.jar:lib/javaee.jar:lib/gf-client.jar:lib/glassfish-embedded-static-shell.jar:/Applications/NetBeans/NetBeans 8.0.app/Contents/Resources/NetBeans/enterprise/modules/ext/javaee-api-7.0.jar:lib/bridj-0.7-20131007.003529-54.jar:lib/junit-4.11.jar:lib/commons-io-2.4.jar:build/jar" />
    <property name="platform.bootcp" value="/Library/Java/JavaVirtualMachines/jdk1.7.0_51.jdk/Contents/Home/jre/lib/resources.jar:/Library/Java/JavaVirtualMachines/jdk1.7.0_51.jdk/Contents/Home/jre/lib/rt.jar:/Library/Java/JavaVirtualMachines/jdk1.7.0_51.jdk/Contents/Home/jre/lib/sunrsasign.jar:/Library/Java/JavaVirtualMachines/jdk1.7.0_51.jdk/Contents/Home/jre/lib/jsse.jar:/Library/Java/JavaVirtualMachines/jdk1.7.0_51.jdk/Contents/Home/jre/lib/jce.jar:/Library/Java/JavaVirtualMachines/jdk1.7.0_51.jdk/Contents/Home/jre/lib/charsets.jar:/Library/Java/JavaVirtualMachines/jdk1.7.0_51.jdk/Contents/Home/jre/lib/jfr.jar:/Library/Java/JavaVirtualMachines/jdk1.7.0_51.jdk/Contents/Home/jre/classes:/Library/Java/JavaVirtualMachines/jdk1.7.0_51.jdk/Contents/Home/jre/lib/ext/dnsns.jar:/Library/Java/JavaVirtualMachines/jdk1.7.0_51.jdk/Contents/Home/jre/lib/ext/localedata.jar:/Library/Java/JavaVirtualMachines/jdk1.7.0_51.jdk/Contents/Home/jre/lib/ext/sunec.jar:/Library/Java/JavaVirtualMachines/jdk1.7.0_51.jdk/Contents/Home/jre/lib/ext/sunjce_provider.jar:/Library/Java/JavaVirtualMachines/jdk1.7.0_51.jdk/Contents/Home/jre/lib/ext/sunpkcs11.jar:/Library/Java/JavaVirtualMachines/jdk1.7.0_51.jdk/Contents/Home/jre/lib/ext/zipfs.jar:/System/Library/Java/Extensions/AppleScriptEngine.jar:/System/Library/Java/Extensions/dns_sd.jar:/System/Library/Java/Extensions/j3daudio.jar:/System/Library/Java/Extensions/j3dcore.jar:/System/Library/Java/Extensions/j3dutils.jar:/System/Library/Java/Extensions/jai_codec.jar:/System/Library/Java/Extensions/jai_core.jar:/System/Library/Java/Extensions/mlibwrapper_jai.jar:/System/Library/Java/Extensions/MRJToolkit.jar:/System/Library/Java/Extensions/QTJava.zip:/System/Library/Java/Extensions/vecmath.jar" />
    <property name="file.reference.commons-io-2.4.jar" value="lib/commons-io-2.4.jar" />
    <property name="ant.project.name" value="AppClientMDB" />
    <property name="file.reference.org.eclipse.persistence.oracle.jar" value="lib/lib_10/org.eclipse.persistence.oracle.jar" />
    <property name="libs.PostgreSQLDriver.javadoc" value="" />
    <property name="file.reference.jersey-media-moxy.jar" value="lib/lib_10/jersey-media-moxy.jar" />
    <property name="libs.jsp-compilation-syscp.classpath" value="/Applications/NetBeans/NetBeans 8.0.app/Contents/Resources/NetBeans/extide/ant/lib/ant.jar:/Applications/NetBeans/NetBeans 8.0.app/Contents/Resources/NetBeans/enterprise/modules/ext/servlet3.1-jsp2.3-api.jar:/Applications/NetBeans/NetBeans 8.0.app/Contents/Resources/NetBeans/enterprise/modules/ext/glassfish-jspparser-4.0.jar:/Applications/NetBeans/NetBeans 8.0.app/Contents/Resources/NetBeans/enterprise/modules/ext/jstl-impl.jar:/Applications/NetBeans/NetBeans 8.0.app/Contents/Resources/NetBeans/enterprise/modules/ext/jsf-2_2/javax.faces.jar" />
    <property name="file.reference.gf-load-balancer-connector.jar" value="lib/lib_10/gf-load-balancer-connector.jar" />
    <property name="libs.jsp-compiler.src" value="" />
    <property name="file.reference.jackson-jaxrs.jar" value="lib/lib_10/jackson-jaxrs.jar" />
    <property name="libs.javaee-endorsed-api-6.0.maven-pom" value="" />
    <property name="file.reference.appclient-connector.jar" value="lib/lib_10/appclient-connector.jar" />
    <property name="libs.Comet-GlassFish-v3.classpath" value="" />
    <property name="file.reference.glassfish-corba-internal-api.jar" value="lib/lib_10/glassfish-corba-internal-api.jar" />
    <property name="j2ee.platform.classpath" value="/Applications/NetBeans/glassfish-4.0/mq/lib/jaxm-api.jar:/Applications/NetBeans/glassfish-4.0/glassfish/modules/endorsed/javax.annotation-api.jar:/Applications/NetBeans/glassfish-4.0/glassfish/modules/endorsed/jaxb-api-osgi.jar:/Applications/NetBeans/glassfish-4.0/glassfish/modules/endorsed/webservices-api-osgi.jar:/Applications/NetBeans/glassfish-4.0/glassfish/modules/bean-validator.jar:/Applications/NetBeans/glassfish-4.0/glassfish/modules/javax.batch-api.jar:/Applications/NetBeans/glassfish-4.0/glassfish/modules/javax.ejb-api.jar:/Applications/NetBeans/glassfish-4.0/glassfish/modules/javax.el.jar:/Applications/NetBeans/glassfish-4.0/glassfish/modules/javax.enterprise.concurrent-api.jar:/Applications/NetBeans/glassfish-4.0/glassfish/modules/javax.enterprise.concurrent.jar:/Applications/NetBeans/glassfish-4.0/glassfish/modules/javax.enterprise.deploy-api.jar:/Applications/NetBeans/glassfish-4.0/glassfish/modules/javax.faces.jar:/Applications/NetBeans/glassfish-4.0/glassfish/modules/javax.inject.jar:/Applications/NetBeans/glassfish-4.0/glassfish/modules/javax.interceptor-api.jar:/Applications/NetBeans/glassfish-4.0/glassfish/modules/javax.jms-api.jar:/Applications/NetBeans/glassfish-4.0/glassfish/modules/javax.json.jar:/Applications/NetBeans/glassfish-4.0/glassfish/modules/javax.mail.jar:/Applications/NetBeans/glassfish-4.0/glassfish/modules/javax.management.j2ee-api.jar:/Applications/NetBeans/glassfish-4.0/glassfish/modules/javax.persistence.jar:/Applications/NetBeans/glassfish-4.0/glassfish/modules/javax.resource-api.jar:/Applications/NetBeans/glassfish-4.0/glassfish/modules/javax.security.auth.message-api.jar:/Applications/NetBeans/glassfish-4.0/glassfish/modules/javax.security.jacc-api.jar:/Applications/NetBeans/glassfish-4.0/glassfish/modules/javax.servlet-api.jar:/Applications/NetBeans/glassfish-4.0/glassfish/modules/javax.servlet.jsp-api.jar:/Applications/NetBeans/glassfish-4.0/glassfish/modules/javax.servlet.jsp.jar:/Applications/NetBeans/glassfish-4.0/glassfish/modules/javax.servlet.jsp.jstl-api.jar:/Applications/NetBeans/glassfish-4.0/glassfish/modules/javax.servlet.jsp.jstl.jar:/Applications/NetBeans/glassfish-4.0/glassfish/modules/javax.transaction-api.jar:/Applications/NetBeans/glassfish-4.0/glassfish/modules/javax.websocket-api.jar:/Applications/NetBeans/glassfish-4.0/glassfish/modules/javax.ws.rs-api.jar:/Applications/NetBeans/glassfish-4.0/glassfish/modules/javax.xml.registry-api.jar:/Applications/NetBeans/glassfish-4.0/glassfish/modules/javax.xml.rpc-api.jar:/Applications/NetBeans/glassfish-4.0/glassfish/modules/jaxb-osgi.jar:/Applications/NetBeans/glassfish-4.0/glassfish/modules/webservices-osgi.jar:/Applications/NetBeans/glassfish-4.0/glassfish/modules/weld-osgi-bundle.jar" />
    <property name="file.reference.tyrus-container-servlet.jar" value="lib/lib_10/tyrus-container-servlet.jar" />
    <property name="file.reference.javax.faces.jar" value="lib/lib_10/javax.faces.jar" />
    <property name="netbeans.default_userdir_root" value="/Users/marchins/Library/Application Support/NetBeans" />
    <property name="javadoc.encoding.used" value="UTF-8" />
    <property name="javadoc.notree" value="false" />
    <property name="file.reference.webservices-api-osgi.jar" value="lib/lib_10/webservices-api-osgi.jar" />
    <property name="sun.boot.class.path" value="/Applications/NetBeans/NetBeans 8.0.app/Contents/Resources/NetBeans/enterprise/modules/ext/javaee6-endorsed/javax.annotation.jar:/Applications/NetBeans/NetBeans 8.0.app/Contents/Resources/NetBeans/enterprise/modules/ext/javaee6-endorsed/jaxb-api-osgi.jar:/Applications/NetBeans/NetBeans 8.0.app/Contents/Resources/NetBeans/enterprise/modules/ext/javaee6-endorsed/webservices-api-osgi.jar:/Library/Java/JavaVirtualMachines/jdk1.7.0_51.jdk/Contents/Home/jre/lib/resources.jar:/Library/Java/JavaVirtualMachines/jdk1.7.0_51.jdk/Contents/Home/jre/lib/rt.jar:/Library/Java/JavaVirtualMachines/jdk1.7.0_51.jdk/Contents/Home/jre/lib/sunrsasign.jar:/Library/Java/JavaVirtualMachines/jdk1.7.0_51.jdk/Contents/Home/jre/lib/jsse.jar:/Library/Java/JavaVirtualMachines/jdk1.7.0_51.jdk/Contents/Home/jre/lib/jce.jar:/Library/Java/JavaVirtualMachines/jdk1.7.0_51.jdk/Contents/Home/jre/lib/charsets.jar:/Library/Java/JavaVirtualMachines/jdk1.7.0_51.jdk/Contents/Home/jre/lib/jfr.jar:/Library/Java/JavaVirtualMachines/jdk1.7.0_51.jdk/Contents/Home/jre/classes" />
    <property name="build.sysclasspath" value="ignore" />
    <property name="libs.javaee-web-api-7.0.javadoc" value="/Applications/NetBeans/NetBeans 8.0.app/Contents/Resources/NetBeans/enterprise/docs/javaee-doc-api.jar" />
    <property name="libs.JWSAntTasks.src" value="" />
    <property name="file.reference.glassfish-oracle-jdbc-driver-packages.jar" value="lib/lib_10/glassfish-oracle-jdbc-driver-packages.jar" />
    <property name="file.reference.hk2-api.jar" value="lib/lib_10/hk2-api.jar" />
    <property name="netbeans.autoupdate.variant" value="" />
    <property name="sun.jnu.encoding" value="UTF-8" />
    <property name="platform.java.tmp" value="${platforms.JDK_1.7.0_51.java}" />
    <property name="libs.javaee-endorsed-api-7.0.maven-pom" value="" />
    <property name="nb.junit.batch" value="true" />
    <property name="file.reference.slf4j-simple-1.7.7.jar" value="lib/slf4j-simple-1.7.7.jar" />
    <property name="file.reference.jdbc-config.jar" value="lib/lib_10/jdbc-config.jar" />
    <property name="file.reference.gf-restadmin-connector.jar" value="lib/lib_10/gf-restadmin-connector.jar" />
    <property name="file.reference.resources-connector.jar" value="lib/lib_10/resources-connector.jar" />
    <property name="libs.struts.javadoc" value="/Applications/NetBeans/NetBeans 8.0.app/Contents/Resources/NetBeans/enterprise/docs/struts-1.3.10-javadoc.zip" />
    <property name="run.jvmargs.param" value="" />
    <property name="file.reference.orb-connector.jar" value="lib/lib_10/orb-connector.jar" />
    <property name="j2ee.platform.is.jsr109" value="true" />
    <property name="file.reference.javax.servlet-api.jar" value="lib/lib_10/javax.servlet-api.jar" />
    <property name="file.reference.bean-validator-cdi.jar" value="lib/lib_10/bean-validator-cdi.jar" />
    <property name="file.reference.console-corba-plugin.jar" value="lib/lib_10/console-corba-plugin.jar" />
    <property name="libs.EclipseLink-GlassFish-v3.src" value="" />
    <property name="libs.jpa20-persistence.src" value="" />
    <property name="javadoc.additionalparam" value="" />
    <property name="file.reference.pfl-tf-tools.jar" value="lib/lib_10/pfl-tf-tools.jar" />
    <property name="file.reference.jersey-media-json-jettison.jar" value="lib/lib_10/jersey-media-json-jettison.jar" />
    <property name="file.reference.scattered-archive-api.jar" value="lib/lib_10/scattered-archive-api.jar" />
    <property name="source.encoding" value="UTF-8" />
    <property name="libs.hibernate4-persistence.javadoc" value="" />
    <property name="libs.jsf12.classpath" value="/Applications/NetBeans/NetBeans 8.0.app/Contents/Resources/NetBeans/enterprise/modules/ext/jsf-1_2/commons-beanutils.jar:/Applications/NetBeans/NetBeans 8.0.app/Contents/Resources/NetBeans/enterprise/modules/ext/jsf-1_2/commons-collections.jar:/Applications/NetBeans/NetBeans 8.0.app/Contents/Resources/NetBeans/enterprise/modules/ext/jsf-1_2/commons-digester.jar:/Applications/NetBeans/NetBeans 8.0.app/Contents/Resources/NetBeans/enterprise/modules/ext/jsf-1_2/commons-logging.jar:/Applications/NetBeans/NetBeans 8.0.app/Contents/Resources/NetBeans/enterprise/modules/ext/jsf-1_2/jsf-api.jar:/Applications/NetBeans/NetBeans 8.0.app/Contents/Resources/NetBeans/enterprise/modules/ext/jsf-1_2/jsf-impl.jar" />
    <property name="file.reference.dataprovider.jar" value="lib/lib_10/dataprovider.jar" />
    <property name="file.reference.osgi-jta.jar" value="lib/lib_10/osgi-jta.jar" />
    <property name="j2ee.server.home" value="/Applications/NetBeans/glassfish-4.0/glassfish" />
    <property name="file.reference.javax.el.jar" value="lib/lib_10/javax.el.jar" />
    <property name="file.reference.jersey-media-json-jackson.jar" value="lib/lib_10/jersey-media-json-jackson.jar" />
    <property name="file.reference.javax.enterprise.concurrent.jar" value="lib/lib_10/javax.enterprise.concurrent.jar" />
    <property name="sun.java.command" value="org.apache.tools.ant.taskdefs.optional.junit.JUnitTestRunner Test.AllTestsOK filtertrace=true haltOnError=false haltOnFailure=false showoutput=true outputtoformatters=true logfailedtests=true logtestlistenerevents=true formatter=org.apache.tools.ant.taskdefs.optional.junit.BriefJUnitResultFormatter formatter=org.apache.tools.ant.taskdefs.optional.junit.XMLJUnitResultFormatter,/Users/marchins/NetBeansProjects/AppClientMDB/build/test/results/TEST-Test.AllTestsOK.xml crashfile=/var/folders/dj/3lyt1z_167z32dgdl3th_wbr0000gn/T/junitvmwatcher553430906358208894.properties propsfile=/var/folders/dj/3lyt1z_167z32dgdl3th_wbr0000gn/T/junit1519334761565146648.properties" />
    <property name="file.reference.javax.ejb-api.jar" value="lib/lib_10/javax.ejb-api.jar" />
    <property name="libs.jsp-compilation-syscp.src" value="" />
    <property name="file.reference.osgi-jpa-extension.jar" value="lib/lib_10/osgi-jpa-extension.jar" />
    <property name="nb.junit.single" value="false" />
    <property name="file.reference.ezmorph-1.0.6.jar" value="lib/ezmorph-1.0.6.jar" />
    <property name="libs.metro.maven-pom" value="" />
    <property name="file.reference.javassist-3.18.2-GA.jar" value="lib/javassist-3.18.2-GA.jar" />
    <property name="file.reference.web-naming.jar" value="lib/lib_10/web-naming.jar" />
    <property name="no.dist.ear.dir" value="true" />
    <property name="libs.jpa2-persistence.src" value="" />
    <property name="libs.restlib.maven-pom" value="" />
    <property name="file.reference.deployment-common.jar" value="lib/lib_10/deployment-common.jar" />
    <property name="source.root" value="src" />
    <property name="file.reference.jettison.jar" value="lib/lib_10/jettison.jar" />
    <property name="libs.jpa2-persistence.javadoc" value="" />
    <property name="libs.javaee-api-6.0.src" value="" />
    <property name="main.class" value="appclientmdb.Main" />
    <property name="platform.javadoc" value="/Library/Java/JavaVirtualMachines/jdk1.7.0_51.jdk/Contents/Home/bin/javadoc" />
    <property name="platform.active" value="JDK_1.7.0_51" />
    <property name="libs.jaxws21.classpath" value="/Applications/NetBeans/NetBeans 8.0.app/Contents/Resources/NetBeans/ide/modules/ext/jaxb/jaxb-impl.jar:/Applications/NetBeans/NetBeans 8.0.app/Contents/Resources/NetBeans/ide/modules/ext/jaxb/jaxb-xjc.jar:/Applications/NetBeans/NetBeans 8.0.app/Contents/Resources/NetBeans/java/modules/ext/jaxws22/FastInfoset.jar:/Applications/NetBeans/NetBeans 8.0.app/Contents/Resources/NetBeans/java/modules/ext/jaxws22/gmbal-api-only.jar:/Applications/NetBeans/NetBeans 8.0.app/Contents/Resources/NetBeans/java/modules/ext/jaxws22/ha-api.jar:/Applications/NetBeans/NetBeans 8.0.app/Contents/Resources/NetBeans/java/modules/ext/jaxws22/javax.mail_1.4.jar:/Applications/NetBeans/NetBeans 8.0.app/Contents/Resources/NetBeans/java/modules/ext/jaxws22/jaxws-rt.jar:/Applications/NetBeans/NetBeans 8.0.app/Contents/Resources/NetBeans/java/modules/ext/jaxws22/jaxws-tools.jar:/Applications/NetBeans/NetBeans 8.0.app/Contents/Resources/NetBeans/java/modules/ext/jaxws22/management-api.jar:/Applications/NetBeans/NetBeans 8.0.app/Contents/Resources/NetBeans/java/modules/ext/jaxws22/mimepull.jar:/Applications/NetBeans/NetBeans 8.0.app/Contents/Resources/NetBeans/java/modules/ext/jaxws22/policy.jar:/Applications/NetBeans/NetBeans 8.0.app/Contents/Resources/NetBeans/java/modules/ext/jaxws22/saaj-impl.jar:/Applications/NetBeans/NetBeans 8.0.app/Contents/Resources/NetBeans/java/modules/ext/jaxws22/stax-ex.jar:/Applications/NetBeans/NetBeans 8.0.app/Contents/Resources/NetBeans/java/modules/ext/jaxws22/stax2-api.jar:/Applications/NetBeans/NetBeans 8.0.app/Contents/Resources/NetBeans/java/modules/ext/jaxws22/streambuffer.jar:/Applications/NetBeans/NetBeans 8.0.app/Contents/Resources/NetBeans/java/modules/ext/jaxws22/woodstox-core-asl.jar:/Applications/NetBeans/NetBeans 8.0.app/Contents/Resources/NetBeans/java/modules/ext/jaxws22/api/jaxws-api.jar:/Applications/NetBeans/NetBeans 8.0.app/Contents/Resources/NetBeans/java/modules/ext/jaxws22/api/jsr181-api.jar:/Applications/NetBeans/NetBeans 8.0.app/Contents/Resources/NetBeans/java/modules/ext/jaxws22/api/javax.annotation.jar:/Applications/NetBeans/NetBeans 8.0.app/Contents/Resources/NetBeans/java/modules/ext/jaxws22/api/saaj-api.jar:/Applications/NetBeans/NetBeans 8.0.app/Contents/Resources/NetBeans/ide/modules/ext/jaxb/activation.jar:/Applications/NetBeans/NetBeans 8.0.app/Contents/Resources/NetBeans/ide/modules/ext/jaxb/api/jaxb-api.jar:/Applications/NetBeans/NetBeans 8.0.app/Contents/Resources/NetBeans/ide/modules/ext/jaxb/api/jsr173_1.0_api.jar" />
    <property name="file.reference.org.eclipse.persistence.moxy.jar" value="lib/lib_10/org.eclipse.persistence.moxy.jar" />
    <property name="file.reference.javax.security.jacc-api.jar" value="lib/lib_10/javax.security.jacc-api.jar" />
    <property name="libs.JWSAntTasks.classpath" value="/Applications/NetBeans/NetBeans 8.0.app/Contents/Resources/NetBeans/java/ant/extra/org-netbeans-modules-javawebstart-anttasks.jar" />
    <property name="file.encoding.pkg" value="sun.io" />
    <property name="libs.javac-api.src" value="" />
    <property name="libs.restapi.classpath" value="/Applications/NetBeans/NetBeans 8.0.app/Contents/Resources/NetBeans/enterprise/modules/ext/jaxrs-2.0/javax.ws.rs-api-2.0.jar" />
    <property name="java.awt.printerjob" value="sun.lwawt.macosx.CPrinterJob" />
    <property name="netbeans.hash.code" value="unique=NB_JAVA_WEBCOMMON_WEBEE_GFMOD0561beb88-da0b-4fec-b243-58586c9b4ab1_51f87dad-570b-41cb-9506-c7ea78ec985d" />
    <property name="com.apple.mrj.application.apple.menu.about.name" value="NetBeans" />
    <property name="manifest.file" value="src/conf/MANIFEST.MF" />
    <property name="file.reference.javax.interceptor-api.jar" value="lib/lib_10/javax.interceptor-api.jar" />
    <property name="jdkBug6558476" value="false" />
    <property name="netbeans.importclass" value="org.netbeans.upgrade.AutoUpgrade" />
    <property name="libs.jsp-compilation.maven-pom" value="" />
    <property name="file.reference.glassfish.jar" value="lib/lib_10/glassfish.jar" />
    <property name="file.reference.security.jar" value="lib/lib_10/security.jar" />
    <property name="libs.javaee-endorsed-api-7.0.javadoc" value="/Applications/NetBeans/NetBeans 8.0.app/Contents/Resources/NetBeans/enterprise/docs/javaee-doc-api.jar" />
    <property name="libs.hibernate4-support.classpath" value="/Applications/NetBeans/NetBeans 8.0.app/Contents/Resources/NetBeans/java/modules/ext/hibernate4/antlr-2.7.7.jar:/Applications/NetBeans/NetBeans 8.0.app/Contents/Resources/NetBeans/java/modules/ext/hibernate4/c3p0-0.9.2.1.jar:/Applications/NetBeans/NetBeans 8.0.app/Contents/Resources/NetBeans/java/modules/ext/hibernate4/hibernate-c3p0-4.2.6.Final.jar:/Applications/NetBeans/NetBeans 8.0.app/Contents/Resources/NetBeans/java/modules/ext/hibernate4/dom4j-1.6.1.jar:/Applications/NetBeans/NetBeans 8.0.app/Contents/Resources/NetBeans/java/modules/ext/hibernate4/ehcache-core-2.4.3.jar:/Applications/NetBeans/NetBeans 8.0.app/Contents/Resources/NetBeans/java/modules/ext/hibernate4/hibernate-ehcache-4.2.6.Final.jar:/Applications/NetBeans/NetBeans 8.0.app/Contents/Resources/NetBeans/java/modules/ext/hibernate4/hibernate-core-4.2.6.Final.jar:/Applications/NetBeans/NetBeans 8.0.app/Contents/Resources/NetBeans/java/modules/ext/hibernate4/jboss-logging-3.1.0.GA.jar:/Applications/NetBeans/NetBeans 8.0.app/Contents/Resources/NetBeans/java/modules/ext/hibernate4/hibernate-commons-annotations-4.0.2.Final.jar:/Applications/NetBeans/NetBeans 8.0.app/Contents/Resources/NetBeans/java/modules/ext/hibernate4/hibernate-entitymanager-4.2.6.Final.jar:/Applications/NetBeans/NetBeans 8.0.app/Contents/Resources/NetBeans/java/modules/ext/hibernate4/javassist-3.15.0-GA.jar:/Applications/NetBeans/NetBeans 8.0.app/Contents/Resources/NetBeans/java/modules/ext/hibernate4/jboss-transaction-api_1.1_spec-1.0.1.Final.jar:/Applications/NetBeans/NetBeans 8.0.app/Contents/Resources/NetBeans/java/modules/ext/hibernate4/slf4j-api-1.6.1.jar:/Applications/NetBeans/NetBeans 8.0.app/Contents/Resources/NetBeans/java/modules/ext/hibernate4/slf4j-simple-1.6.1.jar" />
    <property name="have.sources" value="true" />
    <property name="os.arch" value="x86_64" />
    <property name="file.reference.cmp-utility.jar" value="lib/lib_10/cmp-utility.jar" />
    <property name="file.reference.cmp-support-sqlstore.jar" value="lib/lib_10/cmp-support-sqlstore.jar" />
    <property name="libs.struts.src" value="" />
    <property name="build.ear.classes.dir" value="build/jar" />
    <property name="libs.CopyLibs.src" value="" />
    <property name="platform.javac" value="/Library/Java/JavaVirtualMachines/jdk1.7.0_51.jdk/Contents/Home/bin/javac" />
    <property name="file.reference.jersey-container-grizzly2-http.jar" value="lib/lib_10/jersey-container-grizzly2-http.jar" />
    <property name="file.reference.gf-ejb-connector.jar" value="lib/lib_10/gf-ejb-connector.jar" />
    <property name="file.reference.cluster-ssh.jar" value="lib/lib_10/cluster-ssh.jar" />
    <property name="java.vm.name" value="Java HotSpot(TM) 64-Bit Server VM" />
    <property name="file.reference.javamail-connector.jar" value="lib/lib_10/javamail-connector.jar" />
    <property name="file.reference.osgi-cdi.jar" value="lib/lib_10/osgi-cdi.jar" />
    <property name="file.reference.glassfish-extra-jre-packages.jar" value="lib/lib_10/glassfish-extra-jre-packages.jar" />
    <property name="libs.EclipseLink-GlassFish-v3.maven-pom" value="" />
    <property name="file.reference.work-management.jar" value="lib/lib_10/work-management.jar" />
    <property name="file.reference.gf-jpa-connector.jar" value="lib/lib_10/gf-jpa-connector.jar" />
    <property name="default.javac.source" value="1.7" />
    <property name="java.library.path" value="/Applications/NetBeans/NetBeans 8.0.app/Contents/Resources/NetBeans/webcommon/bin::/Users/marchins/Library/Java/Extensions:/Library/Java/Extensions:/Network/Library/Java/Extensions:/System/Library/Java/Extensions:/usr/lib/java:." />
    <property name="file.reference.cmp-model.jar" value="lib/lib_10/cmp-model.jar" />
    <property name="java.vm.specification.vendor" value="Oracle Corporation" />
    <property name="file.reference.ldapbp-repackaged.jar" value="lib/lib_10/ldapbp-repackaged.jar" />
    <property name="libs.jpa2-persistence.classpath" value="/Applications/NetBeans/NetBeans 8.0.app/Contents/Resources/NetBeans/java/modules/ext/hibernate4/hibernate-jpa-2.0-api-1.0.1.Final.jar" />
    <property name="libs.junit_4.maven-pom" value="" />
    <property name="file.reference.hk2-utils.jar" value="lib/lib_10/hk2-utils.jar" />
    <property name="file.reference.asm-all-repackaged.jar" value="lib/lib_10/asm-all-repackaged.jar" />
    <property name="basedir" value="/Users/marchins/NetBeansProjects/AppClientMDB" />
    <property name="libs.primefaces.maven-pom" value="" />
    <property name="file.reference.container-common.jar" value="lib/lib_10/container-common.jar" />
    <property name="libs.javaee-api-6.0.maven-pom" value="" />
    <property name="java.vm.info" value="mixed mode" />
    <property name="libs.jstl.maven-pom" value="" />
    <property name="file.reference.jaxb-api-osgi.jar" value="lib/lib_10/jaxb-api-osgi.jar" />
    <property name="ant.file.type.AppClientMDB-impl" value="file" />
    <property name="java.vendor.url.bug" value="http://bugreport.sun.com/bugreport/" />
    <property name="resource.dir" value="setup" />
    <property name="file.reference.metro-glue.jar" value="lib/lib_10/metro-glue.jar" />
    <property name="file.reference.org.eclipse.persistence.asm.jar" value="lib/lib_10/org.eclipse.persistence.asm.jar" />
    <property name="libs.junit.classpath" value="/Applications/NetBeans/NetBeans 8.0.app/Contents/Resources/NetBeans/java/modules/ext/junit-3.8.2.jar" />
    <property name="file.reference.class-model.jar" value="lib/lib_10/class-model.jar" />
    <property name="includes" value="**" />
    <property name="file.reference.ant.jar" value="lib/lib_10/ant.jar" />
    <property name="file.reference.osgi-web-container.jar" value="lib/lib_10/osgi-web-container.jar" />
    <property name="java.ext.dirs" value="/Users/marchins/Library/Java/Extensions:/Library/Java/JavaVirtualMachines/jdk1.7.0_51.jdk/Contents/Home/jre/lib/ext:/Library/Java/Extensions:/Network/Library/Java/Extensions:/System/Library/Java/Extensions:/usr/lib/java" />
    <property name="libs.javaee-api-7.0.maven-pom" value="" />
    <property name="libs.hibernate4-persistence.maven-pom" value="" />
    <property name="path.separator" value=":" />
    <property name="reference.ServerMDBRemoteInterface.jar" value="../ServerMDBRemoteInterface/dist/ServerMDBRemoteInterface.jar" />
    <property name="libs.Comet-GlassFish-v3.src" value="" />
    <property name="have.tests" value="true" />
    <property name="file.reference.javax.annotation-api.jar" value="lib/lib_10/javax.annotation-api.jar" />
    <property name="dist.javadoc.dir" value="dist/javadoc" />
    <property name="libs.testng.maven-pom" value="" />
    <property name="file.separator" value="/" />
    <property name="file.reference.appclient-server-core.jar" value="lib/lib_10/appclient-server-core.jar" />
    <property name="file.reference.cmp-generator-database.jar" value="lib/lib_10/cmp-generator-database.jar" />
    <property name="file.reference.javax.enterprise.deploy-api.jar" value="lib/lib_10/javax.enterprise.deploy-api.jar" />
    <property name="libs.jaxb.classpath" value="/Applications/NetBeans/NetBeans 8.0.app/Contents/Resources/NetBeans/ide/modules/ext/jaxb/jaxb-impl.jar:/Applications/NetBeans/NetBeans 8.0.app/Contents/Resources/NetBeans/ide/modules/ext/jaxb/jaxb-xjc.jar:/Applications/NetBeans/NetBeans 8.0.app/Contents/Resources/NetBeans/ide/modules/ext/jaxb/jaxb1-impl.jar:/Applications/NetBeans/NetBeans 8.0.app/Contents/Resources/NetBeans/ide/modules/ext/jaxb/activation.jar:/Applications/NetBeans/NetBeans 8.0.app/Contents/Resources/NetBeans/ide/modules/ext/jaxb/api/jaxb-api.jar:/Applications/NetBeans/NetBeans 8.0.app/Contents/Resources/NetBeans/ide/modules/ext/jaxb/api/jsr173_1.0_api.jar" />
    <property name="file.reference.osgi-javaee-base.jar" value="lib/lib_10/osgi-javaee-base.jar" />
    <property name="file.reference.console-ejb-plugin.jar" value="lib/lib_10/console-ejb-plugin.jar" />
    <property name="awt.toolkit" value="sun.lwawt.macosx.LWCToolkit" />
    <property name="file.reference.stats77.jar" value="lib/lib_10/stats77.jar" />
    <property name="apple.laf.useScreenMenuBar" value="true" />
    <property name="file.reference.appclient.security.jar" value="lib/lib_10/appclient.security.jar" />
    <property name="jna.platform.library.path" value="/usr/lib:/usr/lib" />
    <property name="platform.javadoc.tmp" value="${platforms.JDK_1.7.0_51.javadoc}" />
    <property name="forceRedeploy" value="false" />
    <property name="j2ee.appclient.tool.mainclass" value="org.glassfish.appclient.client.AppClientFacade" />
    <property name="j2ee.platform.wsgen.classpath" value="/Applications/NetBeans/glassfish-4.0/glassfish/modules/webservices-osgi.jar:/Applications/NetBeans/glassfish-4.0/glassfish/modules/endorsed/webservices-api-osgi.jar:/Applications/NetBeans/glassfish-4.0/glassfish/modules/jaxb-osgi.jar:/Applications/NetBeans/glassfish-4.0/glassfish/modules/endorsed/jaxb-api-osgi.jar" />
    <property name="file.reference.security-ee.jar" value="lib/lib_10/security-ee.jar" />
    <property name="annotation.processing.run.all.processors" value="true" />
    <property name="libs.eclipselink.maven-pom" value="" />
    <property name="file.reference.glassfish-naming.jar" value="lib/lib_10/glassfish-naming.jar" />
    <property name="libs.restlib.src" value="" />
    <property name="libs.spring-framework400.javadoc" value="" />
    <property name="file.reference.jsftemplating.jar" value="lib/lib_10/jsftemplating.jar" />
    <property name="file.reference.console-plugin-service.jar" value="lib/lib_10/console-plugin-service.jar" />
    <property name="file.reference.ha-file-store.jar" value="lib/lib_10/ha-file-store.jar" />
    <property name="file.reference.backup.jar" value="lib/lib_10/backup.jar" />
    <property name="libs.swing-layout.classpath" value="/Applications/NetBeans/NetBeans 8.0.app/Contents/Resources/NetBeans/platform/modules/ext/swing-layout-1.0.4.jar" />
    <property name="file.reference.javax.servlet.jsp-api.jar" value="lib/lib_10/javax.servlet.jsp-api.jar" />
    <property name="libs.spring-framework400.src" value="" />
    <property name="file.reference.j-interop-repackaged.jar" value="lib/lib_10/j-interop-repackaged.jar" />
    <property name="file.reference.slf4j-api-1.7.7.jar" value="lib/slf4j-api-1.7.7.jar" />
    <property name="file.reference.orb-iiop.jar" value="lib/lib_10/orb-iiop.jar" />
    <property name="platform.java" value="/Library/Java/JavaVirtualMachines/jdk1.7.0_51.jdk/Contents/Home/bin/java" />
    <property name="sun.java.launcher" value="SUN_STANDARD" />
    <property name="j2ee.platform" value="1.7" />
  </properties>
  <testcase classname="Test.AggiungiLibroTest" name="test1" time="0.408" />
  <testcase classname="Test.AggiungiLibroTest" name="test2" time="0.144" />
  <testcase classname="Test.AggiungiLibroTest" name="test3" time="0.254" />
  <testcase classname="Test.CreaCategoriaTest" name="test1" time="0.072" />
  <testcase classname="Test.CreaCategoriaTest" name="test2" time="0.149" />
  <testcase classname="Test.CreaCategoriaTest" name="test3" time="0.065" />
  <testcase classname="Test.LoginTest" name="test6" time="0.007" />
  <testcase classname="Test.LoginTest" name="test7" time="0.004" />
  <testcase classname="Test.LoginTest" name="test4" time="0.006" />
  <testcase classname="Test.LoginTest" name="test9" time="0.004" />
  <testcase classname="Test.LoginTest" name="test8" time="0.003" />
  <testcase classname="Test.LoginTest" name="test5" time="0.004" />
  <testcase classname="Test.LoginTest" name="test10" time="0.005" />
  <testcase classname="Test.LoginTest" name="test1" time="0.061" />
  <testcase classname="Test.LoginTest" name="test2" time="0.02" />
  <testcase classname="Test.LoginTest" name="test3" time="0.003" />
  <testcase classname="Test.ModificaInformazioniLibroTest" name="test1" time="0.083" />
  <testcase classname="Test.ModificaInformazioniLibroTest" name="test2" time="0.085" />
  <testcase classname="Test.RegistrazioneTest" name="test6" time="0.003" />
  <testcase classname="Test.RegistrazioneTest" name="test7" time="0.003" />
  <testcase classname="Test.RegistrazioneTest" name="test4" time="0.002" />
  <testcase classname="Test.RegistrazioneTest" name="test9" time="0.003" />
  <testcase classname="Test.RegistrazioneTest" name="test8" time="0.003" />
  <testcase classname="Test.RegistrazioneTest" name="test5" time="0.003" />
  <testcase classname="Test.RegistrazioneTest" name="test10" time="0.004" />
  <testcase classname="Test.RegistrazioneTest" name="test11" time="0.003" />
  <testcase classname="Test.RegistrazioneTest" name="test12" time="0.003" />
  <testcase classname="Test.RegistrazioneTest" name="test13" time="0.004" />
  <testcase classname="Test.RegistrazioneTest" name="test14" time="0.003" />
  <testcase classname="Test.RegistrazioneTest" name="test15" time="0.002" />
  <testcase classname="Test.RegistrazioneTest" name="test16" time="0.003" />
  <testcase classname="Test.RegistrazioneTest" name="test17" time="0.004" />
  <testcase classname="Test.RegistrazioneTest" name="test18" time="0.004" />
  <testcase classname="Test.RegistrazioneTest" name="test19" time="0.004" />
  <testcase classname="Test.RegistrazioneTest" name="test21" time="0.045" />
  <testcase classname="Test.RegistrazioneTest" name="test20" time="0.025" />
  <testcase classname="Test.RegistrazioneTest" name="test1" time="0.003" />
  <testcase classname="Test.RegistrazioneTest" name="test2" time="0.004" />
  <testcase classname="Test.RegistrazioneTest" name="test3" time="0.003" />
  <testcase classname="Test.RicercaGoogleBooksTest" name="test10" time="0.034" />
  <testcase classname="Test.RicercaGoogleBooksTest" name="test11" time="0.03" />
  <testcase classname="Test.RicercaGoogleBooksTest" name="test12" time="0.028" />
  <testcase classname="Test.RicercaGoogleBooksTest" name="test13" time="0.028" />
  <testcase classname="Test.RicercaGoogleBooksTest" name="test14" time="0.03" />
  <testcase classname="Test.RicercaGoogleBooksTest" name="test15" time="0.029" />
  <testcase classname="Test.RicercaGoogleBooksTest" name="test16" time="0.029" />
  <testcase classname="Test.RicercaGoogleBooksTest" name="test17" time="0.03" />
  <testcase classname="Test.RicercaGoogleBooksTest" name="test18" time="0.029" />
  <testcase classname="Test.RicercaGoogleBooksTest" name="test19" time="0.028" />
  <testcase classname="Test.RicercaGoogleBooksTest" name="test21" time="0.032" />
  <testcase classname="Test.RicercaGoogleBooksTest" name="test20" time="0.029" />
  <testcase classname="Test.RicercaGoogleBooksTest" name="test1" time="0.628" />
  <testcase classname="Test.RicercaGoogleBooksTest" name="test2" time="0.336" />
  <testcase classname="Test.RicercaLibroNellaLibreriaTest" name="test1" time="0.181" />
  <testcase classname="Test.RimuoviCategoriaTest" name="test1" time="0.099" />
  <testcase classname="Test.RimuoviCategoriaTest" name="test2" time="0.21" />
  <testcase classname="Test.RimuoviLibroTest" name="test1" time="0.145" />
  <testcase classname="Test.RimuoviLibroTest" name="test2" time="0.164" />
  <testcase classname="Test.VisualizzaElencoCategorieTest" name="test1" time="0.019" />
  <testcase classname="Test.VisualizzaElencoCategorieTest" name="test2" time="0.133" />
  <testcase classname="Test.VisualizzaLibreriaTest" name="test1" time="0.029" />
  <testcase classname="Test.VisualizzaLibreriaTest" name="test2" time="0.192" />
  <testcase classname="Test.VisualizzaSchedaLibroTest" name="test1" time="0.083" />
  <system-out><![CDATA[[EL Info]: 2014-06-19 15:21:48.524--ServerSession(1360057891)--EclipseLink, version: Eclipse Persistence Services - 2.5.1.v20130918-f2b9fc5
[EL Info]: connection: 2014-06-19 15:21:48.694--ServerSession(1360057891)--file:/Users/marchins/NetBeansProjects/AppClientMDB/build/jar/_ClientMDBPU login successful
Registrazione avvenuta con successo
Registrazione avvenuta con successo
Registrazione avvenuta con successo
Registrazione avvenuta con successo
Registrazione avvenuta con successo
Registrazione avvenuta con successo
Registrazione avvenuta con successo
Registrazione avvenuta con successo
Registrazione avvenuta con successo
Categoria rimossa con successo!
Categoria rimossa con successo!
Categoria rimossa con successo!
Registrazione avvenuta con successo
Registrazione avvenuta con successo
Registrazione avvenuta con successo
Registrazione avvenuta con successo
]]></system-out>
  <system-err><![CDATA[log4j:WARN No appenders could be found for logger (org.jboss.logging).
log4j:WARN Please initialize the log4j system properly.
log4j:WARN See http://logging.apache.org/log4j/1.2/faq.html#noconfig for more info.
]]></system-err>
</testsuite>
